#
# A fatal error has been detected by the Java Runtime Environment:
#
#  SIGSEGV (0xb) at pc=0x00007f406d3ccc7e, pid=13510, tid=0x00007f407c245700
#
# JRE version: OpenJDK Runtime Environment (8.0_171-b11) (build 1.8.0_171-8u171-b11-0ubuntu0.16.04.1-b11)
# Java VM: OpenJDK 64-Bit Server VM (25.171-b11 mixed mode linux-amd64 compressed oops)
# Problematic frame:
# V  [libjvm.so+0x672c7e]
#
# Failed to write core dump. Core dumps have been disabled. To enable core dumping, try "ulimit -c unlimited" before starting Java again
#
# If you would like to submit a bug report, please visit:
#   http://bugreport.java.com/bugreport/crash.jsp
#

---------------  T H R E A D  ---------------

Current thread (0x00000000029e2800):  JavaThread "main" [_thread_in_vm, id=13510, stack(0x00007ffe20ab6000,0x00007ffe20bb6000)]

siginfo: si_signo: 11 (SIGSEGV), si_code: 1 (SEGV_MAPERR), si_addr: 0x0000000000000000

Registers:
RAX=0x00007f406dc789c9, RBX=0x00000000029e2800, RCX=0x0000000000000000, RDX=0x00007f406dc7e5f8
RSP=0x00007ffe20bb34d0, RBP=0x00007ffe20bb34f0, RSI=0x0000000000000000, RDI=0x00000000029e2800
R8 =0x00007f407be21780, R9 =0x00007f407c245700, R10=0x0000000000000001, R11=0x0000000000000000
R12=0x00000000029e29e0, R13=0x0000000000000000, R14=0x0000000000000000, R15=0x00007ffe20bb36b0
RIP=0x00007f406d3ccc7e, EFLAGS=0x0000000000010206, CSGSFS=0x0000000000000033, ERR=0x0000000000000004
  TRAPNO=0x000000000000000e

Top of Stack: (sp=0x00007ffe20bb34d0)
0x00007ffe20bb34d0:   000000000000000a 00007ffe20bb35a0
0x00007ffe20bb34e0:   0000000000000000 00007ffe20bb36a0
0x00007ffe20bb34f0:   00007ffe20bb3510 00007f406dca2fba
0x00007ffe20bb3500:   0000000000000000 00000000029e29e0
0x00007ffe20bb3510:   00007ffe20bb3570 00007f406dca34e7
0x00007ffe20bb3520:   0000000000a42101 00007f496cd56f40
0x00007ffe20bb3530:   0000000000000000 00000000029e29e0
0x00007ffe20bb3540:   00007f406cd581c0 00007f406cd56f40
0x00007ffe20bb3550:   00007f407be20620 00007f407bac881f
0x00007ffe20bb3560:   00007f406cd56f40 00007f406cae5e3e
0x00007ffe20bb3570:   00007ffe20bb3590 00007f406dca2680
0x00007ffe20bb3580:   0000000000000000 00007ffe20bb3608
0x00007ffe20bb3590:   00007ffe20bb35a0 00007f407a95fe20
0x00007ffe20bb35a0:   000000000000000e 00007ffe20bb36b0
0x00007ffe20bb35b0:   00007ffe20bb3680 00007f407a95f88b
0x00007ffe20bb35c0:   00007ffe20bb3610 00007ffe20bb3608
0x00007ffe20bb35d0:   00007ffe20bb36a0 00007f406dca2609
0x00007ffe20bb35e0:   00007ffe20bb36b0 00007ffe20bb34f0
0x00007ffe20bb35f0:   0000000020bb36e0 00007ffe20bb3740
0x00007ffe20bb3600:   00007f4000000000 0000000000000001
0x00007ffe20bb3610:   00007ffe00000001 ffffffffffffffff
0x00007ffe20bb3620:   fffffffffffffff8 37555a12cd53ff00
0x00007ffe20bb3630:   000000000249f480 00007ffe20bb3740
0x00007ffe20bb3640:   00007ffe20bb37a0 37555a12cd53ff00
0x00007ffe20bb3650:   00007ffe20bb36a0 00007ffe20bb3740
0x00007ffe20bb3660:   0000000000000000 00007ffe20bb36a0
0x00007ffe20bb3670:   0000000000000000 00007ffe20bb36b0
0x00007ffe20bb3680:   00007ffe20bb37a0 00007f407a95a01a
0x00007ffe20bb3690:   00007f407c1e3630 00000000005844d3
0x00007ffe20bb36a0:   00007f407c198ab0 37555a12cd53ff00
0x00007ffe20bb36b0:   0000000000000001 00007f407a959a1e
0x00007ffe20bb36c0:   00007f406e225558 00007f407a95a48c 

Instructions: (pc=0x00007f406d3ccc7e)
0x00007f406d3ccc5e:   ac de 00 00 74 0a 48 89 df 31 db e8 22 a0 39 00
0x00007f406d3ccc6e:   48 89 df e8 fa f4 ff ff 90 48 8d 05 4b bd 8a 00
0x00007f406d3ccc7e:   49 8b 55 00 80 38 01 48 19 c0 83 e0 04 44 8b 64
0x00007f406d3ccc8e:   02 0c 90 48 89 df e8 d7 f6 ff ff 48 83 c4 08 44 

Register to memory mapping:

RAX=0x00007f406dc789c9: <offset 0xf1e9c9> in /usr/lib/jvm/java-8-openjdk-amd64/jre/lib/amd64/server/libjvm.so at 0x00007f406cd5a000
RBX=0x00000000029e2800 is a thread
RCX=0x0000000000000000 is an unknown value
RDX=0x00007f406dc7e5f8: <offset 0xf245f8> in /usr/lib/jvm/java-8-openjdk-amd64/jre/lib/amd64/server/libjvm.so at 0x00007f406cd5a000
RSP=0x00007ffe20bb34d0 is pointing into the stack for thread: 0x00000000029e2800
RBP=0x00007ffe20bb34f0 is pointing into the stack for thread: 0x00000000029e2800
RSI=0x0000000000000000 is an unknown value
RDI=0x00000000029e2800 is a thread
R8 =0x00007f407be21780: <offset 0x3c6780> in /lib/x86_64-linux-gnu/libc.so.6 at 0x00007f407ba5b000
R9 =0x00007f407c245700 is an unknown value
R10=0x0000000000000001 is an unknown value
R11=0x0000000000000000 is an unknown value
R12=0x00000000029e29e0 is an unknown value
R13=0x0000000000000000 is an unknown value
R14=0x0000000000000000 is an unknown value
R15=0x00007ffe20bb36b0 is pointing into the stack for thread: 0x00000000029e2800


Stack: [0x00007ffe20ab6000,0x00007ffe20bb6000],  sp=0x00007ffe20bb34d0,  free space=1013k
Native frames: (J=compiled Java code, j=interpreted, Vv=VM code, C=native code)
V  [libjvm.so+0x672c7e]
C  [libAmiCoPyJava.so+0x3fba]  JNIEnv_::GetArrayLength(_jarray*)+0x2e
C  [libAmiCoPyJava.so+0x44e7]  _object* convertJavaArrayToPythonArray<_jintArray*, int>(JNIEnv_*, _jintArray*, char)+0x28
C  [libAmiCoPyJava.so+0x3680]  getEvaluationInfo+0x77
C  [_ctypes.cpython-35m-x86_64-linux-gnu.so+0x1be20]  ffi_call_unix64+0x4c
C  0x00007ffe20bb36b0


---------------  P R O C E S S  ---------------

Java Threads: ( => current thread )
  0x0000000002f24000 JavaThread "AWT-EventQueue-0" [_thread_blocked, id=13530, stack(0x00007f401e794000,0x00007f401e895000)]
  0x0000000002f22000 JavaThread "AWT-Shutdown" [_thread_blocked, id=13529, stack(0x00007f401e895000,0x00007f401e996000)]
  0x0000000002e7b000 JavaThread "AWT-XAWT" daemon [_thread_in_native, id=13528, stack(0x00007f401efc1000,0x00007f401f0c2000)]
  0x0000000002e45000 JavaThread "Java2D Disposer" daemon [_thread_blocked, id=13527, stack(0x00007f40540a8000,0x00007f40541a9000)]
  0x0000000002c50000 JavaThread "Service Thread" daemon [_thread_blocked, id=13525, stack(0x00007f405563b000,0x00007f405573c000)]
  0x0000000002c3b000 JavaThread "C1 CompilerThread2" daemon [_thread_blocked, id=13524, stack(0x00007f405573c000,0x00007f405583d000)]
  0x0000000002c39000 JavaThread "C2 CompilerThread1" daemon [_thread_blocked, id=13523, stack(0x00007f405583d000,0x00007f405593e000)]
  0x0000000002c36800 JavaThread "C2 CompilerThread0" daemon [_thread_blocked, id=13522, stack(0x00007f405593e000,0x00007f4055a3f000)]
  0x0000000002c35000 JavaThread "Signal Dispatcher" daemon [_thread_blocked, id=13521, stack(0x00007f4055a3f000,0x00007f4055b40000)]
  0x0000000002c03800 JavaThread "Finalizer" daemon [_thread_blocked, id=13520, stack(0x00007f4055b40000,0x00007f4055c41000)]
  0x0000000002bff000 JavaThread "Reference Handler" daemon [_thread_blocked, id=13519, stack(0x00007f4055c41000,0x00007f4055d42000)]
=>0x00000000029e2800 JavaThread "main" [_thread_in_vm, id=13510, stack(0x00007ffe20ab6000,0x00007ffe20bb6000)]

Other Threads:
  0x0000000002bf7800 VMThread [stack: 0x00007f4055d42000,0x00007f4055e43000] [id=13518]
  0x0000000002c52800 WatcherThread [stack: 0x00007f405553a000,0x00007f405563b000] [id=13526]

VM state:not at safepoint (normal execution)

VM Mutex/Monitor currently owned by a thread: None

Heap:
 PSYoungGen      total 36864K, used 26583K [0x00000000d7100000, 0x00000000d9a00000, 0x0000000100000000)
  eden space 31744K, 83% used [0x00000000d7100000,0x00000000d8af5d40,0x00000000d9000000)
  from space 5120K, 0% used [0x00000000d9500000,0x00000000d9500000,0x00000000d9a00000)
  to   space 5120K, 0% used [0x00000000d9000000,0x00000000d9000000,0x00000000d9500000)
 ParOldGen       total 84992K, used 0K [0x0000000085200000, 0x000000008a500000, 0x00000000d7100000)
  object space 84992K, 0% used [0x0000000085200000,0x0000000085200000,0x000000008a500000)
 Metaspace       used 11624K, capacity 11846K, committed 12160K, reserved 1060864K
  class space    used 1232K, capacity 1294K, committed 1408K, reserved 1048576K

Card table byte_map: [0x00007f405bf99000,0x00007f405c371000] byte_map_base: 0x00007f405bb70000

Marking Bits: (ParMarkBitMap*) 0x00007f406dc82320
 Begin Bits: [0x00007f4057b95000, 0x00007f4059a4d000)
 End Bits:   [0x00007f4059a4d000, 0x00007f405b905000)

Polling page: 0x00007f407c25e000

CodeCache: size=245760Kb used=4005Kb max_used=4015Kb free=241754Kb
 bounds [0x00007f405c731000, 0x00007f405cb21000, 0x00007f406b731000]
 total_blobs=1530 nmethods=1013 adapters=432
 compilation: enabled

Compilation events (10 events):
Event: 20,834 Thread 0x0000000002c3b000 1009       3       ch.idsia.benchmark.mario.engine.LevelRenderer::render (878 bytes)
Event: 20,837 Thread 0x0000000002c3b000 nmethod 1009 0x00007f405cb19cd0 code [0x00007f405cb1a140, 0x00007f405cb1ca88]
Event: 20,872 Thread 0x0000000002c3b000 1010       3       ch.idsia.benchmark.mario.environments.MarioEnvironment::getLevelSceneObservationZ (225 bytes)
Event: 20,872 Thread 0x0000000002c3b000 nmethod 1010 0x00007f405cb0df10 code [0x00007f405cb0e100, 0x00007f405cb0e788]
Event: 21,161 Thread 0x0000000002c36800 1011       4       ch.idsia.benchmark.mario.engine.level.Level::getBlock (51 bytes)
Event: 21,163 Thread 0x0000000002c36800 nmethod 1011 0x00007f405cb10b90 code [0x00007f405cb10ce0, 0x00007f405cb10dd8]
Event: 21,283 Thread 0x0000000002c36800 1012       4       ch.idsia.benchmark.mario.engine.level.Level::getSpriteTemplate (41 bytes)
Event: 21,284 Thread 0x0000000002c36800 nmethod 1012 0x00007f405cb0dbd0 code [0x00007f405cb0dd20, 0x00007f405cb0de18]
Event: 21,364 Thread 0x0000000002c3b000 1013       1       java.net.URLClassLoader::access$000 (5 bytes)
Event: 21,365 Thread 0x0000000002c3b000 nmethod 1013 0x00007f405cb0d910 code [0x00007f405cb0da60, 0x00007f405cb0db50]

GC Heap History (0 events):
No events

Deoptimization events (10 events):
Event: 20,667 Thread 0x00000000029e2800 Uncommon trap: reason=unstable_if action=reinterpret pc=0x00007f405caebca8 method=ch.idsia.benchmark.mario.engine.level.Level.getSpriteTemplate(II)Lch/idsia/benchmark/mario/engine/level/SpriteTemplate; @ 17
Event: 20,667 Thread 0x00000000029e2800 Uncommon trap: reason=unstable_if action=reinterpret pc=0x00007f405ca02260 method=ch.idsia.benchmark.mario.engine.level.Level.getBlock(II)B @ 17
Event: 20,667 Thread 0x00000000029e2800 Uncommon trap: reason=unstable_if action=reinterpret pc=0x00007f405ca05f98 method=ch.idsia.benchmark.mario.engine.level.Level.getSpriteTemplate(II)Lch/idsia/benchmark/mario/engine/level/SpriteTemplate; @ 17
Event: 20,708 Thread 0x00000000029e2800 Uncommon trap: reason=unstable_if action=reinterpret pc=0x00007f405cac54d4 method=ch.idsia.benchmark.mario.engine.level.Level.getSpriteTemplate(II)Lch/idsia/benchmark/mario/engine/level/SpriteTemplate; @ 17
Event: 20,716 Thread 0x00000000029e2800 Uncommon trap: reason=unstable_if action=reinterpret pc=0x00007f405caef6ac method=ch.idsia.benchmark.mario.engine.level.Level.getBlock(II)B @ 17
Event: 20,790 Thread 0x00000000029e2800 Uncommon trap: reason=unstable_if action=reinterpret pc=0x00007f405cae9440 method=ch.idsia.benchmark.mario.environments.MarioEnvironment.getLevelSceneObservationZ(I)[[B @ 71
Event: 20,790 Thread 0x00000000029e2800 Uncommon trap: reason=unstable_if action=reinterpret pc=0x00007f405cad3ef0 method=ch.idsia.benchmark.mario.environments.MarioEnvironment.getEnemiesObservationZ(I)[[B @ 237
Event: 20,834 Thread 0x00000000029e2800 Uncommon trap: reason=unstable_if action=reinterpret pc=0x00007f405cacbff8 method=ch.idsia.benchmark.mario.engine.level.Level.getBlock(II)B @ 17
Event: 20,872 Thread 0x00000000029e2800 Uncommon trap: reason=unstable_if action=reinterpret pc=0x00007f405cad7e98 method=ch.idsia.benchmark.mario.environments.MarioEnvironment.getLevelSceneObservationZ(I)[[B @ 71
Event: 21,323 Thread 0x00000000029e2800 Uncommon trap: reason=unstable_if action=reinterpret pc=0x00007f405caffcf8 method=ch.idsia.benchmark.mario.engine.level.Level.getBlock(II)B @ 17

Classes redefined (0 events):
No events

Internal exceptions (10 events):
Event: 0,162 Thread 0x00000000029e2800 Exception <a 'java/lang/NoSuchFieldError': method resolution failed> (0x00000000d7432550) thrown at [/build/openjdk-8-wnL82d/openjdk-8-8u171-b11/src/hotspot/src/share/vm/prims/methodHandles.cpp, line 1167]
Event: 0,164 Thread 0x00000000029e2800 Exception <a 'java/lang/NoSuchFieldError': method resolution failed> (0x00000000d743fca0) thrown at [/build/openjdk-8-wnL82d/openjdk-8-8u171-b11/src/hotspot/src/share/vm/prims/methodHandles.cpp, line 1167]
Event: 0,180 Thread 0x00000000029e2800 Exception <a 'java/io/FileNotFoundException'> (0x00000000d74bf930) thrown at [/build/openjdk-8-wnL82d/openjdk-8-8u171-b11/src/hotspot/src/share/vm/prims/jni.cpp, line 709]
Event: 0,180 Thread 0x00000000029e2800 Exception <a 'java/io/FileNotFoundException'> (0x00000000d74c0420) thrown at [/build/openjdk-8-wnL82d/openjdk-8-8u171-b11/src/hotspot/src/share/vm/prims/jni.cpp, line 709]
Event: 0,197 Thread 0x00000000029e2800 Exception <a 'java/lang/ClassNotFoundException': sun/dc/DuctusRenderingEngine> (0x00000000d752e2d8) thrown at [/build/openjdk-8-wnL82d/openjdk-8-8u171-b11/src/hotspot/src/share/vm/classfile/systemDictionary.cpp, line 210]
Event: 0,263 Thread 0x00000000029e2800 Exception <a 'java/security/PrivilegedActionException'> (0x00000000d77f2080) thrown at [/build/openjdk-8-wnL82d/openjdk-8-8u171-b11/src/hotspot/src/share/vm/prims/jvm.cpp, line 1435]
Event: 0,263 Thread 0x00000000029e2800 Exception <a 'java/security/PrivilegedActionException'> (0x00000000d77f2478) thrown at [/build/openjdk-8-wnL82d/openjdk-8-8u171-b11/src/hotspot/src/share/vm/prims/jvm.cpp, line 1435]
Event: 0,535 Thread 0x0000000002f24000 Exception <a 'java/lang/UnsupportedOperationException': > (0x00000000d825b188) thrown at [/build/openjdk-8-wnL82d/openjdk-8-8u171-b11/src/hotspot/src/share/vm/prims/jni.cpp, line 735]
Event: 0,540 Thread 0x00000000029e2800 Exception <a 'java/lang/NoClassDefFoundError': org/objectweb/asm/tree/AbstractInsnNode> (0x00000000d836cfd8) thrown at [/build/openjdk-8-wnL82d/openjdk-8-8u171-b11/src/hotspot/src/share/vm/classfile/systemDictionary.cpp, line 199]
Event: 21,365 Thread 0x00000000029e2800 Exception <a 'java/lang/NoClassDefFoundError': org/objectweb/asm/tree/AbstractInsnNode> (0x00000000d8a6cdb0) thrown at [/build/openjdk-8-wnL82d/openjdk-8-8u171-b11/src/hotspot/src/share/vm/classfile/systemDictionary.cpp, line 199]

Events (10 events):
Event: 20,834 Thread 0x00000000029e2800 DEOPT PACKING pc=0x00007f405cacbff8 sp=0x00007ffe20bb2c50
Event: 20,834 Thread 0x00000000029e2800 DEOPT UNPACKING pc=0x00007f405c77647a sp=0x00007ffe20bb2be8 mode 2
Event: 20,872 Thread 0x00000000029e2800 Uncommon trap: trap_request=0xffffff65 fr.pc=0x00007f405cad7e98
Event: 20,872 Thread 0x00000000029e2800 DEOPT PACKING pc=0x00007f405cad7e98 sp=0x00007ffe20bb2ec0
Event: 20,872 Thread 0x00000000029e2800 DEOPT UNPACKING pc=0x00007f405c77647a sp=0x00007ffe20bb2ea0 mode 2
Event: 21,323 Thread 0x00000000029e2800 Uncommon trap: trap_request=0xffffff65 fr.pc=0x00007f405caffcf8
Event: 21,323 Thread 0x00000000029e2800 DEOPT PACKING pc=0x00007f405caffcf8 sp=0x00007ffe20bb2b50
Event: 21,323 Thread 0x00000000029e2800 DEOPT UNPACKING pc=0x00007f405c77647a sp=0x00007ffe20bb2a80 mode 2
Event: 21,364 loading class org/objectweb/asm/tree/AbstractInsnNode
Event: 21,364 loading class org/objectweb/asm/tree/AbstractInsnNode done


Dynamic libraries:
00400000-007a9000 r-xp 00000000 08:16 6295906                            /usr/bin/python3.5
009a9000-009ab000 r--p 003a9000 08:16 6295906                            /usr/bin/python3.5
009ab000-00a42000 rw-p 003ab000 08:16 6295906                            /usr/bin/python3.5
00a42000-00a73000 rw-p 00000000 00:00 0 
0249e000-02f8e000 rw-p 00000000 00:00 0                                  [heap]
85200000-8a500000 rw-p 00000000 00:00 0 
8a500000-d7100000 ---p 00000000 00:00 0 
d7100000-d9a00000 rw-p 00000000 00:00 0 
d9a00000-100000000 ---p 00000000 00:00 0 
100000000-100160000 rw-p 00000000 00:00 0 
100160000-140000000 ---p 00000000 00:00 0 
7f4004000000-7f4004021000 rw-p 00000000 00:00 0 
7f4004021000-7f4008000000 ---p 00000000 00:00 0 
7f400c000000-7f400c021000 rw-p 00000000 00:00 0 
7f400c021000-7f4010000000 ---p 00000000 00:00 0 
7f4010000000-7f4010021000 rw-p 00000000 00:00 0 
7f4010021000-7f4014000000 ---p 00000000 00:00 0 
7f4014fff000-7f4018000000 rw-p 00000000 00:00 0 
7f4018000000-7f4018021000 rw-p 00000000 00:00 0 
7f4018021000-7f401c000000 ---p 00000000 00:00 0 
7f401e594000-7f401e614000 rw-p 00000000 00:00 0 
7f401e614000-7f401e794000 ---p 00000000 00:00 0 
7f401e794000-7f401e797000 ---p 00000000 00:00 0 
7f401e797000-7f401e895000 rw-p 00000000 00:00 0 
7f401e895000-7f401e898000 ---p 00000000 00:00 0 
7f401e898000-7f401eb96000 rw-p 00000000 00:00 0 
7f401eb96000-7f401ebac000 r-xp 00000000 08:16 6301775                    /usr/lib/jvm/java-8-openjdk-amd64/jre/lib/amd64/libnet.so
7f401ebac000-7f401edac000 ---p 00016000 08:16 6301775                    /usr/lib/jvm/java-8-openjdk-amd64/jre/lib/amd64/libnet.so
7f401edac000-7f401edad000 r--p 00016000 08:16 6301775                    /usr/lib/jvm/java-8-openjdk-amd64/jre/lib/amd64/libnet.so
7f401edad000-7f401edae000 rw-p 00017000 08:16 6301775                    /usr/lib/jvm/java-8-openjdk-amd64/jre/lib/amd64/libnet.so
7f401edae000-7f401edbf000 r-xp 00000000 08:16 6301781                    /usr/lib/jvm/java-8-openjdk-amd64/jre/lib/amd64/libnio.so
7f401edbf000-7f401efbf000 ---p 00011000 08:16 6301781                    /usr/lib/jvm/java-8-openjdk-amd64/jre/lib/amd64/libnio.so
7f401efbf000-7f401efc0000 r--p 00011000 08:16 6301781                    /usr/lib/jvm/java-8-openjdk-amd64/jre/lib/amd64/libnio.so
7f401efc0000-7f401efc1000 rw-p 00012000 08:16 6301781                    /usr/lib/jvm/java-8-openjdk-amd64/jre/lib/amd64/libnio.so
7f401efc1000-7f401efc4000 ---p 00000000 00:00 0 
7f401efc4000-7f401f0c2000 rw-p 00000000 00:00 0 
7f401f0c2000-7f401f0c7000 r-xp 00000000 08:16 6299941                    /usr/lib/x86_64-linux-gnu/libXfixes.so.3.1.0
7f401f0c7000-7f401f2c6000 ---p 00005000 08:16 6299941                    /usr/lib/x86_64-linux-gnu/libXfixes.so.3.1.0
7f401f2c6000-7f401f2c7000 r--p 00004000 08:16 6299941                    /usr/lib/x86_64-linux-gnu/libXfixes.so.3.1.0
7f401f2c7000-7f401f2c8000 rw-p 00005000 08:16 6299941                    /usr/lib/x86_64-linux-gnu/libXfixes.so.3.1.0
7f401f2c8000-7f401f2d1000 r-xp 00000000 08:16 6297463                    /usr/lib/x86_64-linux-gnu/libXcursor.so.1.0.2
7f401f2d1000-7f401f4d0000 ---p 00009000 08:16 6297463                    /usr/lib/x86_64-linux-gnu/libXcursor.so.1.0.2
7f401f4d0000-7f401f4d1000 r--p 00008000 08:16 6297463                    /usr/lib/x86_64-linux-gnu/libXcursor.so.1.0.2
7f401f4d1000-7f401f4d2000 rw-p 00009000 08:16 6297463                    /usr/lib/x86_64-linux-gnu/libXcursor.so.1.0.2
7f401f4d2000-7f401f4f6000 r-xp 00000000 08:16 2364015                    /lib/x86_64-linux-gnu/libpng12.so.0.54.0
7f401f4f6000-7f401f6f5000 ---p 00024000 08:16 2364015                    /lib/x86_64-linux-gnu/libpng12.so.0.54.0
7f401f6f5000-7f401f6f6000 r--p 00023000 08:16 2364015                    /lib/x86_64-linux-gnu/libpng12.so.0.54.0
7f401f6f6000-7f401f6f7000 rw-p 00024000 08:16 2364015                    /lib/x86_64-linux-gnu/libpng12.so.0.54.0
7f401f6f7000-7f401f79b000 r-xp 00000000 08:16 6291656                    /usr/lib/x86_64-linux-gnu/libfreetype.so.6.12.1
7f401f79b000-7f401f99a000 ---p 000a4000 08:16 6291656                    /usr/lib/x86_64-linux-gnu/libfreetype.so.6.12.1
7f401f99a000-7f401f9a0000 r--p 000a3000 08:16 6291656                    /usr/lib/x86_64-linux-gnu/libfreetype.so.6.12.1
7f401f9a0000-7f401f9a1000 rw-p 000a9000 08:16 6291656                    /usr/lib/x86_64-linux-gnu/libfreetype.so.6.12.1
7f401f9a1000-7f401f9f3000 r-xp 00000000 08:16 6301750                    /usr/lib/jvm/java-8-openjdk-amd64/jre/lib/amd64/libfontmanager.so
7f401f9f3000-7f401fbf3000 ---p 00052000 08:16 6301750                    /usr/lib/jvm/java-8-openjdk-amd64/jre/lib/amd64/libfontmanager.so
7f401fbf3000-7f401fbf5000 r--p 00052000 08:16 6301750                    /usr/lib/jvm/java-8-openjdk-amd64/jre/lib/amd64/libfontmanager.so
7f401fbf5000-7f401fbf6000 rw-p 00054000 08:16 6301750                    /usr/lib/jvm/java-8-openjdk-amd64/jre/lib/amd64/libfontmanager.so
7f401fbf6000-7f401fbfb000 r-xp 00000000 08:16 6299937                    /usr/lib/x86_64-linux-gnu/libXdmcp.so.6.0.0
7f401fbfb000-7f401fdfa000 ---p 00005000 08:16 6299937                    /usr/lib/x86_64-linux-gnu/libXdmcp.so.6.0.0
7f401fdfa000-7f401fdfb000 r--p 00004000 08:16 6299937                    /usr/lib/x86_64-linux-gnu/libXdmcp.so.6.0.0
7f401fdfb000-7f401fdfc000 rw-p 00005000 08:16 6299937                    /usr/lib/x86_64-linux-gnu/libXdmcp.so.6.0.0
7f401fdfc000-7f401fdfe000 r-xp 00000000 08:16 6299926                    /usr/lib/x86_64-linux-gnu/libXau.so.6.0.0
7f401fdfe000-7f401fffe000 ---p 00002000 08:16 6299926                    /usr/lib/x86_64-linux-gnu/libXau.so.6.0.0
7f401fffe000-7f401ffff000 r--p 00002000 08:16 6299926                    /usr/lib/x86_64-linux-gnu/libXau.so.6.0.0
7f401ffff000-7f4020000000 rw-p 00003000 08:16 6299926                    /usr/lib/x86_64-linux-gnu/libXau.so.6.0.0
7f4020000000-7f4020021000 rw-p 00000000 00:00 0 
7f4020021000-7f4024000000 ---p 00000000 00:00 0 
7f4024000000-7f4024021000 rw-p 00000000 00:00 0 
7f4024021000-7f4028000000 ---p 00000000 00:00 0 
7f4028000000-7f4028398000 rw-p 00000000 00:00 0 
7f4028398000-7f402c000000 ---p 00000000 00:00 0 
7f402c000000-7f402c42b000 rw-p 00000000 00:00 0 
7f402c42b000-7f4030000000 ---p 00000000 00:00 0 
7f4030000000-7f4030021000 rw-p 00000000 00:00 0 
7f4030021000-7f4034000000 ---p 00000000 00:00 0 
7f4034000000-7f4034479000 rw-p 00000000 00:00 0 
7f4034479000-7f4038000000 ---p 00000000 00:00 0 
7f4038000000-7f4038021000 rw-p 00000000 00:00 0 
7f4038021000-7f403c000000 ---p 00000000 00:00 0 
7f403c000000-7f403c021000 rw-p 00000000 00:00 0 
7f403c021000-7f4040000000 ---p 00000000 00:00 0 
7f4040000000-7f4040021000 rw-p 00000000 00:00 0 
7f4040021000-7f4044000000 ---p 00000000 00:00 0 
7f4044000000-7f4044021000 rw-p 00000000 00:00 0 
7f4044021000-7f4048000000 ---p 00000000 00:00 0 
7f4048000000-7f4048021000 rw-p 00000000 00:00 0 
7f4048021000-7f404c000000 ---p 00000000 00:00 0 
7f404c000000-7f404c021000 rw-p 00000000 00:00 0 
7f404c021000-7f4050000000 ---p 00000000 00:00 0 
7f4050000000-7f4050021000 rw-p 00000000 00:00 0 
7f4050021000-7f4054000000 ---p 00000000 00:00 0 
7f405405d000-7f40540a8000 rw-s 00000000 00:05 9994271                    /SYSV00000000 (deleted)
7f40540a8000-7f40540ab000 ---p 00000000 00:00 0 
7f40540ab000-7f40541a9000 rw-p 00000000 00:00 0 
7f40541a9000-7f40541cf000 r--p 00000000 08:16 7618160                    /usr/share/locale-langpack/fr/LC_MESSAGES/libc.mo
7f40541cf000-7f40541f0000 r-xp 00000000 08:16 6301304                    /usr/lib/x86_64-linux-gnu/libxcb.so.1.1.0
7f40541f0000-7f40543ef000 ---p 00021000 08:16 6301304                    /usr/lib/x86_64-linux-gnu/libxcb.so.1.1.0
7f40543ef000-7f40543f0000 r--p 00020000 08:16 6301304                    /usr/lib/x86_64-linux-gnu/libxcb.so.1.1.0
7f40543f0000-7f40543f1000 rw-p 00021000 08:16 6301304                    /usr/lib/x86_64-linux-gnu/libxcb.so.1.1.0
7f40543f1000-7f4054400000 r-xp 00000000 08:16 6299947                    /usr/lib/x86_64-linux-gnu/libXi.so.6.1.0
7f4054400000-7f40545ff000 ---p 0000f000 08:16 6299947                    /usr/lib/x86_64-linux-gnu/libXi.so.6.1.0
7f40545ff000-7f4054600000 r--p 0000e000 08:16 6299947                    /usr/lib/x86_64-linux-gnu/libXi.so.6.1.0
7f4054600000-7f4054601000 rw-p 0000f000 08:16 6299947                    /usr/lib/x86_64-linux-gnu/libXi.so.6.1.0
7f4054601000-7f4054606000 r-xp 00000000 08:16 6299965                    /usr/lib/x86_64-linux-gnu/libXtst.so.6.1.0
7f4054606000-7f4054805000 ---p 00005000 08:16 6299965                    /usr/lib/x86_64-linux-gnu/libXtst.so.6.1.0
7f4054805000-7f4054806000 r--p 00004000 08:16 6299965                    /usr/lib/x86_64-linux-gnu/libXtst.so.6.1.0
7f4054806000-7f4054807000 rw-p 00005000 08:16 6299965                    /usr/lib/x86_64-linux-gnu/libXtst.so.6.1.0
7f4054807000-7f4054810000 r-xp 00000000 08:16 6299959                    /usr/lib/x86_64-linux-gnu/libXrender.so.1.3.0
7f4054810000-7f4054a0f000 ---p 00009000 08:16 6299959                    /usr/lib/x86_64-linux-gnu/libXrender.so.1.3.0
7f4054a0f000-7f4054a10000 r--p 00008000 08:16 6299959                    /usr/lib/x86_64-linux-gnu/libXrender.so.1.3.0
7f4054a10000-7f4054a11000 rw-p 00009000 08:16 6299959                    /usr/lib/x86_64-linux-gnu/libXrender.so.1.3.0
7f4054a11000-7f4054b46000 r-xp 00000000 08:16 6299922                    /usr/lib/x86_64-linux-gnu/libX11.so.6.3.0
7f4054b46000-7f4054d46000 ---p 00135000 08:16 6299922                    /usr/lib/x86_64-linux-gnu/libX11.so.6.3.0
7f4054d46000-7f4054d47000 r--p 00135000 08:16 6299922                    /usr/lib/x86_64-linux-gnu/libX11.so.6.3.0
7f4054d47000-7f4054d4b000 rw-p 00136000 08:16 6299922                    /usr/lib/x86_64-linux-gnu/libX11.so.6.3.0
7f4054d4b000-7f4054d5c000 r-xp 00000000 08:16 6299939                    /usr/lib/x86_64-linux-gnu/libXext.so.6.4.0
7f4054d5c000-7f4054f5b000 ---p 00011000 08:16 6299939                    /usr/lib/x86_64-linux-gnu/libXext.so.6.4.0
7f4054f5b000-7f4054f5c000 r--p 00010000 08:16 6299939                    /usr/lib/x86_64-linux-gnu/libXext.so.6.4.0
7f4054f5c000-7f4054f5d000 rw-p 00011000 08:16 6299939                    /usr/lib/x86_64-linux-gnu/libXext.so.6.4.0
7f4054f67000-7f4054f7a000 r--s 00346000 08:16 6301744                    /usr/lib/jvm/java-8-openjdk-amd64/jre/lib/resources.jar
7f4054f7a000-7f4054fcf000 r-xp 00000000 08:16 6301754                    /usr/lib/jvm/java-8-openjdk-amd64/jre/lib/amd64/libawt_xawt.so
7f4054fcf000-7f40551ce000 ---p 00055000 08:16 6301754                    /usr/lib/jvm/java-8-openjdk-amd64/jre/lib/amd64/libawt_xawt.so
7f40551ce000-7f40551cf000 r--p 00054000 08:16 6301754                    /usr/lib/jvm/java-8-openjdk-amd64/jre/lib/amd64/libawt_xawt.so
7f40551cf000-7f40551d2000 rw-p 00055000 08:16 6301754                    /usr/lib/jvm/java-8-openjdk-amd64/jre/lib/amd64/libawt_xawt.so
7f40551d2000-7f40551d3000 rw-p 00000000 00:00 0 
7f40551d3000-7f4055273000 r-xp 00000000 08:16 6301753                    /usr/lib/jvm/java-8-openjdk-amd64/jre/lib/amd64/libawt.so
7f4055273000-7f4055473000 ---p 000a0000 08:16 6301753                    /usr/lib/jvm/java-8-openjdk-amd64/jre/lib/amd64/libawt.so
7f4055473000-7f4055474000 r--p 000a0000 08:16 6301753                    /usr/lib/jvm/java-8-openjdk-amd64/jre/lib/amd64/libawt.so
7f4055474000-7f405547f000 rw-p 000a1000 08:16 6301753                    /usr/lib/jvm/java-8-openjdk-amd64/jre/lib/amd64/libawt.so
7f405547f000-7f40554a4000 rw-p 00000000 00:00 0 
7f40554a4000-7f405553a000 r--s 008d7000 08:16 6687607                    /usr/share/java/openjfx/jre/lib/ext/jfxrt.jar
7f405553a000-7f405553b000 ---p 00000000 00:00 0 
7f405553b000-7f405563b000 rw-p 00000000 00:00 0 
7f405563b000-7f405563e000 ---p 00000000 00:00 0 
7f405563e000-7f405573c000 rw-p 00000000 00:00 0 
7f405573c000-7f405573f000 ---p 00000000 00:00 0 
7f405573f000-7f405583d000 rw-p 00000000 00:00 0 
7f405583d000-7f4055840000 ---p 00000000 00:00 0 
7f4055840000-7f405593e000 rw-p 00000000 00:00 0 
7f405593e000-7f4055941000 ---p 00000000 00:00 0 
7f4055941000-7f4055a3f000 rw-p 00000000 00:00 0 
7f4055a3f000-7f4055a42000 ---p 00000000 00:00 0 
7f4055a42000-7f4055b40000 rw-p 00000000 00:00 0 
7f4055b40000-7f4055b43000 ---p 00000000 00:00 0 
7f4055b43000-7f4055c41000 rw-p 00000000 00:00 0 
7f4055c41000-7f4055c44000 ---p 00000000 00:00 0 
7f4055c44000-7f4055d42000 rw-p 00000000 00:00 0 
7f4055d42000-7f4055d43000 ---p 00000000 00:00 0 
7f4055d43000-7f4056d52000 rw-p 00000000 00:00 0 
7f4056d52000-7f4056f21000 r--s 03c2f000 08:16 6306841                    /usr/lib/jvm/java-8-openjdk-amd64/jre/lib/rt.jar
7f4056f21000-7f405b905000 rw-p 00000000 00:00 0 
7f405b905000-7f405b906000 ---p 00000000 00:00 0 
7f405b906000-7f405ba06000 rw-p 00000000 00:00 0 
7f405ba06000-7f405ba07000 ---p 00000000 00:00 0 
7f405ba07000-7f405bb07000 rw-p 00000000 00:00 0 
7f405bb07000-7f405bb08000 ---p 00000000 00:00 0 
7f405bb08000-7f405bc08000 rw-p 00000000 00:00 0 
7f405bc08000-7f405bc09000 ---p 00000000 00:00 0 
7f405bc09000-7f405bd33000 rw-p 00000000 00:00 0 
7f405bd33000-7f405bf99000 ---p 00000000 00:00 0 
7f405bf99000-7f405bfc3000 rw-p 00000000 00:00 0 
7f405bfc3000-7f405c228000 ---p 00000000 00:00 0 
7f405c228000-7f405c23d000 rw-p 00000000 00:00 0 
7f405c23d000-7f405c370000 ---p 00000000 00:00 0 
7f405c370000-7f405c381000 rw-p 00000000 00:00 0 
7f405c381000-7f405c731000 ---p 00000000 00:00 0 
7f405c731000-7f405cb21000 rwxp 00000000 00:00 0 
7f405cb21000-7f406b731000 ---p 00000000 00:00 0 
7f406b731000-7f406b739000 r-xp 00000000 08:16 6301768                    /usr/lib/jvm/java-8-openjdk-amd64/jre/lib/amd64/libzip.so
7f406b739000-7f406b938000 ---p 00008000 08:16 6301768                    /usr/lib/jvm/java-8-openjdk-amd64/jre/lib/amd64/libzip.so
7f406b938000-7f406b939000 r--p 00007000 08:16 6301768                    /usr/lib/jvm/java-8-openjdk-amd64/jre/lib/amd64/libzip.so
7f406b939000-7f406b93a000 rw-p 00008000 08:16 6301768                    /usr/lib/jvm/java-8-openjdk-amd64/jre/lib/amd64/libzip.so
7f406b93a000-7f406b945000 r-xp 00000000 08:16 2363771                    /lib/x86_64-linux-gnu/libnss_files-2.23.so
7f406b945000-7f406bb44000 ---p 0000b000 08:16 2363771                    /lib/x86_64-linux-gnu/libnss_files-2.23.so
7f406bb44000-7f406bb45000 r--p 0000a000 08:16 2363771                    /lib/x86_64-linux-gnu/libnss_files-2.23.so
7f406bb45000-7f406bb46000 rw-p 0000b000 08:16 2363771                    /lib/x86_64-linux-gnu/libnss_files-2.23.so
7f406bb46000-7f406bb4c000 rw-p 00000000 00:00 0 
7f406bb4c000-7f406bb57000 r-xp 00000000 08:16 2363894                    /lib/x86_64-linux-gnu/libnss_nis-2.23.so
7f406bb57000-7f406bd56000 ---p 0000b000 08:16 2363894                    /lib/x86_64-linux-gnu/libnss_nis-2.23.so
7f406bd56000-7f406bd57000 r--p 0000a000 08:16 2363894                    /lib/x86_64-linux-gnu/libnss_nis-2.23.so
7f406bd57000-7f406bd58000 rw-p 0000b000 08:16 2363894                    /lib/x86_64-linux-gnu/libnss_nis-2.23.so
7f406bd58000-7f406bd6e000 r-xp 00000000 08:16 2359388                    /lib/x86_64-linux-gnu/libnsl-2.23.so
7f406bd6e000-7f406bf6d000 ---p 00016000 08:16 2359388                    /lib/x86_64-linux-gnu/libnsl-2.23.so
7f406bf6d000-7f406bf6e000 r--p 00015000 08:16 2359388                    /lib/x86_64-linux-gnu/libnsl-2.23.so
7f406bf6e000-7f406bf6f000 rw-p 00016000 08:16 2359388                    /lib/x86_64-linux-gnu/libnsl-2.23.so
7f406bf6f000-7f406bf71000 rw-p 00000000 00:00 0 
7f406bf71000-7f406bf79000 r-xp 00000000 08:16 2360620                    /lib/x86_64-linux-gnu/libnss_compat-2.23.so
7f406bf79000-7f406c178000 ---p 00008000 08:16 2360620                    /lib/x86_64-linux-gnu/libnss_compat-2.23.so
7f406c178000-7f406c179000 r--p 00007000 08:16 2360620                    /lib/x86_64-linux-gnu/libnss_compat-2.23.so
7f406c179000-7f406c17a000 rw-p 00008000 08:16 2360620                    /lib/x86_64-linux-gnu/libnss_compat-2.23.so
7f406c17a000-7f406c1a7000 r-xp 00000000 08:16 6301759                    /usr/lib/jvm/java-8-openjdk-amd64/jre/lib/amd64/libjava.so
7f406c1a7000-7f406c3a6000 ---p 0002d000 08:16 6301759                    /usr/lib/jvm/java-8-openjdk-amd64/jre/lib/amd64/libjava.so
7f406c3a6000-7f406c3a7000 r--p 0002c000 08:16 6301759                    /usr/lib/jvm/java-8-openjdk-amd64/jre/lib/amd64/libjava.so
7f406c3a7000-7f406c3a9000 rw-p 0002d000 08:16 6301759                    /usr/lib/jvm/java-8-openjdk-amd64/jre/lib/amd64/libjava.so
7f406c3a9000-7f406c3b8000 r-xp 00000000 08:16 6301745                    /usr/lib/jvm/java-8-openjdk-amd64/jre/lib/amd64/libverify.so
7f406c3b8000-7f406c5b7000 ---p 0000f000 08:16 6301745                    /usr/lib/jvm/java-8-openjdk-amd64/jre/lib/amd64/libverify.so
7f406c5b7000-7f406c5b9000 r--p 0000e000 08:16 6301745                    /usr/lib/jvm/java-8-openjdk-amd64/jre/lib/amd64/libverify.so
7f406c5b9000-7f406c5ba000 rw-p 00010000 08:16 6301745                    /usr/lib/jvm/java-8-openjdk-amd64/jre/lib/amd64/libverify.so
7f406c5ba000-7f406c5c1000 r-xp 00000000 08:16 2363895                    /lib/x86_64-linux-gnu/librt-2.23.so
7f406c5c1000-7f406c7c0000 ---p 00007000 08:16 2363895                    /lib/x86_64-linux-gnu/librt-2.23.so
7f406c7c0000-7f406c7c1000 r--p 00006000 08:16 2363895                    /lib/x86_64-linux-gnu/librt-2.23.so
7f406c7c1000-7f406c7c2000 rw-p 00007000 08:16 2363895                    /lib/x86_64-linux-gnu/librt-2.23.so
7f406c7c2000-7f406c7d8000 r-xp 00000000 08:16 2363912                    /lib/x86_64-linux-gnu/libgcc_s.so.1
7f406c7d8000-7f406c9d7000 ---p 00016000 08:16 2363912                    /lib/x86_64-linux-gnu/libgcc_s.so.1
7f406c9d7000-7f406c9d8000 rw-p 00015000 08:16 2363912                    /lib/x86_64-linux-gnu/libgcc_s.so.1
7f406c9d8000-7f406cb4a000 r-xp 00000000 08:16 6291847                    /usr/lib/x86_64-linux-gnu/libstdc++.so.6.0.21
7f406cb4a000-7f406cd4a000 ---p 00172000 08:16 6291847                    /usr/lib/x86_64-linux-gnu/libstdc++.so.6.0.21
7f406cd4a000-7f406cd54000 r--p 00172000 08:16 6291847                    /usr/lib/x86_64-linux-gnu/libstdc++.so.6.0.21
7f406cd54000-7f406cd56000 rw-p 0017c000 08:16 6291847                    /usr/lib/x86_64-linux-gnu/libstdc++.so.6.0.21
7f406cd56000-7f406cd5a000 rw-p 00000000 00:00 0 
7f406cd5a000-7f406d9b3000 r-xp 00000000 08:16 6301773                    /usr/lib/jvm/java-8-openjdk-amd64/jre/lib/amd64/server/libjvm.so
7f406d9b3000-7f406dbb3000 ---p 00c59000 08:16 6301773                    /usr/lib/jvm/java-8-openjdk-amd64/jre/lib/amd64/server/libjvm.so
7f406dbb3000-7f406dc46000 r--p 00c59000 08:16 6301773                    /usr/lib/jvm/java-8-openjdk-amd64/jre/lib/amd64/server/libjvm.so
7f406dc46000-7f406dc6f000 rw-p 00cec000 08:16 6301773                    /usr/lib/jvm/java-8-openjdk-amd64/jre/lib/amd64/server/libjvm.so
7f406dc6f000-7f406dc9f000 rw-p 00000000 00:00 0 
7f406dc9f000-7f406dca5000 r-xp 00000000 08:05 238942                     /media/matthieu/Data/Matthieu/##Etude/#Licence_3eme_annee/##Mario/MarioBros-MachineLearning/mario-ai-master/src/main/bin/AmiCoBuild/PyJava/libAmiCoPyJava.so
7f406dca5000-7f406dea4000 ---p 00006000 08:05 238942                     /media/matthieu/Data/Matthieu/##Etude/#Licence_3eme_annee/##Mario/MarioBros-MachineLearning/mario-ai-master/src/main/bin/AmiCoBuild/PyJava/libAmiCoPyJava.so
7f406dea4000-7f406dea5000 r--p 00005000 08:05 238942                     /media/matthieu/Data/Matthieu/##Etude/#Licence_3eme_annee/##Mario/MarioBros-MachineLearning/mario-ai-master/src/main/bin/AmiCoBuild/PyJava/libAmiCoPyJava.so
7f406dea5000-7f406dea6000 rw-p 00006000 08:05 238942                     /media/matthieu/Data/Matthieu/##Etude/#Licence_3eme_annee/##Mario/MarioBros-MachineLearning/mario-ai-master/src/main/bin/AmiCoBuild/PyJava/libAmiCoPyJava.so
7f406dea6000-7f406df26000 rw-p 00000000 00:00 0 
7f406df26000-7f406dfe1000 r-xp 00000000 08:16 1319283                    /usr/local/lib/python3.5/dist-packages/numpy/random/mtrand.cpython-35m-x86_64-linux-gnu.so
7f406dfe1000-7f406e1e1000 ---p 000bb000 08:16 1319283                    /usr/local/lib/python3.5/dist-packages/numpy/random/mtrand.cpython-35m-x86_64-linux-gnu.so
7f406e1e1000-7f406e206000 rw-p 000bb000 08:16 1319283                    /usr/local/lib/python3.5/dist-packages/numpy/random/mtrand.cpython-35m-x86_64-linux-gnu.so
7f406e206000-7f406e248000 rw-p 00000000 00:00 0 
7f406e248000-7f406e251000 r-xp 00000000 08:16 3496                       /usr/local/lib/python3.5/dist-packages/numpy/fft/fftpack_lite.cpython-35m-x86_64-linux-gnu.so
7f406e251000-7f406e450000 ---p 00009000 08:16 3496                       /usr/local/lib/python3.5/dist-packages/numpy/fft/fftpack_lite.cpython-35m-x86_64-linux-gnu.so
7f406e450000-7f406e451000 rw-p 00008000 08:16 3496                       /usr/local/lib/python3.5/dist-packages/numpy/fft/fftpack_lite.cpython-35m-x86_64-linux-gnu.so
7f406e451000-7f406e491000 rw-p 00000000 00:00 0 
7f406e491000-7f406e4c8000 r-xp 00000000 08:16 6300738                    /usr/lib/x86_64-linux-gnu/libmpdec.so.2.4.2
7f406e4c8000-7f406e6c7000 ---p 00037000 08:16 6300738                    /usr/lib/x86_64-linux-gnu/libmpdec.so.2.4.2
7f406e6c7000-7f406e6c8000 r--p 00036000 08:16 6300738                    /usr/lib/x86_64-linux-gnu/libmpdec.so.2.4.2
7f406e6c8000-7f406e6c9000 rw-p 00037000 08:16 6300738                    /usr/lib/x86_64-linux-gnu/libmpdec.so.2.4.2
7f406e6c9000-7f406e6ed000 r-xp 00000000 08:16 6556725                    /usr/lib/python3.5/lib-dynload/_decimal.cpython-35m-x86_64-linux-gnu.so
7f406e6ed000-7f406e8ec000 ---p 00024000 08:16 6556725                    /usr/lib/python3.5/lib-dynload/_decimal.cpython-35m-x86_64-linux-gnu.so
7f406e8ec000-7f406e8ed000 r--p 00023000 08:16 6556725                    /usr/lib/python3.5/lib-dynload/_decimal.cpython-35m-x86_64-linux-gnu.so
7f406e8ed000-7f406e8f6000 rw-p 00024000 08:16 6556725                    /usr/lib/python3.5/lib-dynload/_decimal.cpython-35m-x86_64-linux-gnu.so
7f406e8f6000-7f406e936000 rw-p 00000000 00:00 0 
7f406e936000-7f406e95f000 r-xp 00000000 08:16 1319301                    /usr/local/lib/python3.5/dist-packages/numpy/linalg/_umath_linalg.cpython-35m-x86_64-linux-gnu.so
7f406e95f000-7f406eb5e000 ---p 00029000 08:16 1319301                    /usr/local/lib/python3.5/dist-packages/numpy/linalg/_umath_linalg.cpython-35m-x86_64-linux-gnu.so
7f406eb5e000-7f406eb63000 rw-p 00028000 08:16 1319301                    /usr/local/lib/python3.5/dist-packages/numpy/linalg/_umath_linalg.cpython-35m-x86_64-linux-gnu.so
7f406eb63000-7f406eb67000 r-xp 00000000 08:16 1319302                    /usr/local/lib/python3.5/dist-packages/numpy/linalg/lapack_lite.cpython-35m-x86_64-linux-gnu.so
7f406eb67000-7f406ed67000 ---p 00004000 08:16 1319302                    /usr/local/lib/python3.5/dist-packages/numpy/linalg/lapack_lite.cpython-35m-x86_64-linux-gnu.so
7f406ed67000-7f406ed6a000 rw-p 00004000 08:16 1319302                    /usr/local/lib/python3.5/dist-packages/numpy/linalg/lapack_lite.cpython-35m-x86_64-linux-gnu.so
7f406ed6a000-7f406f02b000 rw-p 00000000 00:00 0 
7f406f02b000-7f406f1bc000 r-xp 00000000 08:16 1319343                    /usr/local/lib/python3.5/dist-packages/numpy/core/umath.cpython-35m-x86_64-linux-gnu.so
7f406f1bc000-7f406f3bc000 ---p 00191000 08:16 1319343                    /usr/local/lib/python3.5/dist-packages/numpy/core/umath.cpython-35m-x86_64-linux-gnu.so
7f406f3bc000-7f406f3c2000 rw-p 00191000 08:16 1319343                    /usr/local/lib/python3.5/dist-packages/numpy/core/umath.cpython-35m-x86_64-linux-gnu.so
7f406f3c2000-7f406f404000 rw-p 00000000 00:00 0 
7f406f404000-7f4071404000 rw-p 00000000 00:00 0 
7f4071404000-7f4075404000 rw-p 00000000 00:00 0 
7f4075404000-7f4075405000 ---p 00000000 00:00 0 
7f4075405000-7f4075c05000 rw-p 00000000 00:00 0 
7f4075c05000-7f4075c06000 ---p 00000000 00:00 0 
7f4075c06000-7f4076406000 rw-p 00000000 00:00 0 
7f4076406000-7f4076407000 ---p 00000000 00:00 0 
7f4076407000-7f4076c07000 rw-p 00000000 00:00 0 
7f4076c07000-7f4076cf7000 r-xp 00000000 08:16 1319298                    /usr/local/lib/python3.5/dist-packages/numpy/.libs/libgfortran-ed201abd.so.3.0.0
7f4076cf7000-7f4076ef6000 ---p 000f0000 08:16 1319298                    /usr/local/lib/python3.5/dist-packages/numpy/.libs/libgfortran-ed201abd.so.3.0.0
7f4076ef6000-7f4076ef8000 rw-p 000ef000 08:16 1319298                    /usr/local/lib/python3.5/dist-packages/numpy/.libs/libgfortran-ed201abd.so.3.0.0
7f4076ef8000-7f4076ef9000 rw-p 00000000 00:00 0 
7f4076ef9000-7f4076f01000 rw-p 000f2000 08:16 1319298                    /usr/local/lib/python3.5/dist-packages/numpy/.libs/libgfortran-ed201abd.so.3.0.0
7f4076f01000-7f4079215000 r-xp 00000000 08:16 1319297                    /usr/local/lib/python3.5/dist-packages/numpy/.libs/libopenblasp-r0-39a31c03.2.18.so
7f4079215000-7f4079414000 ---p 02314000 08:16 1319297                    /usr/local/lib/python3.5/dist-packages/numpy/.libs/libopenblasp-r0-39a31c03.2.18.so
7f4079414000-7f4079433000 rw-p 02313000 08:16 1319297                    /usr/local/lib/python3.5/dist-packages/numpy/.libs/libopenblasp-r0-39a31c03.2.18.so
7f4079433000-7f4079496000 rw-p 00000000 00:00 0 
7f4079496000-7f407952c000 rw-p 02425000 08:16 1319297                    /usr/local/lib/python3.5/dist-packages/numpy/.libs/libopenblasp-r0-39a31c03.2.18.so
7f407952c000-7f4079704000 r-xp 00000000 08:16 1319350                    /usr/local/lib/python3.5/dist-packages/numpy/core/multiarray.cpython-35m-x86_64-linux-gnu.so
7f4079704000-7f4079904000 ---p 001d8000 08:16 1319350                    /usr/local/lib/python3.5/dist-packages/numpy/core/multiarray.cpython-35m-x86_64-linux-gnu.so
7f4079904000-7f407991d000 rw-p 001d8000 08:16 1319350                    /usr/local/lib/python3.5/dist-packages/numpy/core/multiarray.cpython-35m-x86_64-linux-gnu.so
7f407991d000-7f4079935000 rw-p 00000000 00:00 0 
7f4079935000-7f407993b000 rw-p 001f2000 08:16 1319350                    /usr/local/lib/python3.5/dist-packages/numpy/core/multiarray.cpython-35m-x86_64-linux-gnu.so
7f407993b000-7f407997b000 rw-p 00000000 00:00 0 
7f407997b000-7f4079b95000 r-xp 00000000 08:16 2363782                    /lib/x86_64-linux-gnu/libcrypto.so.1.0.0
7f4079b95000-7f4079d94000 ---p 0021a000 08:16 2363782                    /lib/x86_64-linux-gnu/libcrypto.so.1.0.0
7f4079d94000-7f4079db0000 r--p 00219000 08:16 2363782                    /lib/x86_64-linux-gnu/libcrypto.so.1.0.0
7f4079db0000-7f4079dbc000 rw-p 00235000 08:16 2363782                    /lib/x86_64-linux-gnu/libcrypto.so.1.0.0
7f4079dbc000-7f4079dbf000 rw-p 00000000 00:00 0 
7f4079dbf000-7f4079dc4000 r-xp 00000000 08:16 6554342                    /usr/lib/python3.5/lib-dynload/_hashlib.cpython-35m-x86_64-linux-gnu.so
7f4079dc4000-7f4079fc4000 ---p 00005000 08:16 6554342                    /usr/lib/python3.5/lib-dynload/_hashlib.cpython-35m-x86_64-linux-gnu.so
7f4079fc4000-7f4079fc5000 r--p 00005000 08:16 6554342                    /usr/lib/python3.5/lib-dynload/_hashlib.cpython-35m-x86_64-linux-gnu.so
7f4079fc5000-7f4079fc6000 rw-p 00006000 08:16 6554342                    /usr/lib/python3.5/lib-dynload/_hashlib.cpython-35m-x86_64-linux-gnu.so
7f4079fc6000-7f407a006000 rw-p 00000000 00:00 0 
7f407a006000-7f407a027000 r-xp 00000000 08:16 2363941                    /lib/x86_64-linux-gnu/liblzma.so.5.0.0
7f407a027000-7f407a226000 ---p 00021000 08:16 2363941                    /lib/x86_64-linux-gnu/liblzma.so.5.0.0
7f407a226000-7f407a227000 r--p 00020000 08:16 2363941                    /lib/x86_64-linux-gnu/liblzma.so.5.0.0
7f407a227000-7f407a228000 rw-p 00021000 08:16 2363941                    /lib/x86_64-linux-gnu/liblzma.so.5.0.0
7f407a228000-7f407a22f000 r-xp 00000000 08:16 6556722                    /usr/lib/python3.5/lib-dynload/_lzma.cpython-35m-x86_64-linux-gnu.so
7f407a22f000-7f407a42e000 ---p 00007000 08:16 6556722                    /usr/lib/python3.5/lib-dynload/_lzma.cpython-35m-x86_64-linux-gnu.so
7f407a42e000-7f407a42f000 r--p 00006000 08:16 6556722                    /usr/lib/python3.5/lib-dynload/_lzma.cpython-35m-x86_64-linux-gnu.so
7f407a42f000-7f407a431000 rw-p 00007000 08:16 6556722                    /usr/lib/python3.5/lib-dynload/_lzma.cpython-35m-x86_64-linux-gnu.so
7f407a431000-7f407a440000 r-xp 00000000 08:16 2363873                    /lib/x86_64-linux-gnu/libbz2.so.1.0.4
7f407a440000-7f407a63f000 ---p 0000f000 08:16 2363873                    /lib/x86_64-linux-gnu/libbz2.so.1.0.4
7f407a63f000-7f407a640000 r--p 0000e000 08:16 2363873                    /lib/x86_64-linux-gnu/libbz2.so.1.0.4
7f407a640000-7f407a641000 rw-p 0000f000 08:16 2363873                    /lib/x86_64-linux-gnu/libbz2.so.1.0.4
7f407a643000-7f407a65e000 r--s 00394000 08:16 6301733                    /usr/lib/jvm/java-8-openjdk-amd64/jre/lib/ext/cldrdata.jar
7f407a65e000-7f407a662000 r-xp 00000000 08:16 6556713                    /usr/lib/python3.5/lib-dynload/_bz2.cpython-35m-x86_64-linux-gnu.so
7f407a662000-7f407a861000 ---p 00004000 08:16 6556713                    /usr/lib/python3.5/lib-dynload/_bz2.cpython-35m-x86_64-linux-gnu.so
7f407a861000-7f407a862000 r--p 00003000 08:16 6556713                    /usr/lib/python3.5/lib-dynload/_bz2.cpython-35m-x86_64-linux-gnu.so
7f407a862000-7f407a863000 rw-p 00004000 08:16 6556713                    /usr/lib/python3.5/lib-dynload/_bz2.cpython-35m-x86_64-linux-gnu.so
7f407a869000-7f407a884000 r--s 001d6000 08:16 6301740                    /usr/lib/jvm/java-8-openjdk-amd64/jre/lib/ext/nashorn.jar
7f407a884000-7f407a944000 rw-p 00000000 00:00 0 
7f407a944000-7f407a966000 r-xp 00000000 08:16 6556723                    /usr/lib/python3.5/lib-dynload/_ctypes.cpython-35m-x86_64-linux-gnu.so
7f407a966000-7f407ab65000 ---p 00022000 08:16 6556723                    /usr/lib/python3.5/lib-dynload/_ctypes.cpython-35m-x86_64-linux-gnu.so
7f407ab65000-7f407ab66000 r--p 00021000 08:16 6556723                    /usr/lib/python3.5/lib-dynload/_ctypes.cpython-35m-x86_64-linux-gnu.so
7f407ab66000-7f407ab6a000 rw-p 00022000 08:16 6556723                    /usr/lib/python3.5/lib-dynload/_ctypes.cpython-35m-x86_64-linux-gnu.so
7f407ab6a000-7f407ac2b000 rw-p 00000000 00:00 0 
7f407ac2b000-7f407af08000 r--p 00000000 08:16 6294233                    /usr/lib/locale/locale-archive
7f407af08000-7f407b010000 r-xp 00000000 08:16 2359387                    /lib/x86_64-linux-gnu/libm-2.23.so
7f407b010000-7f407b20f000 ---p 00108000 08:16 2359387                    /lib/x86_64-linux-gnu/libm-2.23.so
7f407b20f000-7f407b210000 r--p 00107000 08:16 2359387                    /lib/x86_64-linux-gnu/libm-2.23.so
7f407b210000-7f407b211000 rw-p 00108000 08:16 2359387                    /lib/x86_64-linux-gnu/libm-2.23.so
7f407b211000-7f407b22a000 r-xp 00000000 08:16 2360593                    /lib/x86_64-linux-gnu/libz.so.1.2.8
7f407b22a000-7f407b429000 ---p 00019000 08:16 2360593                    /lib/x86_64-linux-gnu/libz.so.1.2.8
7f407b429000-7f407b42a000 r--p 00018000 08:16 2360593                    /lib/x86_64-linux-gnu/libz.so.1.2.8
7f407b42a000-7f407b42b000 rw-p 00019000 08:16 2360593                    /lib/x86_64-linux-gnu/libz.so.1.2.8
7f407b42b000-7f407b451000 r-xp 00000000 08:16 2359379                    /lib/x86_64-linux-gnu/libexpat.so.1.6.0
7f407b451000-7f407b651000 ---p 00026000 08:16 2359379                    /lib/x86_64-linux-gnu/libexpat.so.1.6.0
7f407b651000-7f407b653000 r--p 00026000 08:16 2359379                    /lib/x86_64-linux-gnu/libexpat.so.1.6.0
7f407b653000-7f407b654000 rw-p 00028000 08:16 2359379                    /lib/x86_64-linux-gnu/libexpat.so.1.6.0
7f407b654000-7f407b656000 r-xp 00000000 08:16 2360619                    /lib/x86_64-linux-gnu/libutil-2.23.so
7f407b656000-7f407b855000 ---p 00002000 08:16 2360619                    /lib/x86_64-linux-gnu/libutil-2.23.so
7f407b855000-7f407b856000 r--p 00001000 08:16 2360619                    /lib/x86_64-linux-gnu/libutil-2.23.so
7f407b856000-7f407b857000 rw-p 00002000 08:16 2360619                    /lib/x86_64-linux-gnu/libutil-2.23.so
7f407b857000-7f407b85a000 r-xp 00000000 08:16 2359393                    /lib/x86_64-linux-gnu/libdl-2.23.so
7f407b85a000-7f407ba59000 ---p 00003000 08:16 2359393                    /lib/x86_64-linux-gnu/libdl-2.23.so
7f407ba59000-7f407ba5a000 r--p 00002000 08:16 2359393                    /lib/x86_64-linux-gnu/libdl-2.23.so
7f407ba5a000-7f407ba5b000 rw-p 00003000 08:16 2359393                    /lib/x86_64-linux-gnu/libdl-2.23.so
7f407ba5b000-7f407bc1b000 r-xp 00000000 08:16 2359391                    /lib/x86_64-linux-gnu/libc-2.23.so
7f407bc1b000-7f407be1b000 ---p 001c0000 08:16 2359391                    /lib/x86_64-linux-gnu/libc-2.23.so
7f407be1b000-7f407be1f000 r--p 001c0000 08:16 2359391                    /lib/x86_64-linux-gnu/libc-2.23.so
7f407be1f000-7f407be21000 rw-p 001c4000 08:16 2359391                    /lib/x86_64-linux-gnu/libc-2.23.so
7f407be21000-7f407be25000 rw-p 00000000 00:00 0 
7f407be25000-7f407be3d000 r-xp 00000000 08:16 2359390                    /lib/x86_64-linux-gnu/libpthread-2.23.so
7f407be3d000-7f407c03c000 ---p 00018000 08:16 2359390                    /lib/x86_64-linux-gnu/libpthread-2.23.so
7f407c03c000-7f407c03d000 r--p 00017000 08:16 2359390                    /lib/x86_64-linux-gnu/libpthread-2.23.so
7f407c03d000-7f407c03e000 rw-p 00018000 08:16 2359390                    /lib/x86_64-linux-gnu/libpthread-2.23.so
7f407c03e000-7f407c042000 rw-p 00000000 00:00 0 
7f407c042000-7f407c068000 r-xp 00000000 08:16 2359389                    /lib/x86_64-linux-gnu/ld-2.23.so
7f407c06e000-7f407c073000 r--s 0009d000 08:16 6306852                    /usr/lib/jvm/java-8-openjdk-amd64/jre/lib/jsse.jar
7f407c073000-7f407c074000 r--s 00010000 08:16 6301730                    /usr/lib/jvm/java-8-openjdk-amd64/jre/lib/ext/zipfs.jar
7f407c074000-7f407c076000 r--s 00008000 08:16 6301729                    /usr/lib/jvm/java-8-openjdk-amd64/jre/lib/ext/sunec.jar
7f407c076000-7f407c079000 r--s 0000f000 08:16 6301735                    /usr/lib/jvm/java-8-openjdk-amd64/jre/lib/ext/icedtea-sound.jar
7f407c079000-7f407c07c000 r--s 00038000 08:16 6301732                    /usr/lib/jvm/java-8-openjdk-amd64/jre/lib/ext/sunpkcs11.jar
7f407c07c000-7f407c082000 r--s 0003b000 08:16 6301734                    /usr/lib/jvm/java-8-openjdk-amd64/jre/lib/ext/sunjce_provider.jar
7f407c082000-7f407c084000 r--s 00001000 08:16 6301731                    /usr/lib/jvm/java-8-openjdk-amd64/jre/lib/ext/dnsns.jar
7f407c084000-7f407c24a000 rw-p 00000000 00:00 0 
7f407c24a000-7f407c24b000 r--s 0000a000 08:16 6301741                    /usr/lib/jvm/java-8-openjdk-amd64/jre/lib/ext/jaccess.jar
7f407c24b000-7f407c255000 r--s 00116000 08:16 6301742                    /usr/lib/jvm/java-8-openjdk-amd64/jre/lib/ext/localedata.jar
7f407c255000-7f407c25d000 rw-s 00000000 08:16 5770197                    /tmp/hsperfdata_matthieu/13510
7f407c25d000-7f407c25e000 rw-p 00000000 00:00 0 
7f407c25e000-7f407c25f000 r--p 00000000 00:00 0 
7f407c25f000-7f407c260000 rwxp 00000000 00:00 0 
7f407c260000-7f407c267000 r--s 00000000 08:16 6555453                    /usr/lib/x86_64-linux-gnu/gconv/gconv-modules.cache
7f407c267000-7f407c268000 r--p 00025000 08:16 2359389                    /lib/x86_64-linux-gnu/ld-2.23.so
7f407c268000-7f407c269000 rw-p 00026000 08:16 2359389                    /lib/x86_64-linux-gnu/ld-2.23.so
7f407c269000-7f407c26a000 rw-p 00000000 00:00 0 
7ffe20ab6000-7ffe20ab9000 ---p 00000000 00:00 0 
7ffe20ab9000-7ffe20bb6000 rw-p 00000000 00:00 0                          [stack]
7ffe20bcc000-7ffe20bcf000 r--p 00000000 00:00 0                          [vvar]
7ffe20bcf000-7ffe20bd1000 r-xp 00000000 00:00 0                          [vdso]
ffffffffff600000-ffffffffff601000 r-xp 00000000 00:00 0                  [vsyscall]

VM Arguments:
java_command: <unknown>
java_class_path (initial): .::jdom.jar
Launcher Type: generic

Environment Variables:
PATH=/usr/local/sbin:/usr/local/bin:/usr/sbin:/usr/bin:/sbin:/bin:/usr/games:/usr/local/games:/snap/bin
LD_LIBRARY_PATH=/usr/lib/jvm/java-8-openjdk-amd64/jre/lib/amd64/server::/usr/local/cuda/lib64:/usr/local/cuda/extras/CUPTI/lib64
SHELL=/bin/bash
DISPLAY=:0

Signal Handlers:
SIGSEGV: [libjvm.so+0xa6e6f0], sa_mask[0]=11111111011111111101111111111110, sa_flags=SA_RESTART|SA_SIGINFO
SIGBUS: [libjvm.so+0xa6e6f0], sa_mask[0]=11111111011111111101111111111110, sa_flags=SA_RESTART|SA_SIGINFO
SIGFPE: [libjvm.so+0x8b5d50], sa_mask[0]=11111111011111111101111111111110, sa_flags=SA_RESTART|SA_SIGINFO
SIGPIPE: [libjvm.so+0x8b5d50], sa_mask[0]=11111111011111111101111111111110, sa_flags=SA_RESTART|SA_SIGINFO
SIGXFSZ: [libjvm.so+0x8b5d50], sa_mask[0]=11111111011111111101111111111110, sa_flags=SA_RESTART|SA_SIGINFO
SIGILL: [libjvm.so+0x8b5d50], sa_mask[0]=11111111011111111101111111111110, sa_flags=SA_RESTART|SA_SIGINFO
SIGUSR1: SIG_DFL, sa_mask[0]=00000000000000000000000000000000, sa_flags=none
SIGUSR2: [libjvm.so+0x8b5c00], sa_mask[0]=00000000000000000000000000000000, sa_flags=SA_RESTART|SA_SIGINFO
SIGHUP: [libjvm.so+0x8b60d0], sa_mask[0]=11111111011111111101111111111110, sa_flags=SA_RESTART|SA_SIGINFO
SIGINT: [libjvm.so+0x8b60d0], sa_mask[0]=11111111011111111101111111111110, sa_flags=SA_RESTART|SA_SIGINFO
SIGTERM: [libjvm.so+0x8b60d0], sa_mask[0]=11111111011111111101111111111110, sa_flags=SA_RESTART|SA_SIGINFO
SIGQUIT: [libjvm.so+0x8b60d0], sa_mask[0]=11111111011111111101111111111110, sa_flags=SA_RESTART|SA_SIGINFO


---------------  S Y S T E M  ---------------

OS:DISTRIB_ID=Ubuntu
DISTRIB_RELEASE=16.04
DISTRIB_CODENAME=xenial
DISTRIB_DESCRIPTION="Ubuntu 16.04.4 LTS"

uname:Linux 4.4.0-128-generic #154-Ubuntu SMP Fri May 25 14:15:18 UTC 2018 x86_64
libc:glibc 2.23 NPTL 2.23 
rlimit: STACK 8192k, CORE 0k, NPROC 31115, NOFILE 1048576, AS infinity
load average:0,47 0,43 0,35

/proc/meminfo:
MemTotal:        8048492 kB
MemFree:         3807344 kB
MemAvailable:    6102708 kB
Buffers:          546568 kB
Cached:          1977336 kB
SwapCached:            0 kB
Active:          2685748 kB
Inactive:        1240808 kB
Active(anon):    1404072 kB
Inactive(anon):    54172 kB
Active(file):    1281676 kB
Inactive(file):  1186636 kB
Unevictable:          48 kB
Mlocked:              48 kB
SwapTotal:      11998204 kB
SwapFree:       11998204 kB
Dirty:              1876 kB
Writeback:             0 kB
AnonPages:       1394656 kB
Mapped:           419324 kB
Shmem:             55596 kB
Slab:             153812 kB
SReclaimable:      95008 kB
SUnreclaim:        58804 kB
KernelStack:       10304 kB
PageTables:        38500 kB
NFS_Unstable:          0 kB
Bounce:                0 kB
WritebackTmp:          0 kB
CommitLimit:    16022448 kB
Committed_AS:    6836188 kB
VmallocTotal:   34359738367 kB
VmallocUsed:           0 kB
VmallocChunk:          0 kB
HardwareCorrupted:     0 kB
AnonHugePages:         0 kB
CmaTotal:              0 kB
CmaFree:               0 kB
HugePages_Total:       0
HugePages_Free:        0
HugePages_Rsvd:        0
HugePages_Surp:        0
Hugepagesize:       2048 kB
DirectMap4k:      524820 kB
DirectMap2M:     6688768 kB
DirectMap1G:     1048576 kB


CPU:total 4 (initial active 4) (2 cores per cpu, 2 threads per core) family 6 model 69 stepping 1, cmov, cx8, fxsr, mmx, sse, sse2, sse3, ssse3, sse4.1, sse4.2, popcnt, avx, avx2, aes, clmul, erms, lzcnt, ht, tsc, tscinvbit, bmi1, bmi2

/proc/cpuinfo:
processor	: 0
vendor_id	: GenuineIntel
cpu family	: 6
model		: 69
model name	: Intel(R) Core(TM) i7-4510U CPU @ 2.00GHz
stepping	: 1
microcode	: 0x23
cpu MHz		: 2789.109
cache size	: 4096 KB
physical id	: 0
siblings	: 4
core id		: 0
cpu cores	: 2
apicid		: 0
initial apicid	: 0
fpu		: yes
fpu_exception	: yes
cpuid level	: 13
wp		: yes
flags		: fpu vme de pse tsc msr pae mce cx8 apic sep mtrr pge mca cmov pat pse36 clflush dts acpi mmx fxsr sse sse2 ss ht tm pbe syscall nx pdpe1gb rdtscp lm constant_tsc arch_perfmon pebs bts rep_good nopl xtopology nonstop_tsc aperfmperf eagerfpu pni pclmulqdq dtes64 monitor ds_cpl vmx est tm2 ssse3 sdbg fma cx16 xtpr pdcm pcid sse4_1 sse4_2 movbe popcnt tsc_deadline_timer aes xsave avx f16c rdrand lahf_lm abm epb invpcid_single ibrs ibpb stibp kaiser tpr_shadow vnmi flexpriority ept vpid fsgsbase tsc_adjust bmi1 avx2 smep bmi2 erms invpcid xsaveopt dtherm ida arat pln pts
bugs		: cpu_meltdown spectre_v1 spectre_v2 spec_store_bypass
bogomips	: 5188.28
clflush size	: 64
cache_alignment	: 64
address sizes	: 39 bits physical, 48 bits virtual
power management:

processor	: 1
vendor_id	: GenuineIntel
cpu family	: 6
model		: 69
model name	: Intel(R) Core(TM) i7-4510U CPU @ 2.00GHz
stepping	: 1
microcode	: 0x23
cpu MHz		: 3095.117
cache size	: 4096 KB
physical id	: 0
siblings	: 4
core id		: 1
cpu cores	: 2
apicid		: 2
initial apicid	: 2
fpu		: yes
fpu_exception	: yes
cpuid level	: 13
wp		: yes
flags		: fpu vme de pse tsc msr pae mce cx8 apic sep mtrr pge mca cmov pat pse36 clflush dts acpi mmx fxsr sse sse2 ss ht tm pbe syscall nx pdpe1gb rdtscp lm constant_tsc arch_perfmon pebs bts rep_good nopl xtopology nonstop_tsc aperfmperf eagerfpu pni pclmulqdq dtes64 monitor ds_cpl vmx est tm2 ssse3 sdbg fma cx16 xtpr pdcm pcid sse4_1 sse4_2 movbe popcnt tsc_deadline_timer aes xsave avx f16c rdrand lahf_lm abm epb invpcid_single ibrs ibpb stibp kaiser tpr_shadow vnmi flexpriority ept vpid fsgsbase tsc_adjust bmi1 avx2 smep bmi2 erms invpcid xsaveopt dtherm ida arat pln pts
bugs		: cpu_meltdown spectre_v1 spectre_v2 spec_store_bypass
bogomips	: 5188.28
clflush size	: 64
cache_alignment	: 64
address sizes	: 39 bits physical, 48 bits virtual
power management:

processor	: 2
vendor_id	: GenuineIntel
cpu family	: 6
model		: 69
model name	: Intel(R) Core(TM) i7-4510U CPU @ 2.00GHz
stepping	: 1
microcode	: 0x23
cpu MHz		: 2219.242
cache size	: 4096 KB
physical id	: 0
siblings	: 4
core id		: 0
cpu cores	: 2
apicid		: 1
initial apicid	: 1
fpu		: yes
fpu_exception	: yes
cpuid level	: 13
wp		: yes
flags		: fpu vme de pse tsc msr pae mce cx8 apic sep mtrr pge mca cmov pat pse36 clflush dts acpi mmx fxsr sse sse2 ss ht tm pbe syscall nx pdpe1gb rdtscp lm constant_tsc arch_perfmon pebs bts rep_good nopl xtopology nonstop_tsc aperfmperf eagerfpu pni pclmulqdq dtes64 monitor ds_cpl vmx est tm2 ssse3 sdbg fma cx16 xtpr pdcm pcid sse4_1 sse4_2 movbe popcnt tsc_deadline_timer aes xsave avx f16c rdrand lahf_lm abm epb invpcid_single ibrs ibpb stibp kaiser tpr_shadow vnmi flexpriority ept vpid fsgsbase tsc_adjust bmi1 avx2 smep bmi2 erms invpcid xsaveopt dtherm ida arat pln pts
bugs		: cpu_meltdown spectre_v1 spectre_v2 spec_store_bypass
bogomips	: 5188.28
clflush size	: 64
cache_alignment	: 64
address sizes	: 39 bits physical, 48 bits virtual
power management:

processor	: 3
vendor_id	: GenuineIntel
cpu family	: 6
model		: 69
model name	: Intel(R) Core(TM) i7-4510U CPU @ 2.00GHz
stepping	: 1
microcode	: 0x23
cpu MHz		: 2939.726
cache size	: 4096 KB
physical id	: 0
siblings	: 4
core id		: 1
cpu cores	: 2
apicid		: 3
initial apicid	: 3
fpu		: yes
fpu_exception	: yes
cpuid level	: 13
wp		: yes
flags		: fpu vme de pse tsc msr pae mce cx8 apic sep mtrr pge mca cmov pat pse36 clflush dts acpi mmx fxsr sse sse2 ss ht tm pbe syscall nx pdpe1gb rdtscp lm constant_tsc arch_perfmon pebs bts rep_good nopl xtopology nonstop_tsc aperfmperf eagerfpu pni pclmulqdq dtes64 monitor ds_cpl vmx est tm2 ssse3 sdbg fma cx16 xtpr pdcm pcid sse4_1 sse4_2 movbe popcnt tsc_deadline_timer aes xsave avx f16c rdrand lahf_lm abm epb invpcid_single ibrs ibpb stibp kaiser tpr_shadow vnmi flexpriority ept vpid fsgsbase tsc_adjust bmi1 avx2 smep bmi2 erms invpcid xsaveopt dtherm ida arat pln pts
bugs		: cpu_meltdown spectre_v1 spectre_v2 spec_store_bypass
bogomips	: 5188.28
clflush size	: 64
cache_alignment	: 64
address sizes	: 39 bits physical, 48 bits virtual
power management:



Memory: 4k page, physical 8048492k(3807344k free), swap 11998204k(11998204k free)

vm_info: OpenJDK 64-Bit Server VM (25.171-b11) for linux-amd64 JRE (1.8.0_171-8u171-b11-0ubuntu0.16.04.1-b11), built on Apr 27 2018 17:19:03 by "buildd" with gcc 5.4.0 20160609

time: Wed Jun 20 17:36:59 2018
elapsed time: 21 seconds (0d 0h 0m 21s)

