#
# A fatal error has been detected by the Java Runtime Environment:
#
#  SIGSEGV (0xb) at pc=0x00007f944305dc7e, pid=13245, tid=0x00007f9451ed6700
#
# JRE version: OpenJDK Runtime Environment (8.0_171-b11) (build 1.8.0_171-8u171-b11-0ubuntu0.16.04.1-b11)
# Java VM: OpenJDK 64-Bit Server VM (25.171-b11 mixed mode linux-amd64 compressed oops)
# Problematic frame:
# V  [libjvm.so+0x672c7e]
#
# Failed to write core dump. Core dumps have been disabled. To enable core dumping, try "ulimit -c unlimited" before starting Java again
#
# If you would like to submit a bug report, please visit:
#   http://bugreport.java.com/bugreport/crash.jsp
#

---------------  T H R E A D  ---------------

Current thread (0x0000000001e32000):  JavaThread "main" [_thread_in_vm, id=13245, stack(0x00007fff09bf5000,0x00007fff09cf5000)]

siginfo: si_signo: 11 (SIGSEGV), si_code: 1 (SEGV_MAPERR), si_addr: 0x0000000000000000

Registers:
RAX=0x00007f94439099c9, RBX=0x0000000001e32000, RCX=0x0000000000000000, RDX=0x00007f944390f5f8
RSP=0x00007fff09cf1e10, RBP=0x00007fff09cf1e30, RSI=0x0000000000000000, RDI=0x0000000001e32000
R8 =0x00007f9451ab2780, R9 =0x00007f9451ed6700, R10=0x0000000000000001, R11=0x0000000000000000
R12=0x0000000001e321e0, R13=0x0000000000000000, R14=0x0000000000000000, R15=0x00007fff09cf1ff0
RIP=0x00007f944305dc7e, EFLAGS=0x0000000000010202, CSGSFS=0x0000000000000033, ERR=0x0000000000000004
  TRAPNO=0x000000000000000e

Top of Stack: (sp=0x00007fff09cf1e10)
0x00007fff09cf1e10:   000000000000000a 00007fff09cf1ee0
0x00007fff09cf1e20:   0000000000000000 00007fff09cf1fe0
0x00007fff09cf1e30:   00007fff09cf1e50 00007f9443933fba
0x00007fff09cf1e40:   0000000000000000 0000000001e321e0
0x00007fff09cf1e50:   00007fff09cf1eb0 00007f94439344e7
0x00007fff09cf1e60:   0000000000a42101 00007f49429e7f40
0x00007fff09cf1e70:   0000000000000000 0000000001e321e0
0x00007fff09cf1e80:   00007f94429e91c0 00007f94429e7f40
0x00007fff09cf1e90:   00007f9451ab1620 00007f945175981f
0x00007fff09cf1ea0:   00007f94429e7f40 00007f9442776e3e
0x00007fff09cf1eb0:   00007fff09cf1ed0 00007f9443933680
0x00007fff09cf1ec0:   0000000000000000 00007fff09cf1f48
0x00007fff09cf1ed0:   00007fff09cf1ee0 00007f94505f0e20
0x00007fff09cf1ee0:   000000000000000e 00007fff09cf1ff0
0x00007fff09cf1ef0:   00007fff09cf1fc0 00007f94505f088b
0x00007fff09cf1f00:   00007fff09cf1f50 00007fff09cf1f48
0x00007fff09cf1f10:   00007fff09cf1fe0 00007f9443933609
0x00007fff09cf1f20:   00007fff09cf1ff0 00007fff09cf1e30
0x00007fff09cf1f30:   0000000009cf2020 00007fff09cf2080
0x00007fff09cf1f40:   00007f9400000000 0000000000000001
0x00007fff09cf1f50:   00007fff00000001 ffffffffffffffff
0x00007fff09cf1f60:   fffffffffffffff8 9bcdffb2132a1800
0x00007fff09cf1f70:   00000000018ec480 00007fff09cf2080
0x00007fff09cf1f80:   00007fff09cf20e0 9bcdffb2132a1800
0x00007fff09cf1f90:   00007fff09cf1fe0 00007fff09cf2080
0x00007fff09cf1fa0:   0000000000000000 00007fff09cf1fe0
0x00007fff09cf1fb0:   0000000000000000 00007fff09cf1ff0
0x00007fff09cf1fc0:   00007fff09cf20e0 00007f94505eb01a
0x00007fff09cf1fd0:   00007f9451e74630 00000000005844d3
0x00007fff09cf1fe0:   00007f9451e29ab0 9bcdffb2132a1800
0x00007fff09cf1ff0:   0000000000000001 00007f94505eaa1e
0x00007fff09cf2000:   00007f9443eb6480 00007f94505eb48c 

Instructions: (pc=0x00007f944305dc7e)
0x00007f944305dc5e:   ac de 00 00 74 0a 48 89 df 31 db e8 22 a0 39 00
0x00007f944305dc6e:   48 89 df e8 fa f4 ff ff 90 48 8d 05 4b bd 8a 00
0x00007f944305dc7e:   49 8b 55 00 80 38 01 48 19 c0 83 e0 04 44 8b 64
0x00007f944305dc8e:   02 0c 90 48 89 df e8 d7 f6 ff ff 48 83 c4 08 44 

Register to memory mapping:

RAX=0x00007f94439099c9: <offset 0xf1e9c9> in /usr/lib/jvm/java-8-openjdk-amd64/jre/lib/amd64/server/libjvm.so at 0x00007f94429eb000
RBX=0x0000000001e32000 is a thread
RCX=0x0000000000000000 is an unknown value
RDX=0x00007f944390f5f8: <offset 0xf245f8> in /usr/lib/jvm/java-8-openjdk-amd64/jre/lib/amd64/server/libjvm.so at 0x00007f94429eb000
RSP=0x00007fff09cf1e10 is pointing into the stack for thread: 0x0000000001e32000
RBP=0x00007fff09cf1e30 is pointing into the stack for thread: 0x0000000001e32000
RSI=0x0000000000000000 is an unknown value
RDI=0x0000000001e32000 is a thread
R8 =0x00007f9451ab2780: <offset 0x3c6780> in /lib/x86_64-linux-gnu/libc.so.6 at 0x00007f94516ec000
R9 =0x00007f9451ed6700 is an unknown value
R10=0x0000000000000001 is an unknown value
R11=0x0000000000000000 is an unknown value
R12=0x0000000001e321e0 is an unknown value
R13=0x0000000000000000 is an unknown value
R14=0x0000000000000000 is an unknown value
R15=0x00007fff09cf1ff0 is pointing into the stack for thread: 0x0000000001e32000


Stack: [0x00007fff09bf5000,0x00007fff09cf5000],  sp=0x00007fff09cf1e10,  free space=1011k
Native frames: (J=compiled Java code, j=interpreted, Vv=VM code, C=native code)
V  [libjvm.so+0x672c7e]
C  [libAmiCoPyJava.so+0x3fba]  JNIEnv_::GetArrayLength(_jarray*)+0x2e
C  [libAmiCoPyJava.so+0x44e7]  _object* convertJavaArrayToPythonArray<_jintArray*, int>(JNIEnv_*, _jintArray*, char)+0x28
C  [libAmiCoPyJava.so+0x3680]  getEvaluationInfo+0x77
C  [_ctypes.cpython-35m-x86_64-linux-gnu.so+0x1be20]  ffi_call_unix64+0x4c
C  0x00007fff09cf1ff0


---------------  P R O C E S S  ---------------

Java Threads: ( => current thread )
  0x0000000002346800 JavaThread "AWT-EventQueue-0" [_thread_blocked, id=13265, stack(0x00007f941c4af000,0x00007f941c5b0000)]
  0x0000000002344800 JavaThread "AWT-Shutdown" [_thread_blocked, id=13264, stack(0x00007f941c5b0000,0x00007f941c6b1000)]
  0x000000000229d800 JavaThread "AWT-XAWT" daemon [_thread_in_native, id=13263, stack(0x00007f941ccdc000,0x00007f941cddd000)]
  0x0000000002267800 JavaThread "Java2D Disposer" daemon [_thread_blocked, id=13262, stack(0x00007f941d1ed000,0x00007f941d2ee000)]
  0x000000000208b000 JavaThread "Service Thread" daemon [_thread_blocked, id=13260, stack(0x00007f941f1f2000,0x00007f941f2f3000)]
  0x0000000002087800 JavaThread "C1 CompilerThread2" daemon [_thread_blocked, id=13259, stack(0x00007f941f2f3000,0x00007f941f3f4000)]
  0x0000000002086000 JavaThread "C2 CompilerThread1" daemon [_thread_blocked, id=13258, stack(0x00007f941f3f4000,0x00007f941f4f5000)]
  0x0000000002083000 JavaThread "C2 CompilerThread0" daemon [_thread_blocked, id=13257, stack(0x00007f941f4f5000,0x00007f941f5f6000)]
  0x0000000002081800 JavaThread "Signal Dispatcher" daemon [_thread_blocked, id=13256, stack(0x00007f941f5f6000,0x00007f941f6f7000)]
  0x0000000002050000 JavaThread "Finalizer" daemon [_thread_blocked, id=13255, stack(0x00007f941f6f7000,0x00007f941f7f8000)]
  0x000000000204b800 JavaThread "Reference Handler" daemon [_thread_blocked, id=13254, stack(0x00007f941f7f8000,0x00007f941f8f9000)]
=>0x0000000001e32000 JavaThread "main" [_thread_in_vm, id=13245, stack(0x00007fff09bf5000,0x00007fff09cf5000)]

Other Threads:
  0x0000000002044000 VMThread [stack: 0x00007f941f8f9000,0x00007f941f9fa000] [id=13253]
  0x000000000208d000 WatcherThread [stack: 0x00007f941f0f1000,0x00007f941f1f2000] [id=13261]

VM state:not at safepoint (normal execution)

VM Mutex/Monitor currently owned by a thread: None

Heap:
 PSYoungGen      total 36864K, used 26582K [0x00000000d7100000, 0x00000000d9a00000, 0x0000000100000000)
  eden space 31744K, 83% used [0x00000000d7100000,0x00000000d8af59d0,0x00000000d9000000)
  from space 5120K, 0% used [0x00000000d9500000,0x00000000d9500000,0x00000000d9a00000)
  to   space 5120K, 0% used [0x00000000d9000000,0x00000000d9000000,0x00000000d9500000)
 ParOldGen       total 84992K, used 0K [0x0000000085200000, 0x000000008a500000, 0x00000000d7100000)
  object space 84992K, 0% used [0x0000000085200000,0x0000000085200000,0x000000008a500000)
 Metaspace       used 11607K, capacity 11850K, committed 12160K, reserved 1060864K
  class space    used 1227K, capacity 1294K, committed 1408K, reserved 1048576K

Card table byte_map: [0x00007f9431c2a000,0x00007f9432002000] byte_map_base: 0x00007f9431801000

Marking Bits: (ParMarkBitMap*) 0x00007f9443913320
 Begin Bits: [0x00007f942d826000, 0x00007f942f6de000)
 End Bits:   [0x00007f942f6de000, 0x00007f9431596000)

Polling page: 0x00007f9451eef000

CodeCache: size=245760Kb used=4063Kb max_used=4069Kb free=241696Kb
 bounds [0x00007f94323c2000, 0x00007f94327c2000, 0x00007f94413c2000]
 total_blobs=1551 nmethods=1034 adapters=432
 compilation: enabled

Compilation events (10 events):
Event: 21,332 Thread 0x0000000002087800 1030       3       ch.idsia.benchmark.mario.engine.LevelScene::getKillsTotal (4 bytes)
Event: 21,332 Thread 0x0000000002087800 nmethod 1030 0x00007f94327b0850 code [0x00007f94327b09c0, 0x00007f94327b0b10]
Event: 21,332 Thread 0x0000000002087800 1031       3       ch.idsia.benchmark.mario.engine.LevelScene::getKillsByStomp (4 bytes)
Event: 21,333 Thread 0x0000000002087800 nmethod 1031 0x00007f94327b0510 code [0x00007f94327b0680, 0x00007f94327b07d0]
Event: 21,333 Thread 0x0000000002087800 1032       3       ch.idsia.benchmark.mario.engine.LevelScene::getKillsByFire (4 bytes)
Event: 21,333 Thread 0x0000000002087800 nmethod 1032 0x00007f94327bea50 code [0x00007f94327bebc0, 0x00007f94327bed10]
Event: 21,333 Thread 0x0000000002087800 1033       3       ch.idsia.benchmark.mario.engine.LevelScene::getKillsByShell (4 bytes)
Event: 21,333 Thread 0x0000000002087800 nmethod 1033 0x00007f94327be6d0 code [0x00007f94327be840, 0x00007f94327be9b0]
Event: 21,333 Thread 0x0000000002087800 1034       1       java.net.URLClassLoader::access$000 (5 bytes)
Event: 21,333 Thread 0x0000000002087800 nmethod 1034 0x00007f94327a18d0 code [0x00007f94327a1a20, 0x00007f94327a1b10]

GC Heap History (0 events):
No events

Deoptimization events (10 events):
Event: 20,635 Thread 0x0000000001e32000 Uncommon trap: reason=unstable_if action=reinterpret pc=0x00007f9432789c28 method=ch.idsia.benchmark.mario.engine.level.Level.getSpriteTemplate(II)Lch/idsia/benchmark/mario/engine/level/SpriteTemplate; @ 17
Event: 20,635 Thread 0x0000000001e32000 Uncommon trap: reason=unstable_if action=reinterpret pc=0x00007f943269c9a0 method=ch.idsia.benchmark.mario.engine.level.Level.getBlock(II)B @ 17
Event: 20,635 Thread 0x0000000001e32000 Uncommon trap: reason=unstable_if action=reinterpret pc=0x00007f94326a8ad8 method=ch.idsia.benchmark.mario.engine.level.Level.getSpriteTemplate(II)Lch/idsia/benchmark/mario/engine/level/SpriteTemplate; @ 17
Event: 20,678 Thread 0x0000000001e32000 Uncommon trap: reason=unstable_if action=reinterpret pc=0x00007f943278d62c method=ch.idsia.benchmark.mario.engine.level.Level.getBlock(II)B @ 17
Event: 20,717 Thread 0x0000000001e32000 Uncommon trap: reason=unstable_if action=reinterpret pc=0x00007f94327673d4 method=ch.idsia.benchmark.mario.engine.level.Level.getSpriteTemplate(II)Lch/idsia/benchmark/mario/engine/level/SpriteTemplate; @ 17
Event: 20,758 Thread 0x0000000001e32000 Uncommon trap: reason=unstable_if action=reinterpret pc=0x00007f94327873c0 method=ch.idsia.benchmark.mario.environments.MarioEnvironment.getLevelSceneObservationZ(I)[[B @ 71
Event: 20,758 Thread 0x0000000001e32000 Uncommon trap: reason=unstable_if action=reinterpret pc=0x00007f94327720b0 method=ch.idsia.benchmark.mario.environments.MarioEnvironment.getEnemiesObservationZ(I)[[B @ 237
Event: 20,803 Thread 0x0000000001e32000 Uncommon trap: reason=unstable_if action=reinterpret pc=0x00007f9432777670 method=ch.idsia.benchmark.mario.engine.level.Level.getBlock(II)B @ 17
Event: 20,840 Thread 0x0000000001e32000 Uncommon trap: reason=unstable_if action=reinterpret pc=0x00007f9432776058 method=ch.idsia.benchmark.mario.environments.MarioEnvironment.getLevelSceneObservationZ(I)[[B @ 71
Event: 21,292 Thread 0x0000000001e32000 Uncommon trap: reason=unstable_if action=reinterpret pc=0x00007f943279e0b8 method=ch.idsia.benchmark.mario.engine.level.Level.getBlock(II)B @ 17

Classes redefined (0 events):
No events

Internal exceptions (10 events):
Event: 0,168 Thread 0x0000000001e32000 Exception <a 'java/lang/NoSuchFieldError': method resolution failed> (0x00000000d7432550) thrown at [/build/openjdk-8-wnL82d/openjdk-8-8u171-b11/src/hotspot/src/share/vm/prims/methodHandles.cpp, line 1167]
Event: 0,169 Thread 0x0000000001e32000 Exception <a 'java/lang/NoSuchFieldError': method resolution failed> (0x00000000d743fca0) thrown at [/build/openjdk-8-wnL82d/openjdk-8-8u171-b11/src/hotspot/src/share/vm/prims/methodHandles.cpp, line 1167]
Event: 0,188 Thread 0x0000000001e32000 Exception <a 'java/io/FileNotFoundException'> (0x00000000d74bf930) thrown at [/build/openjdk-8-wnL82d/openjdk-8-8u171-b11/src/hotspot/src/share/vm/prims/jni.cpp, line 709]
Event: 0,188 Thread 0x0000000001e32000 Exception <a 'java/io/FileNotFoundException'> (0x00000000d74c0420) thrown at [/build/openjdk-8-wnL82d/openjdk-8-8u171-b11/src/hotspot/src/share/vm/prims/jni.cpp, line 709]
Event: 0,203 Thread 0x0000000001e32000 Exception <a 'java/lang/ClassNotFoundException': sun/dc/DuctusRenderingEngine> (0x00000000d752e2d8) thrown at [/build/openjdk-8-wnL82d/openjdk-8-8u171-b11/src/hotspot/src/share/vm/classfile/systemDictionary.cpp, line 210]
Event: 0,269 Thread 0x0000000001e32000 Exception <a 'java/security/PrivilegedActionException'> (0x00000000d77f2080) thrown at [/build/openjdk-8-wnL82d/openjdk-8-8u171-b11/src/hotspot/src/share/vm/prims/jvm.cpp, line 1435]
Event: 0,269 Thread 0x0000000001e32000 Exception <a 'java/security/PrivilegedActionException'> (0x00000000d77f2478) thrown at [/build/openjdk-8-wnL82d/openjdk-8-8u171-b11/src/hotspot/src/share/vm/prims/jvm.cpp, line 1435]
Event: 0,542 Thread 0x0000000002346800 Exception <a 'java/lang/UnsupportedOperationException': > (0x00000000d8259de0) thrown at [/build/openjdk-8-wnL82d/openjdk-8-8u171-b11/src/hotspot/src/share/vm/prims/jni.cpp, line 735]
Event: 0,546 Thread 0x0000000001e32000 Exception <a 'java/lang/NoClassDefFoundError': org/objectweb/asm/tree/AbstractInsnNode> (0x00000000d836d1a0) thrown at [/build/openjdk-8-wnL82d/openjdk-8-8u171-b11/src/hotspot/src/share/vm/classfile/systemDictionary.cpp, line 199]
Event: 21,333 Thread 0x0000000001e32000 Exception <a 'java/lang/NoClassDefFoundError': org/objectweb/asm/tree/AbstractInsnNode> (0x00000000d8a6e218) thrown at [/build/openjdk-8-wnL82d/openjdk-8-8u171-b11/src/hotspot/src/share/vm/classfile/systemDictionary.cpp, line 199]

Events (10 events):
Event: 20,803 Thread 0x0000000001e32000 DEOPT PACKING pc=0x00007f9432777670 sp=0x00007fff09cf1590
Event: 20,803 Thread 0x0000000001e32000 DEOPT UNPACKING pc=0x00007f943240747a sp=0x00007fff09cf1528 mode 2
Event: 20,840 Thread 0x0000000001e32000 Uncommon trap: trap_request=0xffffff65 fr.pc=0x00007f9432776058
Event: 20,840 Thread 0x0000000001e32000 DEOPT PACKING pc=0x00007f9432776058 sp=0x00007fff09cf1800
Event: 20,840 Thread 0x0000000001e32000 DEOPT UNPACKING pc=0x00007f943240747a sp=0x00007fff09cf17e0 mode 2
Event: 21,292 Thread 0x0000000001e32000 Uncommon trap: trap_request=0xffffff65 fr.pc=0x00007f943279e0b8
Event: 21,292 Thread 0x0000000001e32000 DEOPT PACKING pc=0x00007f943279e0b8 sp=0x00007fff09cf1490
Event: 21,292 Thread 0x0000000001e32000 DEOPT UNPACKING pc=0x00007f943240747a sp=0x00007fff09cf13c0 mode 2
Event: 21,332 loading class org/objectweb/asm/tree/AbstractInsnNode
Event: 21,332 loading class org/objectweb/asm/tree/AbstractInsnNode done


Dynamic libraries:
00400000-007a9000 r-xp 00000000 08:16 6295906                            /usr/bin/python3.5
009a9000-009ab000 r--p 003a9000 08:16 6295906                            /usr/bin/python3.5
009ab000-00a42000 rw-p 003ab000 08:16 6295906                            /usr/bin/python3.5
00a42000-00a73000 rw-p 00000000 00:00 0 
018eb000-023a0000 rw-p 00000000 00:00 0                                  [heap]
85200000-8a500000 rw-p 00000000 00:00 0 
8a500000-d7100000 ---p 00000000 00:00 0 
d7100000-d9a00000 rw-p 00000000 00:00 0 
d9a00000-100000000 ---p 00000000 00:00 0 
100000000-100160000 rw-p 00000000 00:00 0 
100160000-140000000 ---p 00000000 00:00 0 
7f93dc000000-7f93dc021000 rw-p 00000000 00:00 0 
7f93dc021000-7f93e0000000 ---p 00000000 00:00 0 
7f93e4000000-7f93e4021000 rw-p 00000000 00:00 0 
7f93e4021000-7f93e8000000 ---p 00000000 00:00 0 
7f93e8fff000-7f93ec000000 rw-p 00000000 00:00 0 
7f93ec000000-7f93ec021000 rw-p 00000000 00:00 0 
7f93ec021000-7f93f0000000 ---p 00000000 00:00 0 
7f93f0000000-7f93f0021000 rw-p 00000000 00:00 0 
7f93f0021000-7f93f4000000 ---p 00000000 00:00 0 
7f93f4000000-7f93f4021000 rw-p 00000000 00:00 0 
7f93f4021000-7f93f8000000 ---p 00000000 00:00 0 
7f93f8000000-7f93f8021000 rw-p 00000000 00:00 0 
7f93f8021000-7f93fc000000 ---p 00000000 00:00 0 
7f93fc000000-7f93fc37a000 rw-p 00000000 00:00 0 
7f93fc37a000-7f9400000000 ---p 00000000 00:00 0 
7f9400000000-7f940044d000 rw-p 00000000 00:00 0 
7f940044d000-7f9404000000 ---p 00000000 00:00 0 
7f9404000000-7f9404021000 rw-p 00000000 00:00 0 
7f9404021000-7f9408000000 ---p 00000000 00:00 0 
7f9408000000-7f94084cb000 rw-p 00000000 00:00 0 
7f94084cb000-7f940c000000 ---p 00000000 00:00 0 
7f940c000000-7f940c021000 rw-p 00000000 00:00 0 
7f940c021000-7f9410000000 ---p 00000000 00:00 0 
7f9410000000-7f9410021000 rw-p 00000000 00:00 0 
7f9410021000-7f9414000000 ---p 00000000 00:00 0 
7f9414000000-7f9414021000 rw-p 00000000 00:00 0 
7f9414021000-7f9418000000 ---p 00000000 00:00 0 
7f9418000000-7f9418021000 rw-p 00000000 00:00 0 
7f9418021000-7f941c000000 ---p 00000000 00:00 0 
7f941c264000-7f941c2af000 rw-s 00000000 00:05 9797663                    /SYSV00000000 (deleted)
7f941c2af000-7f941c32f000 rw-p 00000000 00:00 0 
7f941c32f000-7f941c4af000 ---p 00000000 00:00 0 
7f941c4af000-7f941c4b2000 ---p 00000000 00:00 0 
7f941c4b2000-7f941c5b0000 rw-p 00000000 00:00 0 
7f941c5b0000-7f941c5b3000 ---p 00000000 00:00 0 
7f941c5b3000-7f941c8b1000 rw-p 00000000 00:00 0 
7f941c8b1000-7f941c8c7000 r-xp 00000000 08:16 6301775                    /usr/lib/jvm/java-8-openjdk-amd64/jre/lib/amd64/libnet.so
7f941c8c7000-7f941cac7000 ---p 00016000 08:16 6301775                    /usr/lib/jvm/java-8-openjdk-amd64/jre/lib/amd64/libnet.so
7f941cac7000-7f941cac8000 r--p 00016000 08:16 6301775                    /usr/lib/jvm/java-8-openjdk-amd64/jre/lib/amd64/libnet.so
7f941cac8000-7f941cac9000 rw-p 00017000 08:16 6301775                    /usr/lib/jvm/java-8-openjdk-amd64/jre/lib/amd64/libnet.so
7f941cac9000-7f941cada000 r-xp 00000000 08:16 6301781                    /usr/lib/jvm/java-8-openjdk-amd64/jre/lib/amd64/libnio.so
7f941cada000-7f941ccda000 ---p 00011000 08:16 6301781                    /usr/lib/jvm/java-8-openjdk-amd64/jre/lib/amd64/libnio.so
7f941ccda000-7f941ccdb000 r--p 00011000 08:16 6301781                    /usr/lib/jvm/java-8-openjdk-amd64/jre/lib/amd64/libnio.so
7f941ccdb000-7f941ccdc000 rw-p 00012000 08:16 6301781                    /usr/lib/jvm/java-8-openjdk-amd64/jre/lib/amd64/libnio.so
7f941ccdc000-7f941ccdf000 ---p 00000000 00:00 0 
7f941ccdf000-7f941cddd000 rw-p 00000000 00:00 0 
7f941cddd000-7f941cde2000 r-xp 00000000 08:16 6299941                    /usr/lib/x86_64-linux-gnu/libXfixes.so.3.1.0
7f941cde2000-7f941cfe1000 ---p 00005000 08:16 6299941                    /usr/lib/x86_64-linux-gnu/libXfixes.so.3.1.0
7f941cfe1000-7f941cfe2000 r--p 00004000 08:16 6299941                    /usr/lib/x86_64-linux-gnu/libXfixes.so.3.1.0
7f941cfe2000-7f941cfe3000 rw-p 00005000 08:16 6299941                    /usr/lib/x86_64-linux-gnu/libXfixes.so.3.1.0
7f941cfe3000-7f941cfec000 r-xp 00000000 08:16 6297463                    /usr/lib/x86_64-linux-gnu/libXcursor.so.1.0.2
7f941cfec000-7f941d1eb000 ---p 00009000 08:16 6297463                    /usr/lib/x86_64-linux-gnu/libXcursor.so.1.0.2
7f941d1eb000-7f941d1ec000 r--p 00008000 08:16 6297463                    /usr/lib/x86_64-linux-gnu/libXcursor.so.1.0.2
7f941d1ec000-7f941d1ed000 rw-p 00009000 08:16 6297463                    /usr/lib/x86_64-linux-gnu/libXcursor.so.1.0.2
7f941d1ed000-7f941d1f0000 ---p 00000000 00:00 0 
7f941d1f0000-7f941d2ee000 rw-p 00000000 00:00 0 
7f941d2ee000-7f941d312000 r-xp 00000000 08:16 2364015                    /lib/x86_64-linux-gnu/libpng12.so.0.54.0
7f941d312000-7f941d511000 ---p 00024000 08:16 2364015                    /lib/x86_64-linux-gnu/libpng12.so.0.54.0
7f941d511000-7f941d512000 r--p 00023000 08:16 2364015                    /lib/x86_64-linux-gnu/libpng12.so.0.54.0
7f941d512000-7f941d513000 rw-p 00024000 08:16 2364015                    /lib/x86_64-linux-gnu/libpng12.so.0.54.0
7f941d513000-7f941d5b7000 r-xp 00000000 08:16 6291656                    /usr/lib/x86_64-linux-gnu/libfreetype.so.6.12.1
7f941d5b7000-7f941d7b6000 ---p 000a4000 08:16 6291656                    /usr/lib/x86_64-linux-gnu/libfreetype.so.6.12.1
7f941d7b6000-7f941d7bc000 r--p 000a3000 08:16 6291656                    /usr/lib/x86_64-linux-gnu/libfreetype.so.6.12.1
7f941d7bc000-7f941d7bd000 rw-p 000a9000 08:16 6291656                    /usr/lib/x86_64-linux-gnu/libfreetype.so.6.12.1
7f941d7da000-7f941d82c000 r-xp 00000000 08:16 6301750                    /usr/lib/jvm/java-8-openjdk-amd64/jre/lib/amd64/libfontmanager.so
7f941d82c000-7f941da2c000 ---p 00052000 08:16 6301750                    /usr/lib/jvm/java-8-openjdk-amd64/jre/lib/amd64/libfontmanager.so
7f941da2c000-7f941da2e000 r--p 00052000 08:16 6301750                    /usr/lib/jvm/java-8-openjdk-amd64/jre/lib/amd64/libfontmanager.so
7f941da2e000-7f941da2f000 rw-p 00054000 08:16 6301750                    /usr/lib/jvm/java-8-openjdk-amd64/jre/lib/amd64/libfontmanager.so
7f941da2f000-7f941da34000 r-xp 00000000 08:16 6299937                    /usr/lib/x86_64-linux-gnu/libXdmcp.so.6.0.0
7f941da34000-7f941dc33000 ---p 00005000 08:16 6299937                    /usr/lib/x86_64-linux-gnu/libXdmcp.so.6.0.0
7f941dc33000-7f941dc34000 r--p 00004000 08:16 6299937                    /usr/lib/x86_64-linux-gnu/libXdmcp.so.6.0.0
7f941dc34000-7f941dc35000 rw-p 00005000 08:16 6299937                    /usr/lib/x86_64-linux-gnu/libXdmcp.so.6.0.0
7f941dc35000-7f941dc37000 r-xp 00000000 08:16 6299926                    /usr/lib/x86_64-linux-gnu/libXau.so.6.0.0
7f941dc37000-7f941de37000 ---p 00002000 08:16 6299926                    /usr/lib/x86_64-linux-gnu/libXau.so.6.0.0
7f941de37000-7f941de38000 r--p 00002000 08:16 6299926                    /usr/lib/x86_64-linux-gnu/libXau.so.6.0.0
7f941de38000-7f941de39000 rw-p 00003000 08:16 6299926                    /usr/lib/x86_64-linux-gnu/libXau.so.6.0.0
7f941de39000-7f941de5a000 r-xp 00000000 08:16 6301304                    /usr/lib/x86_64-linux-gnu/libxcb.so.1.1.0
7f941de5a000-7f941e059000 ---p 00021000 08:16 6301304                    /usr/lib/x86_64-linux-gnu/libxcb.so.1.1.0
7f941e059000-7f941e05a000 r--p 00020000 08:16 6301304                    /usr/lib/x86_64-linux-gnu/libxcb.so.1.1.0
7f941e05a000-7f941e05b000 rw-p 00021000 08:16 6301304                    /usr/lib/x86_64-linux-gnu/libxcb.so.1.1.0
7f941e05b000-7f941e06a000 r-xp 00000000 08:16 6299947                    /usr/lib/x86_64-linux-gnu/libXi.so.6.1.0
7f941e06a000-7f941e269000 ---p 0000f000 08:16 6299947                    /usr/lib/x86_64-linux-gnu/libXi.so.6.1.0
7f941e269000-7f941e26a000 r--p 0000e000 08:16 6299947                    /usr/lib/x86_64-linux-gnu/libXi.so.6.1.0
7f941e26a000-7f941e26b000 rw-p 0000f000 08:16 6299947                    /usr/lib/x86_64-linux-gnu/libXi.so.6.1.0
7f941e26b000-7f941e270000 r-xp 00000000 08:16 6299965                    /usr/lib/x86_64-linux-gnu/libXtst.so.6.1.0
7f941e270000-7f941e46f000 ---p 00005000 08:16 6299965                    /usr/lib/x86_64-linux-gnu/libXtst.so.6.1.0
7f941e46f000-7f941e470000 r--p 00004000 08:16 6299965                    /usr/lib/x86_64-linux-gnu/libXtst.so.6.1.0
7f941e470000-7f941e471000 rw-p 00005000 08:16 6299965                    /usr/lib/x86_64-linux-gnu/libXtst.so.6.1.0
7f941e471000-7f941e47a000 r-xp 00000000 08:16 6299959                    /usr/lib/x86_64-linux-gnu/libXrender.so.1.3.0
7f941e47a000-7f941e679000 ---p 00009000 08:16 6299959                    /usr/lib/x86_64-linux-gnu/libXrender.so.1.3.0
7f941e679000-7f941e67a000 r--p 00008000 08:16 6299959                    /usr/lib/x86_64-linux-gnu/libXrender.so.1.3.0
7f941e67a000-7f941e67b000 rw-p 00009000 08:16 6299959                    /usr/lib/x86_64-linux-gnu/libXrender.so.1.3.0
7f941e67b000-7f941e7b0000 r-xp 00000000 08:16 6299922                    /usr/lib/x86_64-linux-gnu/libX11.so.6.3.0
7f941e7b0000-7f941e9b0000 ---p 00135000 08:16 6299922                    /usr/lib/x86_64-linux-gnu/libX11.so.6.3.0
7f941e9b0000-7f941e9b1000 r--p 00135000 08:16 6299922                    /usr/lib/x86_64-linux-gnu/libX11.so.6.3.0
7f941e9b1000-7f941e9b5000 rw-p 00136000 08:16 6299922                    /usr/lib/x86_64-linux-gnu/libX11.so.6.3.0
7f941e9b5000-7f941e9c6000 r-xp 00000000 08:16 6299939                    /usr/lib/x86_64-linux-gnu/libXext.so.6.4.0
7f941e9c6000-7f941ebc5000 ---p 00011000 08:16 6299939                    /usr/lib/x86_64-linux-gnu/libXext.so.6.4.0
7f941ebc5000-7f941ebc6000 r--p 00010000 08:16 6299939                    /usr/lib/x86_64-linux-gnu/libXext.so.6.4.0
7f941ebc6000-7f941ebc7000 rw-p 00011000 08:16 6299939                    /usr/lib/x86_64-linux-gnu/libXext.so.6.4.0
7f941ebc7000-7f941ec1c000 r-xp 00000000 08:16 6301754                    /usr/lib/jvm/java-8-openjdk-amd64/jre/lib/amd64/libawt_xawt.so
7f941ec1c000-7f941ee1b000 ---p 00055000 08:16 6301754                    /usr/lib/jvm/java-8-openjdk-amd64/jre/lib/amd64/libawt_xawt.so
7f941ee1b000-7f941ee1c000 r--p 00054000 08:16 6301754                    /usr/lib/jvm/java-8-openjdk-amd64/jre/lib/amd64/libawt_xawt.so
7f941ee1c000-7f941ee1f000 rw-p 00055000 08:16 6301754                    /usr/lib/jvm/java-8-openjdk-amd64/jre/lib/amd64/libawt_xawt.so
7f941ee1f000-7f941ee20000 rw-p 00000000 00:00 0 
7f941ee20000-7f941eec0000 r-xp 00000000 08:16 6301753                    /usr/lib/jvm/java-8-openjdk-amd64/jre/lib/amd64/libawt.so
7f941eec0000-7f941f0c0000 ---p 000a0000 08:16 6301753                    /usr/lib/jvm/java-8-openjdk-amd64/jre/lib/amd64/libawt.so
7f941f0c0000-7f941f0c1000 r--p 000a0000 08:16 6301753                    /usr/lib/jvm/java-8-openjdk-amd64/jre/lib/amd64/libawt.so
7f941f0c1000-7f941f0cc000 rw-p 000a1000 08:16 6301753                    /usr/lib/jvm/java-8-openjdk-amd64/jre/lib/amd64/libawt.so
7f941f0cc000-7f941f0f1000 rw-p 00000000 00:00 0 
7f941f0f1000-7f941f0f2000 ---p 00000000 00:00 0 
7f941f0f2000-7f941f1f2000 rw-p 00000000 00:00 0 
7f941f1f2000-7f941f1f5000 ---p 00000000 00:00 0 
7f941f1f5000-7f941f2f3000 rw-p 00000000 00:00 0 
7f941f2f3000-7f941f2f6000 ---p 00000000 00:00 0 
7f941f2f6000-7f941f3f4000 rw-p 00000000 00:00 0 
7f941f3f4000-7f941f3f7000 ---p 00000000 00:00 0 
7f941f3f7000-7f941f4f5000 rw-p 00000000 00:00 0 
7f941f4f5000-7f941f4f8000 ---p 00000000 00:00 0 
7f941f4f8000-7f941f5f6000 rw-p 00000000 00:00 0 
7f941f5f6000-7f941f5f9000 ---p 00000000 00:00 0 
7f941f5f9000-7f941f6f7000 rw-p 00000000 00:00 0 
7f941f6f7000-7f941f6fa000 ---p 00000000 00:00 0 
7f941f6fa000-7f941f7f8000 rw-p 00000000 00:00 0 
7f941f7f8000-7f941f7fb000 ---p 00000000 00:00 0 
7f941f7fb000-7f941f8f9000 rw-p 00000000 00:00 0 
7f941f8f9000-7f941f8fa000 ---p 00000000 00:00 0 
7f941f8fa000-7f9420000000 rw-p 00000000 00:00 0 
7f9420000000-7f9420021000 rw-p 00000000 00:00 0 
7f9420021000-7f9424000000 ---p 00000000 00:00 0 
7f9424000000-7f9424021000 rw-p 00000000 00:00 0 
7f9424021000-7f9428000000 ---p 00000000 00:00 0 
7f9428000000-7f9428021000 rw-p 00000000 00:00 0 
7f9428021000-7f942c000000 ---p 00000000 00:00 0 
7f942c00b000-7f942c01e000 r--s 00346000 08:16 6301744                    /usr/lib/jvm/java-8-openjdk-amd64/jre/lib/resources.jar
7f942c01e000-7f942c044000 r--p 00000000 08:16 7618160                    /usr/share/locale-langpack/fr/LC_MESSAGES/libc.mo
7f942c044000-7f942c0da000 r--s 008d7000 08:16 6687607                    /usr/share/java/openjfx/jre/lib/ext/jfxrt.jar
7f942c0da000-7f942c9e3000 rw-p 00000000 00:00 0 
7f942c9e3000-7f942cbb2000 r--s 03c2f000 08:16 6306841                    /usr/lib/jvm/java-8-openjdk-amd64/jre/lib/rt.jar
7f942cbb2000-7f9431596000 rw-p 00000000 00:00 0 
7f9431596000-7f9431597000 ---p 00000000 00:00 0 
7f9431597000-7f9431697000 rw-p 00000000 00:00 0 
7f9431697000-7f9431698000 ---p 00000000 00:00 0 
7f9431698000-7f9431798000 rw-p 00000000 00:00 0 
7f9431798000-7f9431799000 ---p 00000000 00:00 0 
7f9431799000-7f9431899000 rw-p 00000000 00:00 0 
7f9431899000-7f943189a000 ---p 00000000 00:00 0 
7f943189a000-7f94319c4000 rw-p 00000000 00:00 0 
7f94319c4000-7f9431c2a000 ---p 00000000 00:00 0 
7f9431c2a000-7f9431c54000 rw-p 00000000 00:00 0 
7f9431c54000-7f9431eb9000 ---p 00000000 00:00 0 
7f9431eb9000-7f9431ece000 rw-p 00000000 00:00 0 
7f9431ece000-7f9432001000 ---p 00000000 00:00 0 
7f9432001000-7f9432012000 rw-p 00000000 00:00 0 
7f9432012000-7f94323c2000 ---p 00000000 00:00 0 
7f94323c2000-7f94327c2000 rwxp 00000000 00:00 0 
7f94327c2000-7f94413c2000 ---p 00000000 00:00 0 
7f94413c2000-7f94413ca000 r-xp 00000000 08:16 6301768                    /usr/lib/jvm/java-8-openjdk-amd64/jre/lib/amd64/libzip.so
7f94413ca000-7f94415c9000 ---p 00008000 08:16 6301768                    /usr/lib/jvm/java-8-openjdk-amd64/jre/lib/amd64/libzip.so
7f94415c9000-7f94415ca000 r--p 00007000 08:16 6301768                    /usr/lib/jvm/java-8-openjdk-amd64/jre/lib/amd64/libzip.so
7f94415ca000-7f94415cb000 rw-p 00008000 08:16 6301768                    /usr/lib/jvm/java-8-openjdk-amd64/jre/lib/amd64/libzip.so
7f94415cb000-7f94415d6000 r-xp 00000000 08:16 2363771                    /lib/x86_64-linux-gnu/libnss_files-2.23.so
7f94415d6000-7f94417d5000 ---p 0000b000 08:16 2363771                    /lib/x86_64-linux-gnu/libnss_files-2.23.so
7f94417d5000-7f94417d6000 r--p 0000a000 08:16 2363771                    /lib/x86_64-linux-gnu/libnss_files-2.23.so
7f94417d6000-7f94417d7000 rw-p 0000b000 08:16 2363771                    /lib/x86_64-linux-gnu/libnss_files-2.23.so
7f94417d7000-7f94417dd000 rw-p 00000000 00:00 0 
7f94417dd000-7f94417e8000 r-xp 00000000 08:16 2363894                    /lib/x86_64-linux-gnu/libnss_nis-2.23.so
7f94417e8000-7f94419e7000 ---p 0000b000 08:16 2363894                    /lib/x86_64-linux-gnu/libnss_nis-2.23.so
7f94419e7000-7f94419e8000 r--p 0000a000 08:16 2363894                    /lib/x86_64-linux-gnu/libnss_nis-2.23.so
7f94419e8000-7f94419e9000 rw-p 0000b000 08:16 2363894                    /lib/x86_64-linux-gnu/libnss_nis-2.23.so
7f94419e9000-7f94419ff000 r-xp 00000000 08:16 2359388                    /lib/x86_64-linux-gnu/libnsl-2.23.so
7f94419ff000-7f9441bfe000 ---p 00016000 08:16 2359388                    /lib/x86_64-linux-gnu/libnsl-2.23.so
7f9441bfe000-7f9441bff000 r--p 00015000 08:16 2359388                    /lib/x86_64-linux-gnu/libnsl-2.23.so
7f9441bff000-7f9441c00000 rw-p 00016000 08:16 2359388                    /lib/x86_64-linux-gnu/libnsl-2.23.so
7f9441c00000-7f9441c02000 rw-p 00000000 00:00 0 
7f9441c02000-7f9441c0a000 r-xp 00000000 08:16 2360620                    /lib/x86_64-linux-gnu/libnss_compat-2.23.so
7f9441c0a000-7f9441e09000 ---p 00008000 08:16 2360620                    /lib/x86_64-linux-gnu/libnss_compat-2.23.so
7f9441e09000-7f9441e0a000 r--p 00007000 08:16 2360620                    /lib/x86_64-linux-gnu/libnss_compat-2.23.so
7f9441e0a000-7f9441e0b000 rw-p 00008000 08:16 2360620                    /lib/x86_64-linux-gnu/libnss_compat-2.23.so
7f9441e0b000-7f9441e38000 r-xp 00000000 08:16 6301759                    /usr/lib/jvm/java-8-openjdk-amd64/jre/lib/amd64/libjava.so
7f9441e38000-7f9442037000 ---p 0002d000 08:16 6301759                    /usr/lib/jvm/java-8-openjdk-amd64/jre/lib/amd64/libjava.so
7f9442037000-7f9442038000 r--p 0002c000 08:16 6301759                    /usr/lib/jvm/java-8-openjdk-amd64/jre/lib/amd64/libjava.so
7f9442038000-7f944203a000 rw-p 0002d000 08:16 6301759                    /usr/lib/jvm/java-8-openjdk-amd64/jre/lib/amd64/libjava.so
7f944203a000-7f9442049000 r-xp 00000000 08:16 6301745                    /usr/lib/jvm/java-8-openjdk-amd64/jre/lib/amd64/libverify.so
7f9442049000-7f9442248000 ---p 0000f000 08:16 6301745                    /usr/lib/jvm/java-8-openjdk-amd64/jre/lib/amd64/libverify.so
7f9442248000-7f944224a000 r--p 0000e000 08:16 6301745                    /usr/lib/jvm/java-8-openjdk-amd64/jre/lib/amd64/libverify.so
7f944224a000-7f944224b000 rw-p 00010000 08:16 6301745                    /usr/lib/jvm/java-8-openjdk-amd64/jre/lib/amd64/libverify.so
7f944224b000-7f9442252000 r-xp 00000000 08:16 2363895                    /lib/x86_64-linux-gnu/librt-2.23.so
7f9442252000-7f9442451000 ---p 00007000 08:16 2363895                    /lib/x86_64-linux-gnu/librt-2.23.so
7f9442451000-7f9442452000 r--p 00006000 08:16 2363895                    /lib/x86_64-linux-gnu/librt-2.23.so
7f9442452000-7f9442453000 rw-p 00007000 08:16 2363895                    /lib/x86_64-linux-gnu/librt-2.23.so
7f9442453000-7f9442469000 r-xp 00000000 08:16 2363912                    /lib/x86_64-linux-gnu/libgcc_s.so.1
7f9442469000-7f9442668000 ---p 00016000 08:16 2363912                    /lib/x86_64-linux-gnu/libgcc_s.so.1
7f9442668000-7f9442669000 rw-p 00015000 08:16 2363912                    /lib/x86_64-linux-gnu/libgcc_s.so.1
7f9442669000-7f94427db000 r-xp 00000000 08:16 6291847                    /usr/lib/x86_64-linux-gnu/libstdc++.so.6.0.21
7f94427db000-7f94429db000 ---p 00172000 08:16 6291847                    /usr/lib/x86_64-linux-gnu/libstdc++.so.6.0.21
7f94429db000-7f94429e5000 r--p 00172000 08:16 6291847                    /usr/lib/x86_64-linux-gnu/libstdc++.so.6.0.21
7f94429e5000-7f94429e7000 rw-p 0017c000 08:16 6291847                    /usr/lib/x86_64-linux-gnu/libstdc++.so.6.0.21
7f94429e7000-7f94429eb000 rw-p 00000000 00:00 0 
7f94429eb000-7f9443644000 r-xp 00000000 08:16 6301773                    /usr/lib/jvm/java-8-openjdk-amd64/jre/lib/amd64/server/libjvm.so
7f9443644000-7f9443844000 ---p 00c59000 08:16 6301773                    /usr/lib/jvm/java-8-openjdk-amd64/jre/lib/amd64/server/libjvm.so
7f9443844000-7f94438d7000 r--p 00c59000 08:16 6301773                    /usr/lib/jvm/java-8-openjdk-amd64/jre/lib/amd64/server/libjvm.so
7f94438d7000-7f9443900000 rw-p 00cec000 08:16 6301773                    /usr/lib/jvm/java-8-openjdk-amd64/jre/lib/amd64/server/libjvm.so
7f9443900000-7f9443930000 rw-p 00000000 00:00 0 
7f9443930000-7f9443936000 r-xp 00000000 08:05 238902                     /media/matthieu/Data/Matthieu/##Etude/#Licence_3eme_annee/##Mario/MarioBros-MachineLearning/mario-ai-master/src/main/bin/AmiCoBuild/PyJava/libAmiCoPyJava.so
7f9443936000-7f9443b35000 ---p 00006000 08:05 238902                     /media/matthieu/Data/Matthieu/##Etude/#Licence_3eme_annee/##Mario/MarioBros-MachineLearning/mario-ai-master/src/main/bin/AmiCoBuild/PyJava/libAmiCoPyJava.so
7f9443b35000-7f9443b36000 r--p 00005000 08:05 238902                     /media/matthieu/Data/Matthieu/##Etude/#Licence_3eme_annee/##Mario/MarioBros-MachineLearning/mario-ai-master/src/main/bin/AmiCoBuild/PyJava/libAmiCoPyJava.so
7f9443b36000-7f9443b37000 rw-p 00006000 08:05 238902                     /media/matthieu/Data/Matthieu/##Etude/#Licence_3eme_annee/##Mario/MarioBros-MachineLearning/mario-ai-master/src/main/bin/AmiCoBuild/PyJava/libAmiCoPyJava.so
7f9443b37000-7f9443bb7000 rw-p 00000000 00:00 0 
7f9443bb7000-7f9443c72000 r-xp 00000000 08:16 1319283                    /usr/local/lib/python3.5/dist-packages/numpy/random/mtrand.cpython-35m-x86_64-linux-gnu.so
7f9443c72000-7f9443e72000 ---p 000bb000 08:16 1319283                    /usr/local/lib/python3.5/dist-packages/numpy/random/mtrand.cpython-35m-x86_64-linux-gnu.so
7f9443e72000-7f9443e97000 rw-p 000bb000 08:16 1319283                    /usr/local/lib/python3.5/dist-packages/numpy/random/mtrand.cpython-35m-x86_64-linux-gnu.so
7f9443e97000-7f9443ed9000 rw-p 00000000 00:00 0 
7f9443ed9000-7f9443ee2000 r-xp 00000000 08:16 3496                       /usr/local/lib/python3.5/dist-packages/numpy/fft/fftpack_lite.cpython-35m-x86_64-linux-gnu.so
7f9443ee2000-7f94440e1000 ---p 00009000 08:16 3496                       /usr/local/lib/python3.5/dist-packages/numpy/fft/fftpack_lite.cpython-35m-x86_64-linux-gnu.so
7f94440e1000-7f94440e2000 rw-p 00008000 08:16 3496                       /usr/local/lib/python3.5/dist-packages/numpy/fft/fftpack_lite.cpython-35m-x86_64-linux-gnu.so
7f94440e2000-7f9444122000 rw-p 00000000 00:00 0 
7f9444122000-7f9444159000 r-xp 00000000 08:16 6300738                    /usr/lib/x86_64-linux-gnu/libmpdec.so.2.4.2
7f9444159000-7f9444358000 ---p 00037000 08:16 6300738                    /usr/lib/x86_64-linux-gnu/libmpdec.so.2.4.2
7f9444358000-7f9444359000 r--p 00036000 08:16 6300738                    /usr/lib/x86_64-linux-gnu/libmpdec.so.2.4.2
7f9444359000-7f944435a000 rw-p 00037000 08:16 6300738                    /usr/lib/x86_64-linux-gnu/libmpdec.so.2.4.2
7f944435a000-7f944437e000 r-xp 00000000 08:16 6556725                    /usr/lib/python3.5/lib-dynload/_decimal.cpython-35m-x86_64-linux-gnu.so
7f944437e000-7f944457d000 ---p 00024000 08:16 6556725                    /usr/lib/python3.5/lib-dynload/_decimal.cpython-35m-x86_64-linux-gnu.so
7f944457d000-7f944457e000 r--p 00023000 08:16 6556725                    /usr/lib/python3.5/lib-dynload/_decimal.cpython-35m-x86_64-linux-gnu.so
7f944457e000-7f9444587000 rw-p 00024000 08:16 6556725                    /usr/lib/python3.5/lib-dynload/_decimal.cpython-35m-x86_64-linux-gnu.so
7f9444587000-7f94445c7000 rw-p 00000000 00:00 0 
7f94445c7000-7f94445f0000 r-xp 00000000 08:16 1319301                    /usr/local/lib/python3.5/dist-packages/numpy/linalg/_umath_linalg.cpython-35m-x86_64-linux-gnu.so
7f94445f0000-7f94447ef000 ---p 00029000 08:16 1319301                    /usr/local/lib/python3.5/dist-packages/numpy/linalg/_umath_linalg.cpython-35m-x86_64-linux-gnu.so
7f94447ef000-7f94447f4000 rw-p 00028000 08:16 1319301                    /usr/local/lib/python3.5/dist-packages/numpy/linalg/_umath_linalg.cpython-35m-x86_64-linux-gnu.so
7f94447f4000-7f94447f8000 r-xp 00000000 08:16 1319302                    /usr/local/lib/python3.5/dist-packages/numpy/linalg/lapack_lite.cpython-35m-x86_64-linux-gnu.so
7f94447f8000-7f94449f8000 ---p 00004000 08:16 1319302                    /usr/local/lib/python3.5/dist-packages/numpy/linalg/lapack_lite.cpython-35m-x86_64-linux-gnu.so
7f94449f8000-7f94449fb000 rw-p 00004000 08:16 1319302                    /usr/local/lib/python3.5/dist-packages/numpy/linalg/lapack_lite.cpython-35m-x86_64-linux-gnu.so
7f94449fb000-7f9444cbc000 rw-p 00000000 00:00 0 
7f9444cbc000-7f9444e4d000 r-xp 00000000 08:16 1319343                    /usr/local/lib/python3.5/dist-packages/numpy/core/umath.cpython-35m-x86_64-linux-gnu.so
7f9444e4d000-7f944504d000 ---p 00191000 08:16 1319343                    /usr/local/lib/python3.5/dist-packages/numpy/core/umath.cpython-35m-x86_64-linux-gnu.so
7f944504d000-7f9445053000 rw-p 00191000 08:16 1319343                    /usr/local/lib/python3.5/dist-packages/numpy/core/umath.cpython-35m-x86_64-linux-gnu.so
7f9445053000-7f9445095000 rw-p 00000000 00:00 0 
7f9445095000-7f9447095000 rw-p 00000000 00:00 0 
7f9447095000-7f944b095000 rw-p 00000000 00:00 0 
7f944b095000-7f944b096000 ---p 00000000 00:00 0 
7f944b096000-7f944b896000 rw-p 00000000 00:00 0 
7f944b896000-7f944b897000 ---p 00000000 00:00 0 
7f944b897000-7f944c097000 rw-p 00000000 00:00 0 
7f944c097000-7f944c098000 ---p 00000000 00:00 0 
7f944c098000-7f944c898000 rw-p 00000000 00:00 0 
7f944c898000-7f944c988000 r-xp 00000000 08:16 1319298                    /usr/local/lib/python3.5/dist-packages/numpy/.libs/libgfortran-ed201abd.so.3.0.0
7f944c988000-7f944cb87000 ---p 000f0000 08:16 1319298                    /usr/local/lib/python3.5/dist-packages/numpy/.libs/libgfortran-ed201abd.so.3.0.0
7f944cb87000-7f944cb89000 rw-p 000ef000 08:16 1319298                    /usr/local/lib/python3.5/dist-packages/numpy/.libs/libgfortran-ed201abd.so.3.0.0
7f944cb89000-7f944cb8a000 rw-p 00000000 00:00 0 
7f944cb8a000-7f944cb92000 rw-p 000f2000 08:16 1319298                    /usr/local/lib/python3.5/dist-packages/numpy/.libs/libgfortran-ed201abd.so.3.0.0
7f944cb92000-7f944eea6000 r-xp 00000000 08:16 1319297                    /usr/local/lib/python3.5/dist-packages/numpy/.libs/libopenblasp-r0-39a31c03.2.18.so
7f944eea6000-7f944f0a5000 ---p 02314000 08:16 1319297                    /usr/local/lib/python3.5/dist-packages/numpy/.libs/libopenblasp-r0-39a31c03.2.18.so
7f944f0a5000-7f944f0c4000 rw-p 02313000 08:16 1319297                    /usr/local/lib/python3.5/dist-packages/numpy/.libs/libopenblasp-r0-39a31c03.2.18.so
7f944f0c4000-7f944f127000 rw-p 00000000 00:00 0 
7f944f127000-7f944f1bd000 rw-p 02425000 08:16 1319297                    /usr/local/lib/python3.5/dist-packages/numpy/.libs/libopenblasp-r0-39a31c03.2.18.so
7f944f1bd000-7f944f395000 r-xp 00000000 08:16 1319350                    /usr/local/lib/python3.5/dist-packages/numpy/core/multiarray.cpython-35m-x86_64-linux-gnu.so
7f944f395000-7f944f595000 ---p 001d8000 08:16 1319350                    /usr/local/lib/python3.5/dist-packages/numpy/core/multiarray.cpython-35m-x86_64-linux-gnu.so
7f944f595000-7f944f5ae000 rw-p 001d8000 08:16 1319350                    /usr/local/lib/python3.5/dist-packages/numpy/core/multiarray.cpython-35m-x86_64-linux-gnu.so
7f944f5ae000-7f944f5c6000 rw-p 00000000 00:00 0 
7f944f5c6000-7f944f5cc000 rw-p 001f2000 08:16 1319350                    /usr/local/lib/python3.5/dist-packages/numpy/core/multiarray.cpython-35m-x86_64-linux-gnu.so
7f944f5cc000-7f944f60c000 rw-p 00000000 00:00 0 
7f944f60c000-7f944f826000 r-xp 00000000 08:16 2363782                    /lib/x86_64-linux-gnu/libcrypto.so.1.0.0
7f944f826000-7f944fa25000 ---p 0021a000 08:16 2363782                    /lib/x86_64-linux-gnu/libcrypto.so.1.0.0
7f944fa25000-7f944fa41000 r--p 00219000 08:16 2363782                    /lib/x86_64-linux-gnu/libcrypto.so.1.0.0
7f944fa41000-7f944fa4d000 rw-p 00235000 08:16 2363782                    /lib/x86_64-linux-gnu/libcrypto.so.1.0.0
7f944fa4d000-7f944fa50000 rw-p 00000000 00:00 0 
7f944fa50000-7f944fa55000 r-xp 00000000 08:16 6554342                    /usr/lib/python3.5/lib-dynload/_hashlib.cpython-35m-x86_64-linux-gnu.so
7f944fa55000-7f944fc55000 ---p 00005000 08:16 6554342                    /usr/lib/python3.5/lib-dynload/_hashlib.cpython-35m-x86_64-linux-gnu.so
7f944fc55000-7f944fc56000 r--p 00005000 08:16 6554342                    /usr/lib/python3.5/lib-dynload/_hashlib.cpython-35m-x86_64-linux-gnu.so
7f944fc56000-7f944fc57000 rw-p 00006000 08:16 6554342                    /usr/lib/python3.5/lib-dynload/_hashlib.cpython-35m-x86_64-linux-gnu.so
7f944fc57000-7f944fc97000 rw-p 00000000 00:00 0 
7f944fc97000-7f944fcb8000 r-xp 00000000 08:16 2363941                    /lib/x86_64-linux-gnu/liblzma.so.5.0.0
7f944fcb8000-7f944feb7000 ---p 00021000 08:16 2363941                    /lib/x86_64-linux-gnu/liblzma.so.5.0.0
7f944feb7000-7f944feb8000 r--p 00020000 08:16 2363941                    /lib/x86_64-linux-gnu/liblzma.so.5.0.0
7f944feb8000-7f944feb9000 rw-p 00021000 08:16 2363941                    /lib/x86_64-linux-gnu/liblzma.so.5.0.0
7f944feb9000-7f944fec0000 r-xp 00000000 08:16 6556722                    /usr/lib/python3.5/lib-dynload/_lzma.cpython-35m-x86_64-linux-gnu.so
7f944fec0000-7f94500bf000 ---p 00007000 08:16 6556722                    /usr/lib/python3.5/lib-dynload/_lzma.cpython-35m-x86_64-linux-gnu.so
7f94500bf000-7f94500c0000 r--p 00006000 08:16 6556722                    /usr/lib/python3.5/lib-dynload/_lzma.cpython-35m-x86_64-linux-gnu.so
7f94500c0000-7f94500c2000 rw-p 00007000 08:16 6556722                    /usr/lib/python3.5/lib-dynload/_lzma.cpython-35m-x86_64-linux-gnu.so
7f94500c2000-7f94500d1000 r-xp 00000000 08:16 2363873                    /lib/x86_64-linux-gnu/libbz2.so.1.0.4
7f94500d1000-7f94502d0000 ---p 0000f000 08:16 2363873                    /lib/x86_64-linux-gnu/libbz2.so.1.0.4
7f94502d0000-7f94502d1000 r--p 0000e000 08:16 2363873                    /lib/x86_64-linux-gnu/libbz2.so.1.0.4
7f94502d1000-7f94502d2000 rw-p 0000f000 08:16 2363873                    /lib/x86_64-linux-gnu/libbz2.so.1.0.4
7f94502d4000-7f94502ef000 r--s 00394000 08:16 6301733                    /usr/lib/jvm/java-8-openjdk-amd64/jre/lib/ext/cldrdata.jar
7f94502ef000-7f94502f3000 r-xp 00000000 08:16 6556713                    /usr/lib/python3.5/lib-dynload/_bz2.cpython-35m-x86_64-linux-gnu.so
7f94502f3000-7f94504f2000 ---p 00004000 08:16 6556713                    /usr/lib/python3.5/lib-dynload/_bz2.cpython-35m-x86_64-linux-gnu.so
7f94504f2000-7f94504f3000 r--p 00003000 08:16 6556713                    /usr/lib/python3.5/lib-dynload/_bz2.cpython-35m-x86_64-linux-gnu.so
7f94504f3000-7f94504f4000 rw-p 00004000 08:16 6556713                    /usr/lib/python3.5/lib-dynload/_bz2.cpython-35m-x86_64-linux-gnu.so
7f94504fa000-7f9450515000 r--s 001d6000 08:16 6301740                    /usr/lib/jvm/java-8-openjdk-amd64/jre/lib/ext/nashorn.jar
7f9450515000-7f94505d5000 rw-p 00000000 00:00 0 
7f94505d5000-7f94505f7000 r-xp 00000000 08:16 6556723                    /usr/lib/python3.5/lib-dynload/_ctypes.cpython-35m-x86_64-linux-gnu.so
7f94505f7000-7f94507f6000 ---p 00022000 08:16 6556723                    /usr/lib/python3.5/lib-dynload/_ctypes.cpython-35m-x86_64-linux-gnu.so
7f94507f6000-7f94507f7000 r--p 00021000 08:16 6556723                    /usr/lib/python3.5/lib-dynload/_ctypes.cpython-35m-x86_64-linux-gnu.so
7f94507f7000-7f94507fb000 rw-p 00022000 08:16 6556723                    /usr/lib/python3.5/lib-dynload/_ctypes.cpython-35m-x86_64-linux-gnu.so
7f94507fb000-7f94508bc000 rw-p 00000000 00:00 0 
7f94508bc000-7f9450b99000 r--p 00000000 08:16 6294233                    /usr/lib/locale/locale-archive
7f9450b99000-7f9450ca1000 r-xp 00000000 08:16 2359387                    /lib/x86_64-linux-gnu/libm-2.23.so
7f9450ca1000-7f9450ea0000 ---p 00108000 08:16 2359387                    /lib/x86_64-linux-gnu/libm-2.23.so
7f9450ea0000-7f9450ea1000 r--p 00107000 08:16 2359387                    /lib/x86_64-linux-gnu/libm-2.23.so
7f9450ea1000-7f9450ea2000 rw-p 00108000 08:16 2359387                    /lib/x86_64-linux-gnu/libm-2.23.so
7f9450ea2000-7f9450ebb000 r-xp 00000000 08:16 2360593                    /lib/x86_64-linux-gnu/libz.so.1.2.8
7f9450ebb000-7f94510ba000 ---p 00019000 08:16 2360593                    /lib/x86_64-linux-gnu/libz.so.1.2.8
7f94510ba000-7f94510bb000 r--p 00018000 08:16 2360593                    /lib/x86_64-linux-gnu/libz.so.1.2.8
7f94510bb000-7f94510bc000 rw-p 00019000 08:16 2360593                    /lib/x86_64-linux-gnu/libz.so.1.2.8
7f94510bc000-7f94510e2000 r-xp 00000000 08:16 2359379                    /lib/x86_64-linux-gnu/libexpat.so.1.6.0
7f94510e2000-7f94512e2000 ---p 00026000 08:16 2359379                    /lib/x86_64-linux-gnu/libexpat.so.1.6.0
7f94512e2000-7f94512e4000 r--p 00026000 08:16 2359379                    /lib/x86_64-linux-gnu/libexpat.so.1.6.0
7f94512e4000-7f94512e5000 rw-p 00028000 08:16 2359379                    /lib/x86_64-linux-gnu/libexpat.so.1.6.0
7f94512e5000-7f94512e7000 r-xp 00000000 08:16 2360619                    /lib/x86_64-linux-gnu/libutil-2.23.so
7f94512e7000-7f94514e6000 ---p 00002000 08:16 2360619                    /lib/x86_64-linux-gnu/libutil-2.23.so
7f94514e6000-7f94514e7000 r--p 00001000 08:16 2360619                    /lib/x86_64-linux-gnu/libutil-2.23.so
7f94514e7000-7f94514e8000 rw-p 00002000 08:16 2360619                    /lib/x86_64-linux-gnu/libutil-2.23.so
7f94514e8000-7f94514eb000 r-xp 00000000 08:16 2359393                    /lib/x86_64-linux-gnu/libdl-2.23.so
7f94514eb000-7f94516ea000 ---p 00003000 08:16 2359393                    /lib/x86_64-linux-gnu/libdl-2.23.so
7f94516ea000-7f94516eb000 r--p 00002000 08:16 2359393                    /lib/x86_64-linux-gnu/libdl-2.23.so
7f94516eb000-7f94516ec000 rw-p 00003000 08:16 2359393                    /lib/x86_64-linux-gnu/libdl-2.23.so
7f94516ec000-7f94518ac000 r-xp 00000000 08:16 2359391                    /lib/x86_64-linux-gnu/libc-2.23.so
7f94518ac000-7f9451aac000 ---p 001c0000 08:16 2359391                    /lib/x86_64-linux-gnu/libc-2.23.so
7f9451aac000-7f9451ab0000 r--p 001c0000 08:16 2359391                    /lib/x86_64-linux-gnu/libc-2.23.so
7f9451ab0000-7f9451ab2000 rw-p 001c4000 08:16 2359391                    /lib/x86_64-linux-gnu/libc-2.23.so
7f9451ab2000-7f9451ab6000 rw-p 00000000 00:00 0 
7f9451ab6000-7f9451ace000 r-xp 00000000 08:16 2359390                    /lib/x86_64-linux-gnu/libpthread-2.23.so
7f9451ace000-7f9451ccd000 ---p 00018000 08:16 2359390                    /lib/x86_64-linux-gnu/libpthread-2.23.so
7f9451ccd000-7f9451cce000 r--p 00017000 08:16 2359390                    /lib/x86_64-linux-gnu/libpthread-2.23.so
7f9451cce000-7f9451ccf000 rw-p 00018000 08:16 2359390                    /lib/x86_64-linux-gnu/libpthread-2.23.so
7f9451ccf000-7f9451cd3000 rw-p 00000000 00:00 0 
7f9451cd3000-7f9451cf9000 r-xp 00000000 08:16 2359389                    /lib/x86_64-linux-gnu/ld-2.23.so
7f9451cff000-7f9451d04000 r--s 0009d000 08:16 6306852                    /usr/lib/jvm/java-8-openjdk-amd64/jre/lib/jsse.jar
7f9451d04000-7f9451d05000 r--s 00010000 08:16 6301730                    /usr/lib/jvm/java-8-openjdk-amd64/jre/lib/ext/zipfs.jar
7f9451d05000-7f9451d07000 r--s 00008000 08:16 6301729                    /usr/lib/jvm/java-8-openjdk-amd64/jre/lib/ext/sunec.jar
7f9451d07000-7f9451d0a000 r--s 0000f000 08:16 6301735                    /usr/lib/jvm/java-8-openjdk-amd64/jre/lib/ext/icedtea-sound.jar
7f9451d0a000-7f9451d0d000 r--s 00038000 08:16 6301732                    /usr/lib/jvm/java-8-openjdk-amd64/jre/lib/ext/sunpkcs11.jar
7f9451d0d000-7f9451d13000 r--s 0003b000 08:16 6301734                    /usr/lib/jvm/java-8-openjdk-amd64/jre/lib/ext/sunjce_provider.jar
7f9451d13000-7f9451d15000 r--s 00001000 08:16 6301731                    /usr/lib/jvm/java-8-openjdk-amd64/jre/lib/ext/dnsns.jar
7f9451d15000-7f9451edb000 rw-p 00000000 00:00 0 
7f9451edb000-7f9451edc000 r--s 0000a000 08:16 6301741                    /usr/lib/jvm/java-8-openjdk-amd64/jre/lib/ext/jaccess.jar
7f9451edc000-7f9451ee6000 r--s 00116000 08:16 6301742                    /usr/lib/jvm/java-8-openjdk-amd64/jre/lib/ext/localedata.jar
7f9451ee6000-7f9451eee000 rw-s 00000000 08:16 5775613                    /tmp/hsperfdata_matthieu/13245
7f9451eee000-7f9451eef000 rw-p 00000000 00:00 0 
7f9451eef000-7f9451ef0000 r--p 00000000 00:00 0 
7f9451ef0000-7f9451ef1000 rwxp 00000000 00:00 0 
7f9451ef1000-7f9451ef8000 r--s 00000000 08:16 6555453                    /usr/lib/x86_64-linux-gnu/gconv/gconv-modules.cache
7f9451ef8000-7f9451ef9000 r--p 00025000 08:16 2359389                    /lib/x86_64-linux-gnu/ld-2.23.so
7f9451ef9000-7f9451efa000 rw-p 00026000 08:16 2359389                    /lib/x86_64-linux-gnu/ld-2.23.so
7f9451efa000-7f9451efb000 rw-p 00000000 00:00 0 
7fff09bf5000-7fff09bf8000 ---p 00000000 00:00 0 
7fff09bf8000-7fff09cf5000 rw-p 00000000 00:00 0                          [stack]
7fff09d20000-7fff09d23000 r--p 00000000 00:00 0                          [vvar]
7fff09d23000-7fff09d25000 r-xp 00000000 00:00 0                          [vdso]
ffffffffff600000-ffffffffff601000 r-xp 00000000 00:00 0                  [vsyscall]

VM Arguments:
java_command: <unknown>
java_class_path (initial): .::jdom.jar
Launcher Type: generic

Environment Variables:
PATH=/usr/local/sbin:/usr/local/bin:/usr/sbin:/usr/bin:/sbin:/bin:/usr/games:/usr/local/games:/snap/bin
LD_LIBRARY_PATH=/usr/lib/jvm/java-8-openjdk-amd64/jre/lib/amd64/server::/usr/local/cuda/lib64:/usr/local/cuda/extras/CUPTI/lib64
SHELL=/bin/bash
DISPLAY=:0

Signal Handlers:
SIGSEGV: [libjvm.so+0xa6e6f0], sa_mask[0]=11111111011111111101111111111110, sa_flags=SA_RESTART|SA_SIGINFO
SIGBUS: [libjvm.so+0xa6e6f0], sa_mask[0]=11111111011111111101111111111110, sa_flags=SA_RESTART|SA_SIGINFO
SIGFPE: [libjvm.so+0x8b5d50], sa_mask[0]=11111111011111111101111111111110, sa_flags=SA_RESTART|SA_SIGINFO
SIGPIPE: [libjvm.so+0x8b5d50], sa_mask[0]=11111111011111111101111111111110, sa_flags=SA_RESTART|SA_SIGINFO
SIGXFSZ: [libjvm.so+0x8b5d50], sa_mask[0]=11111111011111111101111111111110, sa_flags=SA_RESTART|SA_SIGINFO
SIGILL: [libjvm.so+0x8b5d50], sa_mask[0]=11111111011111111101111111111110, sa_flags=SA_RESTART|SA_SIGINFO
SIGUSR1: SIG_DFL, sa_mask[0]=00000000000000000000000000000000, sa_flags=none
SIGUSR2: [libjvm.so+0x8b5c00], sa_mask[0]=00000000000000000000000000000000, sa_flags=SA_RESTART|SA_SIGINFO
SIGHUP: [libjvm.so+0x8b60d0], sa_mask[0]=11111111011111111101111111111110, sa_flags=SA_RESTART|SA_SIGINFO
SIGINT: [libjvm.so+0x8b60d0], sa_mask[0]=11111111011111111101111111111110, sa_flags=SA_RESTART|SA_SIGINFO
SIGTERM: [libjvm.so+0x8b60d0], sa_mask[0]=11111111011111111101111111111110, sa_flags=SA_RESTART|SA_SIGINFO
SIGQUIT: [libjvm.so+0x8b60d0], sa_mask[0]=11111111011111111101111111111110, sa_flags=SA_RESTART|SA_SIGINFO


---------------  S Y S T E M  ---------------

OS:DISTRIB_ID=Ubuntu
DISTRIB_RELEASE=16.04
DISTRIB_CODENAME=xenial
DISTRIB_DESCRIPTION="Ubuntu 16.04.4 LTS"

uname:Linux 4.4.0-128-generic #154-Ubuntu SMP Fri May 25 14:15:18 UTC 2018 x86_64
libc:glibc 2.23 NPTL 2.23 
rlimit: STACK 8192k, CORE 0k, NPROC 31115, NOFILE 1048576, AS infinity
load average:0,37 0,26 0,26

/proc/meminfo:
MemTotal:        8048492 kB
MemFree:         3869888 kB
MemAvailable:    6161380 kB
Buffers:          544732 kB
Cached:          2011268 kB
SwapCached:            0 kB
Active:          2590236 kB
Inactive:        1275952 kB
Active(anon):    1311612 kB
Inactive(anon):    90068 kB
Active(file):    1278624 kB
Inactive(file):  1185884 kB
Unevictable:          48 kB
Mlocked:              48 kB
SwapTotal:      11998204 kB
SwapFree:       11998204 kB
Dirty:                36 kB
Writeback:             0 kB
AnonPages:       1302228 kB
Mapped:           452972 kB
Shmem:             91492 kB
Slab:             153560 kB
SReclaimable:      94868 kB
SUnreclaim:        58692 kB
KernelStack:        9936 kB
PageTables:        37516 kB
NFS_Unstable:          0 kB
Bounce:                0 kB
WritebackTmp:          0 kB
CommitLimit:    16022448 kB
Committed_AS:    6594816 kB
VmallocTotal:   34359738367 kB
VmallocUsed:           0 kB
VmallocChunk:          0 kB
HardwareCorrupted:     0 kB
AnonHugePages:         0 kB
CmaTotal:              0 kB
CmaFree:               0 kB
HugePages_Total:       0
HugePages_Free:        0
HugePages_Rsvd:        0
HugePages_Surp:        0
Hugepagesize:       2048 kB
DirectMap4k:      524820 kB
DirectMap2M:     6688768 kB
DirectMap1G:     1048576 kB


CPU:total 4 (initial active 4) (2 cores per cpu, 2 threads per core) family 6 model 69 stepping 1, cmov, cx8, fxsr, mmx, sse, sse2, sse3, ssse3, sse4.1, sse4.2, popcnt, avx, avx2, aes, clmul, erms, lzcnt, ht, tsc, tscinvbit, bmi1, bmi2

/proc/cpuinfo:
processor	: 0
vendor_id	: GenuineIntel
cpu family	: 6
model		: 69
model name	: Intel(R) Core(TM) i7-4510U CPU @ 2.00GHz
stepping	: 1
microcode	: 0x23
cpu MHz		: 2332.789
cache size	: 4096 KB
physical id	: 0
siblings	: 4
core id		: 0
cpu cores	: 2
apicid		: 0
initial apicid	: 0
fpu		: yes
fpu_exception	: yes
cpuid level	: 13
wp		: yes
flags		: fpu vme de pse tsc msr pae mce cx8 apic sep mtrr pge mca cmov pat pse36 clflush dts acpi mmx fxsr sse sse2 ss ht tm pbe syscall nx pdpe1gb rdtscp lm constant_tsc arch_perfmon pebs bts rep_good nopl xtopology nonstop_tsc aperfmperf eagerfpu pni pclmulqdq dtes64 monitor ds_cpl vmx est tm2 ssse3 sdbg fma cx16 xtpr pdcm pcid sse4_1 sse4_2 movbe popcnt tsc_deadline_timer aes xsave avx f16c rdrand lahf_lm abm epb invpcid_single ibrs ibpb stibp kaiser tpr_shadow vnmi flexpriority ept vpid fsgsbase tsc_adjust bmi1 avx2 smep bmi2 erms invpcid xsaveopt dtherm ida arat pln pts
bugs		: cpu_meltdown spectre_v1 spectre_v2 spec_store_bypass
bogomips	: 5188.28
clflush size	: 64
cache_alignment	: 64
address sizes	: 39 bits physical, 48 bits virtual
power management:

processor	: 1
vendor_id	: GenuineIntel
cpu family	: 6
model		: 69
model name	: Intel(R) Core(TM) i7-4510U CPU @ 2.00GHz
stepping	: 1
microcode	: 0x23
cpu MHz		: 2799.976
cache size	: 4096 KB
physical id	: 0
siblings	: 4
core id		: 1
cpu cores	: 2
apicid		: 2
initial apicid	: 2
fpu		: yes
fpu_exception	: yes
cpuid level	: 13
wp		: yes
flags		: fpu vme de pse tsc msr pae mce cx8 apic sep mtrr pge mca cmov pat pse36 clflush dts acpi mmx fxsr sse sse2 ss ht tm pbe syscall nx pdpe1gb rdtscp lm constant_tsc arch_perfmon pebs bts rep_good nopl xtopology nonstop_tsc aperfmperf eagerfpu pni pclmulqdq dtes64 monitor ds_cpl vmx est tm2 ssse3 sdbg fma cx16 xtpr pdcm pcid sse4_1 sse4_2 movbe popcnt tsc_deadline_timer aes xsave avx f16c rdrand lahf_lm abm epb invpcid_single ibrs ibpb stibp kaiser tpr_shadow vnmi flexpriority ept vpid fsgsbase tsc_adjust bmi1 avx2 smep bmi2 erms invpcid xsaveopt dtherm ida arat pln pts
bugs		: cpu_meltdown spectre_v1 spectre_v2 spec_store_bypass
bogomips	: 5188.28
clflush size	: 64
cache_alignment	: 64
address sizes	: 39 bits physical, 48 bits virtual
power management:

processor	: 2
vendor_id	: GenuineIntel
cpu family	: 6
model		: 69
model name	: Intel(R) Core(TM) i7-4510U CPU @ 2.00GHz
stepping	: 1
microcode	: 0x23
cpu MHz		: 2610.968
cache size	: 4096 KB
physical id	: 0
siblings	: 4
core id		: 0
cpu cores	: 2
apicid		: 1
initial apicid	: 1
fpu		: yes
fpu_exception	: yes
cpuid level	: 13
wp		: yes
flags		: fpu vme de pse tsc msr pae mce cx8 apic sep mtrr pge mca cmov pat pse36 clflush dts acpi mmx fxsr sse sse2 ss ht tm pbe syscall nx pdpe1gb rdtscp lm constant_tsc arch_perfmon pebs bts rep_good nopl xtopology nonstop_tsc aperfmperf eagerfpu pni pclmulqdq dtes64 monitor ds_cpl vmx est tm2 ssse3 sdbg fma cx16 xtpr pdcm pcid sse4_1 sse4_2 movbe popcnt tsc_deadline_timer aes xsave avx f16c rdrand lahf_lm abm epb invpcid_single ibrs ibpb stibp kaiser tpr_shadow vnmi flexpriority ept vpid fsgsbase tsc_adjust bmi1 avx2 smep bmi2 erms invpcid xsaveopt dtherm ida arat pln pts
bugs		: cpu_meltdown spectre_v1 spectre_v2 spec_store_bypass
bogomips	: 5188.28
clflush size	: 64
cache_alignment	: 64
address sizes	: 39 bits physical, 48 bits virtual
power management:

processor	: 3
vendor_id	: GenuineIntel
cpu family	: 6
model		: 69
model name	: Intel(R) Core(TM) i7-4510U CPU @ 2.00GHz
stepping	: 1
microcode	: 0x23
cpu MHz		: 2799.875
cache size	: 4096 KB
physical id	: 0
siblings	: 4
core id		: 1
cpu cores	: 2
apicid		: 3
initial apicid	: 3
fpu		: yes
fpu_exception	: yes
cpuid level	: 13
wp		: yes
flags		: fpu vme de pse tsc msr pae mce cx8 apic sep mtrr pge mca cmov pat pse36 clflush dts acpi mmx fxsr sse sse2 ss ht tm pbe syscall nx pdpe1gb rdtscp lm constant_tsc arch_perfmon pebs bts rep_good nopl xtopology nonstop_tsc aperfmperf eagerfpu pni pclmulqdq dtes64 monitor ds_cpl vmx est tm2 ssse3 sdbg fma cx16 xtpr pdcm pcid sse4_1 sse4_2 movbe popcnt tsc_deadline_timer aes xsave avx f16c rdrand lahf_lm abm epb invpcid_single ibrs ibpb stibp kaiser tpr_shadow vnmi flexpriority ept vpid fsgsbase tsc_adjust bmi1 avx2 smep bmi2 erms invpcid xsaveopt dtherm ida arat pln pts
bugs		: cpu_meltdown spectre_v1 spectre_v2 spec_store_bypass
bogomips	: 5188.28
clflush size	: 64
cache_alignment	: 64
address sizes	: 39 bits physical, 48 bits virtual
power management:



Memory: 4k page, physical 8048492k(3869888k free), swap 11998204k(11998204k free)

vm_info: OpenJDK 64-Bit Server VM (25.171-b11) for linux-amd64 JRE (1.8.0_171-8u171-b11-0ubuntu0.16.04.1-b11), built on Apr 27 2018 17:19:03 by "buildd" with gcc 5.4.0 20160609

time: Wed Jun 20 17:30:01 2018
elapsed time: 21 seconds (0d 0h 0m 21s)

