#
# A fatal error has been detected by the Java Runtime Environment:
#
#  SIGSEGV (0xb) at pc=0x00007fdaa33f6c7e, pid=12770, tid=0x00007fdab226f700
#
# JRE version: OpenJDK Runtime Environment (8.0_171-b11) (build 1.8.0_171-8u171-b11-0ubuntu0.16.04.1-b11)
# Java VM: OpenJDK 64-Bit Server VM (25.171-b11 mixed mode linux-amd64 compressed oops)
# Problematic frame:
# V  [libjvm.so+0x672c7e]
#
# Failed to write core dump. Core dumps have been disabled. To enable core dumping, try "ulimit -c unlimited" before starting Java again
#
# If you would like to submit a bug report, please visit:
#   http://bugreport.java.com/bugreport/crash.jsp
#

---------------  T H R E A D  ---------------

Current thread (0x0000000001142800):  JavaThread "main" [_thread_in_vm, id=12770, stack(0x00007ffc17084000,0x00007ffc17184000)]

siginfo: si_signo: 11 (SIGSEGV), si_code: 1 (SEGV_MAPERR), si_addr: 0x0000000000000000

Registers:
RAX=0x00007fdaa3ca29c9, RBX=0x0000000001142800, RCX=0x0000000000000000, RDX=0x00007fdaa3ca85f8
RSP=0x00007ffc17180bd0, RBP=0x00007ffc17180bf0, RSI=0x0000000000000000, RDI=0x0000000001142800
R8 =0x00007fda91137e50, R9 =0x0000000000000001, R10=0x0000000000000000, R11=0x0000000000000003
R12=0x00000000011429e0, R13=0x0000000000000000, R14=0x0000000000000000, R15=0x00007ffc17180db0
RIP=0x00007fdaa33f6c7e, EFLAGS=0x0000000000010206, CSGSFS=0x0000000000000033, ERR=0x0000000000000004
  TRAPNO=0x000000000000000e

Top of Stack: (sp=0x00007ffc17180bd0)
0x00007ffc17180bd0:   00007fdaa424f4c8 00007ffc17180ca0
0x00007ffc17180be0:   0000000000000000 00007ffc17180da0
0x00007ffc17180bf0:   00007ffc17180c10 00007fdaa3cccf64
0x00007ffc17180c00:   0000000000000000 00000000011429e0
0x00007ffc17180c10:   00007ffc17180c70 00007fdaa3ccd491
0x00007ffc17180c20:   0000000000a42170 00000049005238d9
0x00007ffc17180c30:   0000000000000000 00000000011429e0
0x00007ffc17180c40:   0000000000000001 00007fdab220d630
0x00007ffc17180c50:   0000000000002000 0325cc6363c7f200
0x00007ffc17180c60:   00007fdab220d630 0325cc6363c7f200
0x00007ffc17180c70:   00007ffc17180c90 00007fdaa3ccc655
0x00007ffc17180c80:   0000000000000000 00007ffc17180d08
0x00007ffc17180c90:   00007ffc17180ca0 00007fdab0989e20
0x00007ffc17180ca0:   000000000000000e 00007ffc17180db0
0x00007ffc17180cb0:   00007ffc17180d80 00007fdab098988b
0x00007ffc17180cc0:   00007ffc17180d10 00007ffc17180d08
0x00007ffc17180cd0:   00007ffc17180da0 00007fdaa3ccc609
0x00007ffc17180ce0:   00007ffc17180db0 00007ffc17180bf0
0x00007ffc17180cf0:   0000000017180de0 00007ffc17180e40
0x00007ffc17180d00:   00007fda00000000 0000000000000001
0x00007ffc17180d10:   00007ffc00000001 ffffffffffffffff
0x00007ffc17180d20:   fffffffffffffff8 0325cc6363c7f200
0x00007ffc17180d30:   0000000000bfc480 00007ffc17180e40
0x00007ffc17180d40:   00007ffc17180ea0 0325cc6363c7f200
0x00007ffc17180d50:   00007ffc17180da0 00007ffc17180e40
0x00007ffc17180d60:   0000000000000000 00007ffc17180da0
0x00007ffc17180d70:   0000000000000000 00007ffc17180db0
0x00007ffc17180d80:   00007ffc17180ea0 00007fdab098401a
0x00007ffc17180d90:   00007fdab220d630 00000000005844d3
0x00007ffc17180da0:   00007fdab21c2ab0 0325cc6363c7f200
0x00007ffc17180db0:   0000000000000001 00007fdab0983a1e
0x00007ffc17180dc0:   00007fdaa424f318 00007fdab098448c 

Instructions: (pc=0x00007fdaa33f6c7e)
0x00007fdaa33f6c5e:   ac de 00 00 74 0a 48 89 df 31 db e8 22 a0 39 00
0x00007fdaa33f6c6e:   48 89 df e8 fa f4 ff ff 90 48 8d 05 4b bd 8a 00
0x00007fdaa33f6c7e:   49 8b 55 00 80 38 01 48 19 c0 83 e0 04 44 8b 64
0x00007fdaa33f6c8e:   02 0c 90 48 89 df e8 d7 f6 ff ff 48 83 c4 08 44 

Register to memory mapping:

RAX=0x00007fdaa3ca29c9: <offset 0xf1e9c9> in /usr/lib/jvm/java-8-openjdk-amd64/jre/lib/amd64/server/libjvm.so at 0x00007fdaa2d84000
RBX=0x0000000001142800 is a thread
RCX=0x0000000000000000 is an unknown value
RDX=0x00007fdaa3ca85f8: <offset 0xf245f8> in /usr/lib/jvm/java-8-openjdk-amd64/jre/lib/amd64/server/libjvm.so at 0x00007fdaa2d84000
RSP=0x00007ffc17180bd0 is pointing into the stack for thread: 0x0000000001142800
RBP=0x00007ffc17180bf0 is pointing into the stack for thread: 0x0000000001142800
RSI=0x0000000000000000 is an unknown value
RDI=0x0000000001142800 is a thread
R8 ={method} {0x00007fda91137e50} 'getEvaluationInfoAsInts' '()[I' in 'ch/idsia/benchmark/mario/environments/MarioEnvironment'
R9 =0x0000000000000001 is an unknown value
R10=0x0000000000000000 is an unknown value
R11=0x0000000000000003 is an unknown value
R12=0x00000000011429e0 is an unknown value
R13=0x0000000000000000 is an unknown value
R14=0x0000000000000000 is an unknown value
R15=0x00007ffc17180db0 is pointing into the stack for thread: 0x0000000001142800


Stack: [0x00007ffc17084000,0x00007ffc17184000],  sp=0x00007ffc17180bd0,  free space=1010k
Native frames: (J=compiled Java code, j=interpreted, Vv=VM code, C=native code)
V  [libjvm.so+0x672c7e]
C  [libAmiCoPyJava.so+0x3f64]  JNIEnv_::GetArrayLength(_jarray*)+0x2e
C  [libAmiCoPyJava.so+0x4491]  _object* convertJavaArrayToPythonArray<_jintArray*, int>(JNIEnv_*, _jintArray*, char)+0x28
C  [libAmiCoPyJava.so+0x3655]  getEvaluationInfo+0x4c
C  [_ctypes.cpython-35m-x86_64-linux-gnu.so+0x1be20]  ffi_call_unix64+0x4c
C  0x00007ffc17180db0


---------------  P R O C E S S  ---------------

Java Threads: ( => current thread )
  0x0000000001660800 JavaThread "AWT-EventQueue-0" [_thread_blocked, id=12790, stack(0x00007fda787cf000,0x00007fda788d0000)]
  0x000000000165f000 JavaThread "AWT-Shutdown" [_thread_blocked, id=12789, stack(0x00007fda788d0000,0x00007fda789d1000)]
  0x00000000015b7800 JavaThread "AWT-XAWT" daemon [_thread_in_native, id=12788, stack(0x00007fda78ffc000,0x00007fda790fd000)]
  0x0000000001581800 JavaThread "Java2D Disposer" daemon [_thread_blocked, id=12787, stack(0x00007fda7950d000,0x00007fda7960e000)]
  0x000000000139b000 JavaThread "Service Thread" daemon [_thread_blocked, id=12785, stack(0x00007fda7b4f5000,0x00007fda7b5f6000)]
  0x0000000001398000 JavaThread "C1 CompilerThread2" daemon [_thread_blocked, id=12784, stack(0x00007fda7b5f6000,0x00007fda7b6f7000)]
  0x0000000001396000 JavaThread "C2 CompilerThread1" daemon [_thread_blocked, id=12783, stack(0x00007fda7b6f7000,0x00007fda7b7f8000)]
  0x0000000001393000 JavaThread "C2 CompilerThread0" daemon [_thread_blocked, id=12782, stack(0x00007fda7b7f8000,0x00007fda7b8f9000)]
  0x0000000001391800 JavaThread "Signal Dispatcher" daemon [_thread_blocked, id=12781, stack(0x00007fda7b8f9000,0x00007fda7b9fa000)]
  0x0000000001360800 JavaThread "Finalizer" daemon [_thread_blocked, id=12780, stack(0x00007fda7b9fa000,0x00007fda7bafb000)]
  0x000000000135c000 JavaThread "Reference Handler" daemon [_thread_blocked, id=12779, stack(0x00007fda7bafb000,0x00007fda7bbfc000)]
=>0x0000000001142800 JavaThread "main" [_thread_in_vm, id=12770, stack(0x00007ffc17084000,0x00007ffc17184000)]

Other Threads:
  0x0000000001354000 VMThread [stack: 0x00007fda7bbfc000,0x00007fda7bcfd000] [id=12778]
  0x000000000139d800 WatcherThread [stack: 0x00007fda7b3f4000,0x00007fda7b4f5000] [id=12786]

VM state:not at safepoint (normal execution)

VM Mutex/Monitor currently owned by a thread: None

Heap:
 PSYoungGen      total 36864K, used 26582K [0x00000000d7100000, 0x00000000d9a00000, 0x0000000100000000)
  eden space 31744K, 83% used [0x00000000d7100000,0x00000000d8af5a18,0x00000000d9000000)
  from space 5120K, 0% used [0x00000000d9500000,0x00000000d9500000,0x00000000d9a00000)
  to   space 5120K, 0% used [0x00000000d9000000,0x00000000d9000000,0x00000000d9500000)
 ParOldGen       total 84992K, used 0K [0x0000000085200000, 0x000000008a500000, 0x00000000d7100000)
  object space 84992K, 0% used [0x0000000085200000,0x0000000085200000,0x000000008a500000)
 Metaspace       used 11587K, capacity 11846K, committed 12160K, reserved 1060864K
  class space    used 1226K, capacity 1294K, committed 1408K, reserved 1048576K

Card table byte_map: [0x00007fda91fc3000,0x00007fda9239b000] byte_map_base: 0x00007fda91b9a000

Marking Bits: (ParMarkBitMap*) 0x00007fdaa3cac320
 Begin Bits: [0x00007fda80290000, 0x00007fda82148000)
 End Bits:   [0x00007fda82148000, 0x00007fda84000000)

Polling page: 0x00007fdab2288000

CodeCache: size=245760Kb used=3957Kb max_used=3968Kb free=241802Kb
 bounds [0x00007fda9275b000, 0x00007fda92b4b000, 0x00007fdaa175b000]
 total_blobs=1534 nmethods=1017 adapters=432
 compilation: enabled

Compilation events (10 events):
Event: 21,442 Thread 0x0000000001398000 1013       3       ch.idsia.benchmark.mario.engine.LevelRenderer::render (878 bytes)
Event: 21,445 Thread 0x0000000001398000 nmethod 1013 0x00007fda92b38e90 code [0x00007fda92b39300, 0x00007fda92b3bc48]
Event: 21,520 Thread 0x0000000001398000 1014       3       ch.idsia.benchmark.mario.environments.MarioEnvironment::getLevelSceneObservationZ (225 bytes)
Event: 21,521 Thread 0x0000000001398000 nmethod 1014 0x00007fda92b2e850 code [0x00007fda92b2ea40, 0x00007fda92b2f0c8]
Event: 21,727 Thread 0x0000000001393000 1015       4       ch.idsia.benchmark.mario.engine.level.Level::getBlock (51 bytes)
Event: 21,728 Thread 0x0000000001393000 nmethod 1015 0x00007fda92b21510 code [0x00007fda92b21660, 0x00007fda92b21758]
Event: 21,930 Thread 0x0000000001393000 1016       4       ch.idsia.benchmark.mario.engine.level.Level::getSpriteTemplate (41 bytes)
Event: 21,932 Thread 0x0000000001393000 nmethod 1016 0x00007fda92b2bf50 code [0x00007fda92b2c0a0, 0x00007fda92b2c198]
Event: 22,012 Thread 0x0000000001398000 1017       1       java.net.URLClassLoader::access$000 (5 bytes)
Event: 22,012 Thread 0x0000000001398000 nmethod 1017 0x00007fda92b2bc90 code [0x00007fda92b2bde0, 0x00007fda92b2bed0]

GC Heap History (0 events):
No events

Deoptimization events (10 events):
Event: 21,315 Thread 0x0000000001142800 Uncommon trap: reason=unstable_if action=reinterpret pc=0x00007fda92af2c8c method=ch.idsia.benchmark.mario.engine.level.Level.getSpriteTemplate(II)Lch/idsia/benchmark/mario/engine/level/SpriteTemplate; @ 17
Event: 21,315 Thread 0x0000000001142800 Uncommon trap: reason=unstable_if action=reinterpret pc=0x00007fda92a23ae0 method=ch.idsia.benchmark.mario.engine.level.Level.getBlock(II)B @ 17
Event: 21,315 Thread 0x0000000001142800 Uncommon trap: reason=unstable_if action=reinterpret pc=0x00007fda92a30858 method=ch.idsia.benchmark.mario.engine.level.Level.getSpriteTemplate(II)Lch/idsia/benchmark/mario/engine/level/SpriteTemplate; @ 17
Event: 21,361 Thread 0x0000000001142800 Uncommon trap: reason=unstable_if action=reinterpret pc=0x00007fda92b0ba6c method=ch.idsia.benchmark.mario.engine.level.Level.getBlock(II)B @ 17
Event: 21,399 Thread 0x0000000001142800 Uncommon trap: reason=unstable_if action=reinterpret pc=0x00007fda92aebe54 method=ch.idsia.benchmark.mario.engine.level.Level.getSpriteTemplate(II)Lch/idsia/benchmark/mario/engine/level/SpriteTemplate; @ 17
Event: 21,438 Thread 0x0000000001142800 Uncommon trap: reason=unstable_if action=reinterpret pc=0x00007fda92b0a140 method=ch.idsia.benchmark.mario.environments.MarioEnvironment.getLevelSceneObservationZ(I)[[B @ 71
Event: 21,438 Thread 0x0000000001142800 Uncommon trap: reason=unstable_if action=reinterpret pc=0x00007fda92af8270 method=ch.idsia.benchmark.mario.environments.MarioEnvironment.getEnemiesObservationZ(I)[[B @ 237
Event: 21,442 Thread 0x0000000001142800 Uncommon trap: reason=unstable_if action=reinterpret pc=0x00007fda92aefab0 method=ch.idsia.benchmark.mario.engine.level.Level.getBlock(II)B @ 17
Event: 21,520 Thread 0x0000000001142800 Uncommon trap: reason=unstable_if action=reinterpret pc=0x00007fda92af9658 method=ch.idsia.benchmark.mario.environments.MarioEnvironment.getLevelSceneObservationZ(I)[[B @ 71
Event: 21,971 Thread 0x0000000001142800 Uncommon trap: reason=unstable_if action=reinterpret pc=0x00007fda92b19378 method=ch.idsia.benchmark.mario.engine.level.Level.getBlock(II)B @ 17

Classes redefined (0 events):
No events

Internal exceptions (10 events):
Event: 0,420 Thread 0x0000000001142800 Exception <a 'java/lang/NoSuchFieldError': method resolution failed> (0x00000000d7432550) thrown at [/build/openjdk-8-wnL82d/openjdk-8-8u171-b11/src/hotspot/src/share/vm/prims/methodHandles.cpp, line 1167]
Event: 0,422 Thread 0x0000000001142800 Exception <a 'java/lang/NoSuchFieldError': method resolution failed> (0x00000000d743fca0) thrown at [/build/openjdk-8-wnL82d/openjdk-8-8u171-b11/src/hotspot/src/share/vm/prims/methodHandles.cpp, line 1167]
Event: 0,464 Thread 0x0000000001142800 Exception <a 'java/io/FileNotFoundException'> (0x00000000d74bf930) thrown at [/build/openjdk-8-wnL82d/openjdk-8-8u171-b11/src/hotspot/src/share/vm/prims/jni.cpp, line 709]
Event: 0,464 Thread 0x0000000001142800 Exception <a 'java/io/FileNotFoundException'> (0x00000000d74c0420) thrown at [/build/openjdk-8-wnL82d/openjdk-8-8u171-b11/src/hotspot/src/share/vm/prims/jni.cpp, line 709]
Event: 0,590 Thread 0x0000000001142800 Exception <a 'java/lang/ClassNotFoundException': sun/dc/DuctusRenderingEngine> (0x00000000d752e2d8) thrown at [/build/openjdk-8-wnL82d/openjdk-8-8u171-b11/src/hotspot/src/share/vm/classfile/systemDictionary.cpp, line 210]
Event: 0,891 Thread 0x0000000001142800 Exception <a 'java/security/PrivilegedActionException'> (0x00000000d77f2068) thrown at [/build/openjdk-8-wnL82d/openjdk-8-8u171-b11/src/hotspot/src/share/vm/prims/jvm.cpp, line 1435]
Event: 0,891 Thread 0x0000000001142800 Exception <a 'java/security/PrivilegedActionException'> (0x00000000d77f2460) thrown at [/build/openjdk-8-wnL82d/openjdk-8-8u171-b11/src/hotspot/src/share/vm/prims/jvm.cpp, line 1435]
Event: 1,239 Thread 0x0000000001660800 Exception <a 'java/lang/UnsupportedOperationException': > (0x00000000d8259df8) thrown at [/build/openjdk-8-wnL82d/openjdk-8-8u171-b11/src/hotspot/src/share/vm/prims/jni.cpp, line 735]
Event: 1,244 Thread 0x0000000001142800 Exception <a 'java/lang/NoClassDefFoundError': org/objectweb/asm/tree/AbstractInsnNode> (0x00000000d836d1b0) thrown at [/build/openjdk-8-wnL82d/openjdk-8-8u171-b11/src/hotspot/src/share/vm/classfile/systemDictionary.cpp, line 199]
Event: 22,013 Thread 0x0000000001142800 Exception <a 'java/lang/NoClassDefFoundError': org/objectweb/asm/tree/AbstractInsnNode> (0x00000000d8a6e080) thrown at [/build/openjdk-8-wnL82d/openjdk-8-8u171-b11/src/hotspot/src/share/vm/classfile/systemDictionary.cpp, line 199]

Events (10 events):
Event: 21,442 Thread 0x0000000001142800 DEOPT PACKING pc=0x00007fda92aefab0 sp=0x00007ffc17180350
Event: 21,442 Thread 0x0000000001142800 DEOPT UNPACKING pc=0x00007fda927a047a sp=0x00007ffc171802e8 mode 2
Event: 21,520 Thread 0x0000000001142800 Uncommon trap: trap_request=0xffffff65 fr.pc=0x00007fda92af9658
Event: 21,520 Thread 0x0000000001142800 DEOPT PACKING pc=0x00007fda92af9658 sp=0x00007ffc171805c0
Event: 21,520 Thread 0x0000000001142800 DEOPT UNPACKING pc=0x00007fda927a047a sp=0x00007ffc171805a0 mode 2
Event: 21,971 Thread 0x0000000001142800 Uncommon trap: trap_request=0xffffff65 fr.pc=0x00007fda92b19378
Event: 21,971 Thread 0x0000000001142800 DEOPT PACKING pc=0x00007fda92b19378 sp=0x00007ffc17180230
Event: 21,971 Thread 0x0000000001142800 DEOPT UNPACKING pc=0x00007fda927a047a sp=0x00007ffc17180160 mode 2
Event: 22,012 loading class org/objectweb/asm/tree/AbstractInsnNode
Event: 22,012 loading class org/objectweb/asm/tree/AbstractInsnNode done


Dynamic libraries:
00400000-007a9000 r-xp 00000000 08:16 6295906                            /usr/bin/python3.5
009a9000-009ab000 r--p 003a9000 08:16 6295906                            /usr/bin/python3.5
009ab000-00a42000 rw-p 003ab000 08:16 6295906                            /usr/bin/python3.5
00a42000-00a73000 rw-p 00000000 00:00 0 
00bfb000-016ae000 rw-p 00000000 00:00 0                                  [heap]
85200000-8a500000 rw-p 00000000 00:00 0 
8a500000-d7100000 ---p 00000000 00:00 0 
d7100000-d9a00000 rw-p 00000000 00:00 0 
d9a00000-100000000 ---p 00000000 00:00 0 
100000000-100160000 rw-p 00000000 00:00 0 
100160000-140000000 ---p 00000000 00:00 0 
7fda3c000000-7fda3c021000 rw-p 00000000 00:00 0 
7fda3c021000-7fda40000000 ---p 00000000 00:00 0 
7fda44000000-7fda44021000 rw-p 00000000 00:00 0 
7fda44021000-7fda48000000 ---p 00000000 00:00 0 
7fda48fff000-7fda4c000000 rw-p 00000000 00:00 0 
7fda4c000000-7fda4c021000 rw-p 00000000 00:00 0 
7fda4c021000-7fda50000000 ---p 00000000 00:00 0 
7fda50000000-7fda50021000 rw-p 00000000 00:00 0 
7fda50021000-7fda54000000 ---p 00000000 00:00 0 
7fda54000000-7fda54021000 rw-p 00000000 00:00 0 
7fda54021000-7fda58000000 ---p 00000000 00:00 0 
7fda58000000-7fda58021000 rw-p 00000000 00:00 0 
7fda58021000-7fda5c000000 ---p 00000000 00:00 0 
7fda5c000000-7fda5c39e000 rw-p 00000000 00:00 0 
7fda5c39e000-7fda60000000 ---p 00000000 00:00 0 
7fda60000000-7fda6050a000 rw-p 00000000 00:00 0 
7fda6050a000-7fda64000000 ---p 00000000 00:00 0 
7fda64000000-7fda64021000 rw-p 00000000 00:00 0 
7fda64021000-7fda68000000 ---p 00000000 00:00 0 
7fda68000000-7fda68229000 rw-p 00000000 00:00 0 
7fda68229000-7fda6c000000 ---p 00000000 00:00 0 
7fda6c000000-7fda6c021000 rw-p 00000000 00:00 0 
7fda6c021000-7fda70000000 ---p 00000000 00:00 0 
7fda70000000-7fda70021000 rw-p 00000000 00:00 0 
7fda70021000-7fda74000000 ---p 00000000 00:00 0 
7fda74000000-7fda74021000 rw-p 00000000 00:00 0 
7fda74021000-7fda78000000 ---p 00000000 00:00 0 
7fda785cf000-7fda7864f000 rw-p 00000000 00:00 0 
7fda7864f000-7fda787cf000 ---p 00000000 00:00 0 
7fda787cf000-7fda787d2000 ---p 00000000 00:00 0 
7fda787d2000-7fda788d0000 rw-p 00000000 00:00 0 
7fda788d0000-7fda788d3000 ---p 00000000 00:00 0 
7fda788d3000-7fda78bd1000 rw-p 00000000 00:00 0 
7fda78bd1000-7fda78be7000 r-xp 00000000 08:16 6301775                    /usr/lib/jvm/java-8-openjdk-amd64/jre/lib/amd64/libnet.so
7fda78be7000-7fda78de7000 ---p 00016000 08:16 6301775                    /usr/lib/jvm/java-8-openjdk-amd64/jre/lib/amd64/libnet.so
7fda78de7000-7fda78de8000 r--p 00016000 08:16 6301775                    /usr/lib/jvm/java-8-openjdk-amd64/jre/lib/amd64/libnet.so
7fda78de8000-7fda78de9000 rw-p 00017000 08:16 6301775                    /usr/lib/jvm/java-8-openjdk-amd64/jre/lib/amd64/libnet.so
7fda78de9000-7fda78dfa000 r-xp 00000000 08:16 6301781                    /usr/lib/jvm/java-8-openjdk-amd64/jre/lib/amd64/libnio.so
7fda78dfa000-7fda78ffa000 ---p 00011000 08:16 6301781                    /usr/lib/jvm/java-8-openjdk-amd64/jre/lib/amd64/libnio.so
7fda78ffa000-7fda78ffb000 r--p 00011000 08:16 6301781                    /usr/lib/jvm/java-8-openjdk-amd64/jre/lib/amd64/libnio.so
7fda78ffb000-7fda78ffc000 rw-p 00012000 08:16 6301781                    /usr/lib/jvm/java-8-openjdk-amd64/jre/lib/amd64/libnio.so
7fda78ffc000-7fda78fff000 ---p 00000000 00:00 0 
7fda78fff000-7fda790fd000 rw-p 00000000 00:00 0 
7fda790fd000-7fda79102000 r-xp 00000000 08:16 6299941                    /usr/lib/x86_64-linux-gnu/libXfixes.so.3.1.0
7fda79102000-7fda79301000 ---p 00005000 08:16 6299941                    /usr/lib/x86_64-linux-gnu/libXfixes.so.3.1.0
7fda79301000-7fda79302000 r--p 00004000 08:16 6299941                    /usr/lib/x86_64-linux-gnu/libXfixes.so.3.1.0
7fda79302000-7fda79303000 rw-p 00005000 08:16 6299941                    /usr/lib/x86_64-linux-gnu/libXfixes.so.3.1.0
7fda79303000-7fda7930c000 r-xp 00000000 08:16 6297463                    /usr/lib/x86_64-linux-gnu/libXcursor.so.1.0.2
7fda7930c000-7fda7950b000 ---p 00009000 08:16 6297463                    /usr/lib/x86_64-linux-gnu/libXcursor.so.1.0.2
7fda7950b000-7fda7950c000 r--p 00008000 08:16 6297463                    /usr/lib/x86_64-linux-gnu/libXcursor.so.1.0.2
7fda7950c000-7fda7950d000 rw-p 00009000 08:16 6297463                    /usr/lib/x86_64-linux-gnu/libXcursor.so.1.0.2
7fda7950d000-7fda79510000 ---p 00000000 00:00 0 
7fda79510000-7fda7960e000 rw-p 00000000 00:00 0 
7fda7960e000-7fda79632000 r-xp 00000000 08:16 2364015                    /lib/x86_64-linux-gnu/libpng12.so.0.54.0
7fda79632000-7fda79831000 ---p 00024000 08:16 2364015                    /lib/x86_64-linux-gnu/libpng12.so.0.54.0
7fda79831000-7fda79832000 r--p 00023000 08:16 2364015                    /lib/x86_64-linux-gnu/libpng12.so.0.54.0
7fda79832000-7fda79833000 rw-p 00024000 08:16 2364015                    /lib/x86_64-linux-gnu/libpng12.so.0.54.0
7fda79833000-7fda798d7000 r-xp 00000000 08:16 6291656                    /usr/lib/x86_64-linux-gnu/libfreetype.so.6.12.1
7fda798d7000-7fda79ad6000 ---p 000a4000 08:16 6291656                    /usr/lib/x86_64-linux-gnu/libfreetype.so.6.12.1
7fda79ad6000-7fda79adc000 r--p 000a3000 08:16 6291656                    /usr/lib/x86_64-linux-gnu/libfreetype.so.6.12.1
7fda79adc000-7fda79add000 rw-p 000a9000 08:16 6291656                    /usr/lib/x86_64-linux-gnu/libfreetype.so.6.12.1
7fda79add000-7fda79b2f000 r-xp 00000000 08:16 6301750                    /usr/lib/jvm/java-8-openjdk-amd64/jre/lib/amd64/libfontmanager.so
7fda79b2f000-7fda79d2f000 ---p 00052000 08:16 6301750                    /usr/lib/jvm/java-8-openjdk-amd64/jre/lib/amd64/libfontmanager.so
7fda79d2f000-7fda79d31000 r--p 00052000 08:16 6301750                    /usr/lib/jvm/java-8-openjdk-amd64/jre/lib/amd64/libfontmanager.so
7fda79d31000-7fda79d32000 rw-p 00054000 08:16 6301750                    /usr/lib/jvm/java-8-openjdk-amd64/jre/lib/amd64/libfontmanager.so
7fda79d32000-7fda79d37000 r-xp 00000000 08:16 6299937                    /usr/lib/x86_64-linux-gnu/libXdmcp.so.6.0.0
7fda79d37000-7fda79f36000 ---p 00005000 08:16 6299937                    /usr/lib/x86_64-linux-gnu/libXdmcp.so.6.0.0
7fda79f36000-7fda79f37000 r--p 00004000 08:16 6299937                    /usr/lib/x86_64-linux-gnu/libXdmcp.so.6.0.0
7fda79f37000-7fda79f38000 rw-p 00005000 08:16 6299937                    /usr/lib/x86_64-linux-gnu/libXdmcp.so.6.0.0
7fda79f38000-7fda79f3a000 r-xp 00000000 08:16 6299926                    /usr/lib/x86_64-linux-gnu/libXau.so.6.0.0
7fda79f3a000-7fda7a13a000 ---p 00002000 08:16 6299926                    /usr/lib/x86_64-linux-gnu/libXau.so.6.0.0
7fda7a13a000-7fda7a13b000 r--p 00002000 08:16 6299926                    /usr/lib/x86_64-linux-gnu/libXau.so.6.0.0
7fda7a13b000-7fda7a13c000 rw-p 00003000 08:16 6299926                    /usr/lib/x86_64-linux-gnu/libXau.so.6.0.0
7fda7a13c000-7fda7a15d000 r-xp 00000000 08:16 6301304                    /usr/lib/x86_64-linux-gnu/libxcb.so.1.1.0
7fda7a15d000-7fda7a35c000 ---p 00021000 08:16 6301304                    /usr/lib/x86_64-linux-gnu/libxcb.so.1.1.0
7fda7a35c000-7fda7a35d000 r--p 00020000 08:16 6301304                    /usr/lib/x86_64-linux-gnu/libxcb.so.1.1.0
7fda7a35d000-7fda7a35e000 rw-p 00021000 08:16 6301304                    /usr/lib/x86_64-linux-gnu/libxcb.so.1.1.0
7fda7a35e000-7fda7a36d000 r-xp 00000000 08:16 6299947                    /usr/lib/x86_64-linux-gnu/libXi.so.6.1.0
7fda7a36d000-7fda7a56c000 ---p 0000f000 08:16 6299947                    /usr/lib/x86_64-linux-gnu/libXi.so.6.1.0
7fda7a56c000-7fda7a56d000 r--p 0000e000 08:16 6299947                    /usr/lib/x86_64-linux-gnu/libXi.so.6.1.0
7fda7a56d000-7fda7a56e000 rw-p 0000f000 08:16 6299947                    /usr/lib/x86_64-linux-gnu/libXi.so.6.1.0
7fda7a56e000-7fda7a573000 r-xp 00000000 08:16 6299965                    /usr/lib/x86_64-linux-gnu/libXtst.so.6.1.0
7fda7a573000-7fda7a772000 ---p 00005000 08:16 6299965                    /usr/lib/x86_64-linux-gnu/libXtst.so.6.1.0
7fda7a772000-7fda7a773000 r--p 00004000 08:16 6299965                    /usr/lib/x86_64-linux-gnu/libXtst.so.6.1.0
7fda7a773000-7fda7a774000 rw-p 00005000 08:16 6299965                    /usr/lib/x86_64-linux-gnu/libXtst.so.6.1.0
7fda7a774000-7fda7a77d000 r-xp 00000000 08:16 6299959                    /usr/lib/x86_64-linux-gnu/libXrender.so.1.3.0
7fda7a77d000-7fda7a97c000 ---p 00009000 08:16 6299959                    /usr/lib/x86_64-linux-gnu/libXrender.so.1.3.0
7fda7a97c000-7fda7a97d000 r--p 00008000 08:16 6299959                    /usr/lib/x86_64-linux-gnu/libXrender.so.1.3.0
7fda7a97d000-7fda7a97e000 rw-p 00009000 08:16 6299959                    /usr/lib/x86_64-linux-gnu/libXrender.so.1.3.0
7fda7a97e000-7fda7aab3000 r-xp 00000000 08:16 6299922                    /usr/lib/x86_64-linux-gnu/libX11.so.6.3.0
7fda7aab3000-7fda7acb3000 ---p 00135000 08:16 6299922                    /usr/lib/x86_64-linux-gnu/libX11.so.6.3.0
7fda7acb3000-7fda7acb4000 r--p 00135000 08:16 6299922                    /usr/lib/x86_64-linux-gnu/libX11.so.6.3.0
7fda7acb4000-7fda7acb8000 rw-p 00136000 08:16 6299922                    /usr/lib/x86_64-linux-gnu/libX11.so.6.3.0
7fda7acb8000-7fda7acc9000 r-xp 00000000 08:16 6299939                    /usr/lib/x86_64-linux-gnu/libXext.so.6.4.0
7fda7acc9000-7fda7aec8000 ---p 00011000 08:16 6299939                    /usr/lib/x86_64-linux-gnu/libXext.so.6.4.0
7fda7aec8000-7fda7aec9000 r--p 00010000 08:16 6299939                    /usr/lib/x86_64-linux-gnu/libXext.so.6.4.0
7fda7aec9000-7fda7aeca000 rw-p 00011000 08:16 6299939                    /usr/lib/x86_64-linux-gnu/libXext.so.6.4.0
7fda7aeca000-7fda7af1f000 r-xp 00000000 08:16 6301754                    /usr/lib/jvm/java-8-openjdk-amd64/jre/lib/amd64/libawt_xawt.so
7fda7af1f000-7fda7b11e000 ---p 00055000 08:16 6301754                    /usr/lib/jvm/java-8-openjdk-amd64/jre/lib/amd64/libawt_xawt.so
7fda7b11e000-7fda7b11f000 r--p 00054000 08:16 6301754                    /usr/lib/jvm/java-8-openjdk-amd64/jre/lib/amd64/libawt_xawt.so
7fda7b11f000-7fda7b122000 rw-p 00055000 08:16 6301754                    /usr/lib/jvm/java-8-openjdk-amd64/jre/lib/amd64/libawt_xawt.so
7fda7b122000-7fda7b123000 rw-p 00000000 00:00 0 
7fda7b123000-7fda7b1c3000 r-xp 00000000 08:16 6301753                    /usr/lib/jvm/java-8-openjdk-amd64/jre/lib/amd64/libawt.so
7fda7b1c3000-7fda7b3c3000 ---p 000a0000 08:16 6301753                    /usr/lib/jvm/java-8-openjdk-amd64/jre/lib/amd64/libawt.so
7fda7b3c3000-7fda7b3c4000 r--p 000a0000 08:16 6301753                    /usr/lib/jvm/java-8-openjdk-amd64/jre/lib/amd64/libawt.so
7fda7b3c4000-7fda7b3cf000 rw-p 000a1000 08:16 6301753                    /usr/lib/jvm/java-8-openjdk-amd64/jre/lib/amd64/libawt.so
7fda7b3cf000-7fda7b3f4000 rw-p 00000000 00:00 0 
7fda7b3f4000-7fda7b3f5000 ---p 00000000 00:00 0 
7fda7b3f5000-7fda7b4f5000 rw-p 00000000 00:00 0 
7fda7b4f5000-7fda7b4f8000 ---p 00000000 00:00 0 
7fda7b4f8000-7fda7b5f6000 rw-p 00000000 00:00 0 
7fda7b5f6000-7fda7b5f9000 ---p 00000000 00:00 0 
7fda7b5f9000-7fda7b6f7000 rw-p 00000000 00:00 0 
7fda7b6f7000-7fda7b6fa000 ---p 00000000 00:00 0 
7fda7b6fa000-7fda7b7f8000 rw-p 00000000 00:00 0 
7fda7b7f8000-7fda7b7fb000 ---p 00000000 00:00 0 
7fda7b7fb000-7fda7b8f9000 rw-p 00000000 00:00 0 
7fda7b8f9000-7fda7b8fc000 ---p 00000000 00:00 0 
7fda7b8fc000-7fda7b9fa000 rw-p 00000000 00:00 0 
7fda7b9fa000-7fda7b9fd000 ---p 00000000 00:00 0 
7fda7b9fd000-7fda7bafb000 rw-p 00000000 00:00 0 
7fda7bafb000-7fda7bafe000 ---p 00000000 00:00 0 
7fda7bafe000-7fda7bbfc000 rw-p 00000000 00:00 0 
7fda7bbfc000-7fda7bbfd000 ---p 00000000 00:00 0 
7fda7bbfd000-7fda7c000000 rw-p 00000000 00:00 0 
7fda7c000000-7fda7c021000 rw-p 00000000 00:00 0 
7fda7c021000-7fda80000000 ---p 00000000 00:00 0 
7fda80043000-7fda8008e000 rw-s 00000000 00:05 8880148                    /SYSV00000000 (deleted)
7fda8008e000-7fda84000000 rw-p 00000000 00:00 0 
7fda84000000-7fda84021000 rw-p 00000000 00:00 0 
7fda84021000-7fda88000000 ---p 00000000 00:00 0 
7fda88000000-7fda88021000 rw-p 00000000 00:00 0 
7fda88021000-7fda8c000000 ---p 00000000 00:00 0 
7fda8c000000-7fda8c021000 rw-p 00000000 00:00 0 
7fda8c021000-7fda90000000 ---p 00000000 00:00 0 
7fda90013000-7fda90026000 r--s 00346000 08:16 6301744                    /usr/lib/jvm/java-8-openjdk-amd64/jre/lib/resources.jar
7fda90026000-7fda9004c000 r--p 00000000 08:16 7618160                    /usr/share/locale-langpack/fr/LC_MESSAGES/libc.mo
7fda9004c000-7fda900e2000 r--s 008d7000 08:16 6687607                    /usr/share/java/openjfx/jre/lib/ext/jfxrt.jar
7fda900e2000-7fda90aec000 rw-p 00000000 00:00 0 
7fda90aec000-7fda90cbb000 r--s 03c2f000 08:16 6306841                    /usr/lib/jvm/java-8-openjdk-amd64/jre/lib/rt.jar
7fda90cbb000-7fda9192f000 rw-p 00000000 00:00 0 
7fda9192f000-7fda91930000 ---p 00000000 00:00 0 
7fda91930000-7fda91a30000 rw-p 00000000 00:00 0 
7fda91a30000-7fda91a31000 ---p 00000000 00:00 0 
7fda91a31000-7fda91b31000 rw-p 00000000 00:00 0 
7fda91b31000-7fda91b32000 ---p 00000000 00:00 0 
7fda91b32000-7fda91c32000 rw-p 00000000 00:00 0 
7fda91c32000-7fda91c33000 ---p 00000000 00:00 0 
7fda91c33000-7fda91d5d000 rw-p 00000000 00:00 0 
7fda91d5d000-7fda91fc3000 ---p 00000000 00:00 0 
7fda91fc3000-7fda91fed000 rw-p 00000000 00:00 0 
7fda91fed000-7fda92252000 ---p 00000000 00:00 0 
7fda92252000-7fda92267000 rw-p 00000000 00:00 0 
7fda92267000-7fda9239a000 ---p 00000000 00:00 0 
7fda9239a000-7fda923ab000 rw-p 00000000 00:00 0 
7fda923ab000-7fda9275b000 ---p 00000000 00:00 0 
7fda9275b000-7fda92b4b000 rwxp 00000000 00:00 0 
7fda92b4b000-7fdaa175b000 ---p 00000000 00:00 0 
7fdaa175b000-7fdaa1763000 r-xp 00000000 08:16 6301768                    /usr/lib/jvm/java-8-openjdk-amd64/jre/lib/amd64/libzip.so
7fdaa1763000-7fdaa1962000 ---p 00008000 08:16 6301768                    /usr/lib/jvm/java-8-openjdk-amd64/jre/lib/amd64/libzip.so
7fdaa1962000-7fdaa1963000 r--p 00007000 08:16 6301768                    /usr/lib/jvm/java-8-openjdk-amd64/jre/lib/amd64/libzip.so
7fdaa1963000-7fdaa1964000 rw-p 00008000 08:16 6301768                    /usr/lib/jvm/java-8-openjdk-amd64/jre/lib/amd64/libzip.so
7fdaa1964000-7fdaa196f000 r-xp 00000000 08:16 2363771                    /lib/x86_64-linux-gnu/libnss_files-2.23.so
7fdaa196f000-7fdaa1b6e000 ---p 0000b000 08:16 2363771                    /lib/x86_64-linux-gnu/libnss_files-2.23.so
7fdaa1b6e000-7fdaa1b6f000 r--p 0000a000 08:16 2363771                    /lib/x86_64-linux-gnu/libnss_files-2.23.so
7fdaa1b6f000-7fdaa1b70000 rw-p 0000b000 08:16 2363771                    /lib/x86_64-linux-gnu/libnss_files-2.23.so
7fdaa1b70000-7fdaa1b76000 rw-p 00000000 00:00 0 
7fdaa1b76000-7fdaa1b81000 r-xp 00000000 08:16 2363894                    /lib/x86_64-linux-gnu/libnss_nis-2.23.so
7fdaa1b81000-7fdaa1d80000 ---p 0000b000 08:16 2363894                    /lib/x86_64-linux-gnu/libnss_nis-2.23.so
7fdaa1d80000-7fdaa1d81000 r--p 0000a000 08:16 2363894                    /lib/x86_64-linux-gnu/libnss_nis-2.23.so
7fdaa1d81000-7fdaa1d82000 rw-p 0000b000 08:16 2363894                    /lib/x86_64-linux-gnu/libnss_nis-2.23.so
7fdaa1d82000-7fdaa1d98000 r-xp 00000000 08:16 2359388                    /lib/x86_64-linux-gnu/libnsl-2.23.so
7fdaa1d98000-7fdaa1f97000 ---p 00016000 08:16 2359388                    /lib/x86_64-linux-gnu/libnsl-2.23.so
7fdaa1f97000-7fdaa1f98000 r--p 00015000 08:16 2359388                    /lib/x86_64-linux-gnu/libnsl-2.23.so
7fdaa1f98000-7fdaa1f99000 rw-p 00016000 08:16 2359388                    /lib/x86_64-linux-gnu/libnsl-2.23.so
7fdaa1f99000-7fdaa1f9b000 rw-p 00000000 00:00 0 
7fdaa1f9b000-7fdaa1fa3000 r-xp 00000000 08:16 2360620                    /lib/x86_64-linux-gnu/libnss_compat-2.23.so
7fdaa1fa3000-7fdaa21a2000 ---p 00008000 08:16 2360620                    /lib/x86_64-linux-gnu/libnss_compat-2.23.so
7fdaa21a2000-7fdaa21a3000 r--p 00007000 08:16 2360620                    /lib/x86_64-linux-gnu/libnss_compat-2.23.so
7fdaa21a3000-7fdaa21a4000 rw-p 00008000 08:16 2360620                    /lib/x86_64-linux-gnu/libnss_compat-2.23.so
7fdaa21a4000-7fdaa21d1000 r-xp 00000000 08:16 6301759                    /usr/lib/jvm/java-8-openjdk-amd64/jre/lib/amd64/libjava.so
7fdaa21d1000-7fdaa23d0000 ---p 0002d000 08:16 6301759                    /usr/lib/jvm/java-8-openjdk-amd64/jre/lib/amd64/libjava.so
7fdaa23d0000-7fdaa23d1000 r--p 0002c000 08:16 6301759                    /usr/lib/jvm/java-8-openjdk-amd64/jre/lib/amd64/libjava.so
7fdaa23d1000-7fdaa23d3000 rw-p 0002d000 08:16 6301759                    /usr/lib/jvm/java-8-openjdk-amd64/jre/lib/amd64/libjava.so
7fdaa23d3000-7fdaa23e2000 r-xp 00000000 08:16 6301745                    /usr/lib/jvm/java-8-openjdk-amd64/jre/lib/amd64/libverify.so
7fdaa23e2000-7fdaa25e1000 ---p 0000f000 08:16 6301745                    /usr/lib/jvm/java-8-openjdk-amd64/jre/lib/amd64/libverify.so
7fdaa25e1000-7fdaa25e3000 r--p 0000e000 08:16 6301745                    /usr/lib/jvm/java-8-openjdk-amd64/jre/lib/amd64/libverify.so
7fdaa25e3000-7fdaa25e4000 rw-p 00010000 08:16 6301745                    /usr/lib/jvm/java-8-openjdk-amd64/jre/lib/amd64/libverify.so
7fdaa25e4000-7fdaa25eb000 r-xp 00000000 08:16 2363895                    /lib/x86_64-linux-gnu/librt-2.23.so
7fdaa25eb000-7fdaa27ea000 ---p 00007000 08:16 2363895                    /lib/x86_64-linux-gnu/librt-2.23.so
7fdaa27ea000-7fdaa27eb000 r--p 00006000 08:16 2363895                    /lib/x86_64-linux-gnu/librt-2.23.so
7fdaa27eb000-7fdaa27ec000 rw-p 00007000 08:16 2363895                    /lib/x86_64-linux-gnu/librt-2.23.so
7fdaa27ec000-7fdaa2802000 r-xp 00000000 08:16 2363912                    /lib/x86_64-linux-gnu/libgcc_s.so.1
7fdaa2802000-7fdaa2a01000 ---p 00016000 08:16 2363912                    /lib/x86_64-linux-gnu/libgcc_s.so.1
7fdaa2a01000-7fdaa2a02000 rw-p 00015000 08:16 2363912                    /lib/x86_64-linux-gnu/libgcc_s.so.1
7fdaa2a02000-7fdaa2b74000 r-xp 00000000 08:16 6291847                    /usr/lib/x86_64-linux-gnu/libstdc++.so.6.0.21
7fdaa2b74000-7fdaa2d74000 ---p 00172000 08:16 6291847                    /usr/lib/x86_64-linux-gnu/libstdc++.so.6.0.21
7fdaa2d74000-7fdaa2d7e000 r--p 00172000 08:16 6291847                    /usr/lib/x86_64-linux-gnu/libstdc++.so.6.0.21
7fdaa2d7e000-7fdaa2d80000 rw-p 0017c000 08:16 6291847                    /usr/lib/x86_64-linux-gnu/libstdc++.so.6.0.21
7fdaa2d80000-7fdaa2d84000 rw-p 00000000 00:00 0 
7fdaa2d84000-7fdaa39dd000 r-xp 00000000 08:16 6301773                    /usr/lib/jvm/java-8-openjdk-amd64/jre/lib/amd64/server/libjvm.so
7fdaa39dd000-7fdaa3bdd000 ---p 00c59000 08:16 6301773                    /usr/lib/jvm/java-8-openjdk-amd64/jre/lib/amd64/server/libjvm.so
7fdaa3bdd000-7fdaa3c70000 r--p 00c59000 08:16 6301773                    /usr/lib/jvm/java-8-openjdk-amd64/jre/lib/amd64/server/libjvm.so
7fdaa3c70000-7fdaa3c99000 rw-p 00cec000 08:16 6301773                    /usr/lib/jvm/java-8-openjdk-amd64/jre/lib/amd64/server/libjvm.so
7fdaa3c99000-7fdaa3cc9000 rw-p 00000000 00:00 0 
7fdaa3cc9000-7fdaa3ccf000 r-xp 00000000 08:05 238653                     /media/matthieu/Data/Matthieu/##Etude/#Licence_3eme_annee/##Mario/MarioBros-MachineLearning/mario-ai-master/src/main/bin/AmiCoBuild/PyJava/libAmiCoPyJava.so
7fdaa3ccf000-7fdaa3ece000 ---p 00006000 08:05 238653                     /media/matthieu/Data/Matthieu/##Etude/#Licence_3eme_annee/##Mario/MarioBros-MachineLearning/mario-ai-master/src/main/bin/AmiCoBuild/PyJava/libAmiCoPyJava.so
7fdaa3ece000-7fdaa3ecf000 r--p 00005000 08:05 238653                     /media/matthieu/Data/Matthieu/##Etude/#Licence_3eme_annee/##Mario/MarioBros-MachineLearning/mario-ai-master/src/main/bin/AmiCoBuild/PyJava/libAmiCoPyJava.so
7fdaa3ecf000-7fdaa3ed0000 rw-p 00006000 08:05 238653                     /media/matthieu/Data/Matthieu/##Etude/#Licence_3eme_annee/##Mario/MarioBros-MachineLearning/mario-ai-master/src/main/bin/AmiCoBuild/PyJava/libAmiCoPyJava.so
7fdaa3ed0000-7fdaa3f50000 rw-p 00000000 00:00 0 
7fdaa3f50000-7fdaa400b000 r-xp 00000000 08:16 1319283                    /usr/local/lib/python3.5/dist-packages/numpy/random/mtrand.cpython-35m-x86_64-linux-gnu.so
7fdaa400b000-7fdaa420b000 ---p 000bb000 08:16 1319283                    /usr/local/lib/python3.5/dist-packages/numpy/random/mtrand.cpython-35m-x86_64-linux-gnu.so
7fdaa420b000-7fdaa4230000 rw-p 000bb000 08:16 1319283                    /usr/local/lib/python3.5/dist-packages/numpy/random/mtrand.cpython-35m-x86_64-linux-gnu.so
7fdaa4230000-7fdaa4272000 rw-p 00000000 00:00 0 
7fdaa4272000-7fdaa427b000 r-xp 00000000 08:16 3496                       /usr/local/lib/python3.5/dist-packages/numpy/fft/fftpack_lite.cpython-35m-x86_64-linux-gnu.so
7fdaa427b000-7fdaa447a000 ---p 00009000 08:16 3496                       /usr/local/lib/python3.5/dist-packages/numpy/fft/fftpack_lite.cpython-35m-x86_64-linux-gnu.so
7fdaa447a000-7fdaa447b000 rw-p 00008000 08:16 3496                       /usr/local/lib/python3.5/dist-packages/numpy/fft/fftpack_lite.cpython-35m-x86_64-linux-gnu.so
7fdaa447b000-7fdaa44bb000 rw-p 00000000 00:00 0 
7fdaa44bb000-7fdaa44f2000 r-xp 00000000 08:16 6300738                    /usr/lib/x86_64-linux-gnu/libmpdec.so.2.4.2
7fdaa44f2000-7fdaa46f1000 ---p 00037000 08:16 6300738                    /usr/lib/x86_64-linux-gnu/libmpdec.so.2.4.2
7fdaa46f1000-7fdaa46f2000 r--p 00036000 08:16 6300738                    /usr/lib/x86_64-linux-gnu/libmpdec.so.2.4.2
7fdaa46f2000-7fdaa46f3000 rw-p 00037000 08:16 6300738                    /usr/lib/x86_64-linux-gnu/libmpdec.so.2.4.2
7fdaa46f3000-7fdaa4717000 r-xp 00000000 08:16 6556725                    /usr/lib/python3.5/lib-dynload/_decimal.cpython-35m-x86_64-linux-gnu.so
7fdaa4717000-7fdaa4916000 ---p 00024000 08:16 6556725                    /usr/lib/python3.5/lib-dynload/_decimal.cpython-35m-x86_64-linux-gnu.so
7fdaa4916000-7fdaa4917000 r--p 00023000 08:16 6556725                    /usr/lib/python3.5/lib-dynload/_decimal.cpython-35m-x86_64-linux-gnu.so
7fdaa4917000-7fdaa4920000 rw-p 00024000 08:16 6556725                    /usr/lib/python3.5/lib-dynload/_decimal.cpython-35m-x86_64-linux-gnu.so
7fdaa4920000-7fdaa4960000 rw-p 00000000 00:00 0 
7fdaa4960000-7fdaa4989000 r-xp 00000000 08:16 1319301                    /usr/local/lib/python3.5/dist-packages/numpy/linalg/_umath_linalg.cpython-35m-x86_64-linux-gnu.so
7fdaa4989000-7fdaa4b88000 ---p 00029000 08:16 1319301                    /usr/local/lib/python3.5/dist-packages/numpy/linalg/_umath_linalg.cpython-35m-x86_64-linux-gnu.so
7fdaa4b88000-7fdaa4b8d000 rw-p 00028000 08:16 1319301                    /usr/local/lib/python3.5/dist-packages/numpy/linalg/_umath_linalg.cpython-35m-x86_64-linux-gnu.so
7fdaa4b8d000-7fdaa4b91000 r-xp 00000000 08:16 1319302                    /usr/local/lib/python3.5/dist-packages/numpy/linalg/lapack_lite.cpython-35m-x86_64-linux-gnu.so
7fdaa4b91000-7fdaa4d91000 ---p 00004000 08:16 1319302                    /usr/local/lib/python3.5/dist-packages/numpy/linalg/lapack_lite.cpython-35m-x86_64-linux-gnu.so
7fdaa4d91000-7fdaa4d94000 rw-p 00004000 08:16 1319302                    /usr/local/lib/python3.5/dist-packages/numpy/linalg/lapack_lite.cpython-35m-x86_64-linux-gnu.so
7fdaa4d94000-7fdaa5055000 rw-p 00000000 00:00 0 
7fdaa5055000-7fdaa7055000 rw-p 00000000 00:00 0 
7fdaa7055000-7fdaa71e6000 r-xp 00000000 08:16 1319343                    /usr/local/lib/python3.5/dist-packages/numpy/core/umath.cpython-35m-x86_64-linux-gnu.so
7fdaa71e6000-7fdaa73e6000 ---p 00191000 08:16 1319343                    /usr/local/lib/python3.5/dist-packages/numpy/core/umath.cpython-35m-x86_64-linux-gnu.so
7fdaa73e6000-7fdaa73ec000 rw-p 00191000 08:16 1319343                    /usr/local/lib/python3.5/dist-packages/numpy/core/umath.cpython-35m-x86_64-linux-gnu.so
7fdaa73ec000-7fdaa742e000 rw-p 00000000 00:00 0 
7fdaa742e000-7fdaab42e000 rw-p 00000000 00:00 0 
7fdaab42e000-7fdaab42f000 ---p 00000000 00:00 0 
7fdaab42f000-7fdaabc2f000 rw-p 00000000 00:00 0 
7fdaabc2f000-7fdaabc30000 ---p 00000000 00:00 0 
7fdaabc30000-7fdaac430000 rw-p 00000000 00:00 0 
7fdaac430000-7fdaac431000 ---p 00000000 00:00 0 
7fdaac431000-7fdaacc31000 rw-p 00000000 00:00 0 
7fdaacc31000-7fdaacd21000 r-xp 00000000 08:16 1319298                    /usr/local/lib/python3.5/dist-packages/numpy/.libs/libgfortran-ed201abd.so.3.0.0
7fdaacd21000-7fdaacf20000 ---p 000f0000 08:16 1319298                    /usr/local/lib/python3.5/dist-packages/numpy/.libs/libgfortran-ed201abd.so.3.0.0
7fdaacf20000-7fdaacf22000 rw-p 000ef000 08:16 1319298                    /usr/local/lib/python3.5/dist-packages/numpy/.libs/libgfortran-ed201abd.so.3.0.0
7fdaacf22000-7fdaacf23000 rw-p 00000000 00:00 0 
7fdaacf23000-7fdaacf2b000 rw-p 000f2000 08:16 1319298                    /usr/local/lib/python3.5/dist-packages/numpy/.libs/libgfortran-ed201abd.so.3.0.0
7fdaacf2b000-7fdaaf23f000 r-xp 00000000 08:16 1319297                    /usr/local/lib/python3.5/dist-packages/numpy/.libs/libopenblasp-r0-39a31c03.2.18.so
7fdaaf23f000-7fdaaf43e000 ---p 02314000 08:16 1319297                    /usr/local/lib/python3.5/dist-packages/numpy/.libs/libopenblasp-r0-39a31c03.2.18.so
7fdaaf43e000-7fdaaf45d000 rw-p 02313000 08:16 1319297                    /usr/local/lib/python3.5/dist-packages/numpy/.libs/libopenblasp-r0-39a31c03.2.18.so
7fdaaf45d000-7fdaaf4c0000 rw-p 00000000 00:00 0 
7fdaaf4c0000-7fdaaf556000 rw-p 02425000 08:16 1319297                    /usr/local/lib/python3.5/dist-packages/numpy/.libs/libopenblasp-r0-39a31c03.2.18.so
7fdaaf556000-7fdaaf72e000 r-xp 00000000 08:16 1319350                    /usr/local/lib/python3.5/dist-packages/numpy/core/multiarray.cpython-35m-x86_64-linux-gnu.so
7fdaaf72e000-7fdaaf92e000 ---p 001d8000 08:16 1319350                    /usr/local/lib/python3.5/dist-packages/numpy/core/multiarray.cpython-35m-x86_64-linux-gnu.so
7fdaaf92e000-7fdaaf947000 rw-p 001d8000 08:16 1319350                    /usr/local/lib/python3.5/dist-packages/numpy/core/multiarray.cpython-35m-x86_64-linux-gnu.so
7fdaaf947000-7fdaaf95f000 rw-p 00000000 00:00 0 
7fdaaf95f000-7fdaaf965000 rw-p 001f2000 08:16 1319350                    /usr/local/lib/python3.5/dist-packages/numpy/core/multiarray.cpython-35m-x86_64-linux-gnu.so
7fdaaf965000-7fdaaf9a5000 rw-p 00000000 00:00 0 
7fdaaf9a5000-7fdaafbbf000 r-xp 00000000 08:16 2363782                    /lib/x86_64-linux-gnu/libcrypto.so.1.0.0
7fdaafbbf000-7fdaafdbe000 ---p 0021a000 08:16 2363782                    /lib/x86_64-linux-gnu/libcrypto.so.1.0.0
7fdaafdbe000-7fdaafdda000 r--p 00219000 08:16 2363782                    /lib/x86_64-linux-gnu/libcrypto.so.1.0.0
7fdaafdda000-7fdaafde6000 rw-p 00235000 08:16 2363782                    /lib/x86_64-linux-gnu/libcrypto.so.1.0.0
7fdaafde6000-7fdaafde9000 rw-p 00000000 00:00 0 
7fdaafde9000-7fdaafdee000 r-xp 00000000 08:16 6554342                    /usr/lib/python3.5/lib-dynload/_hashlib.cpython-35m-x86_64-linux-gnu.so
7fdaafdee000-7fdaaffee000 ---p 00005000 08:16 6554342                    /usr/lib/python3.5/lib-dynload/_hashlib.cpython-35m-x86_64-linux-gnu.so
7fdaaffee000-7fdaaffef000 r--p 00005000 08:16 6554342                    /usr/lib/python3.5/lib-dynload/_hashlib.cpython-35m-x86_64-linux-gnu.so
7fdaaffef000-7fdaafff0000 rw-p 00006000 08:16 6554342                    /usr/lib/python3.5/lib-dynload/_hashlib.cpython-35m-x86_64-linux-gnu.so
7fdaafff0000-7fdab0030000 rw-p 00000000 00:00 0 
7fdab0030000-7fdab0051000 r-xp 00000000 08:16 2363941                    /lib/x86_64-linux-gnu/liblzma.so.5.0.0
7fdab0051000-7fdab0250000 ---p 00021000 08:16 2363941                    /lib/x86_64-linux-gnu/liblzma.so.5.0.0
7fdab0250000-7fdab0251000 r--p 00020000 08:16 2363941                    /lib/x86_64-linux-gnu/liblzma.so.5.0.0
7fdab0251000-7fdab0252000 rw-p 00021000 08:16 2363941                    /lib/x86_64-linux-gnu/liblzma.so.5.0.0
7fdab0252000-7fdab0259000 r-xp 00000000 08:16 6556722                    /usr/lib/python3.5/lib-dynload/_lzma.cpython-35m-x86_64-linux-gnu.so
7fdab0259000-7fdab0458000 ---p 00007000 08:16 6556722                    /usr/lib/python3.5/lib-dynload/_lzma.cpython-35m-x86_64-linux-gnu.so
7fdab0458000-7fdab0459000 r--p 00006000 08:16 6556722                    /usr/lib/python3.5/lib-dynload/_lzma.cpython-35m-x86_64-linux-gnu.so
7fdab0459000-7fdab045b000 rw-p 00007000 08:16 6556722                    /usr/lib/python3.5/lib-dynload/_lzma.cpython-35m-x86_64-linux-gnu.so
7fdab045b000-7fdab046a000 r-xp 00000000 08:16 2363873                    /lib/x86_64-linux-gnu/libbz2.so.1.0.4
7fdab046a000-7fdab0669000 ---p 0000f000 08:16 2363873                    /lib/x86_64-linux-gnu/libbz2.so.1.0.4
7fdab0669000-7fdab066a000 r--p 0000e000 08:16 2363873                    /lib/x86_64-linux-gnu/libbz2.so.1.0.4
7fdab066a000-7fdab066b000 rw-p 0000f000 08:16 2363873                    /lib/x86_64-linux-gnu/libbz2.so.1.0.4
7fdab066d000-7fdab0688000 r--s 00394000 08:16 6301733                    /usr/lib/jvm/java-8-openjdk-amd64/jre/lib/ext/cldrdata.jar
7fdab0688000-7fdab068c000 r-xp 00000000 08:16 6556713                    /usr/lib/python3.5/lib-dynload/_bz2.cpython-35m-x86_64-linux-gnu.so
7fdab068c000-7fdab088b000 ---p 00004000 08:16 6556713                    /usr/lib/python3.5/lib-dynload/_bz2.cpython-35m-x86_64-linux-gnu.so
7fdab088b000-7fdab088c000 r--p 00003000 08:16 6556713                    /usr/lib/python3.5/lib-dynload/_bz2.cpython-35m-x86_64-linux-gnu.so
7fdab088c000-7fdab088d000 rw-p 00004000 08:16 6556713                    /usr/lib/python3.5/lib-dynload/_bz2.cpython-35m-x86_64-linux-gnu.so
7fdab0893000-7fdab08ae000 r--s 001d6000 08:16 6301740                    /usr/lib/jvm/java-8-openjdk-amd64/jre/lib/ext/nashorn.jar
7fdab08ae000-7fdab096e000 rw-p 00000000 00:00 0 
7fdab096e000-7fdab0990000 r-xp 00000000 08:16 6556723                    /usr/lib/python3.5/lib-dynload/_ctypes.cpython-35m-x86_64-linux-gnu.so
7fdab0990000-7fdab0b8f000 ---p 00022000 08:16 6556723                    /usr/lib/python3.5/lib-dynload/_ctypes.cpython-35m-x86_64-linux-gnu.so
7fdab0b8f000-7fdab0b90000 r--p 00021000 08:16 6556723                    /usr/lib/python3.5/lib-dynload/_ctypes.cpython-35m-x86_64-linux-gnu.so
7fdab0b90000-7fdab0b94000 rw-p 00022000 08:16 6556723                    /usr/lib/python3.5/lib-dynload/_ctypes.cpython-35m-x86_64-linux-gnu.so
7fdab0b94000-7fdab0c55000 rw-p 00000000 00:00 0 
7fdab0c55000-7fdab0f32000 r--p 00000000 08:16 6294233                    /usr/lib/locale/locale-archive
7fdab0f32000-7fdab103a000 r-xp 00000000 08:16 2359387                    /lib/x86_64-linux-gnu/libm-2.23.so
7fdab103a000-7fdab1239000 ---p 00108000 08:16 2359387                    /lib/x86_64-linux-gnu/libm-2.23.so
7fdab1239000-7fdab123a000 r--p 00107000 08:16 2359387                    /lib/x86_64-linux-gnu/libm-2.23.so
7fdab123a000-7fdab123b000 rw-p 00108000 08:16 2359387                    /lib/x86_64-linux-gnu/libm-2.23.so
7fdab123b000-7fdab1254000 r-xp 00000000 08:16 2360593                    /lib/x86_64-linux-gnu/libz.so.1.2.8
7fdab1254000-7fdab1453000 ---p 00019000 08:16 2360593                    /lib/x86_64-linux-gnu/libz.so.1.2.8
7fdab1453000-7fdab1454000 r--p 00018000 08:16 2360593                    /lib/x86_64-linux-gnu/libz.so.1.2.8
7fdab1454000-7fdab1455000 rw-p 00019000 08:16 2360593                    /lib/x86_64-linux-gnu/libz.so.1.2.8
7fdab1455000-7fdab147b000 r-xp 00000000 08:16 2359379                    /lib/x86_64-linux-gnu/libexpat.so.1.6.0
7fdab147b000-7fdab167b000 ---p 00026000 08:16 2359379                    /lib/x86_64-linux-gnu/libexpat.so.1.6.0
7fdab167b000-7fdab167d000 r--p 00026000 08:16 2359379                    /lib/x86_64-linux-gnu/libexpat.so.1.6.0
7fdab167d000-7fdab167e000 rw-p 00028000 08:16 2359379                    /lib/x86_64-linux-gnu/libexpat.so.1.6.0
7fdab167e000-7fdab1680000 r-xp 00000000 08:16 2360619                    /lib/x86_64-linux-gnu/libutil-2.23.so
7fdab1680000-7fdab187f000 ---p 00002000 08:16 2360619                    /lib/x86_64-linux-gnu/libutil-2.23.so
7fdab187f000-7fdab1880000 r--p 00001000 08:16 2360619                    /lib/x86_64-linux-gnu/libutil-2.23.so
7fdab1880000-7fdab1881000 rw-p 00002000 08:16 2360619                    /lib/x86_64-linux-gnu/libutil-2.23.so
7fdab1881000-7fdab1884000 r-xp 00000000 08:16 2359393                    /lib/x86_64-linux-gnu/libdl-2.23.so
7fdab1884000-7fdab1a83000 ---p 00003000 08:16 2359393                    /lib/x86_64-linux-gnu/libdl-2.23.so
7fdab1a83000-7fdab1a84000 r--p 00002000 08:16 2359393                    /lib/x86_64-linux-gnu/libdl-2.23.so
7fdab1a84000-7fdab1a85000 rw-p 00003000 08:16 2359393                    /lib/x86_64-linux-gnu/libdl-2.23.so
7fdab1a85000-7fdab1c45000 r-xp 00000000 08:16 2359391                    /lib/x86_64-linux-gnu/libc-2.23.so
7fdab1c45000-7fdab1e45000 ---p 001c0000 08:16 2359391                    /lib/x86_64-linux-gnu/libc-2.23.so
7fdab1e45000-7fdab1e49000 r--p 001c0000 08:16 2359391                    /lib/x86_64-linux-gnu/libc-2.23.so
7fdab1e49000-7fdab1e4b000 rw-p 001c4000 08:16 2359391                    /lib/x86_64-linux-gnu/libc-2.23.so
7fdab1e4b000-7fdab1e4f000 rw-p 00000000 00:00 0 
7fdab1e4f000-7fdab1e67000 r-xp 00000000 08:16 2359390                    /lib/x86_64-linux-gnu/libpthread-2.23.so
7fdab1e67000-7fdab2066000 ---p 00018000 08:16 2359390                    /lib/x86_64-linux-gnu/libpthread-2.23.so
7fdab2066000-7fdab2067000 r--p 00017000 08:16 2359390                    /lib/x86_64-linux-gnu/libpthread-2.23.so
7fdab2067000-7fdab2068000 rw-p 00018000 08:16 2359390                    /lib/x86_64-linux-gnu/libpthread-2.23.so
7fdab2068000-7fdab206c000 rw-p 00000000 00:00 0 
7fdab206c000-7fdab2092000 r-xp 00000000 08:16 2359389                    /lib/x86_64-linux-gnu/ld-2.23.so
7fdab2098000-7fdab209d000 r--s 0009d000 08:16 6306852                    /usr/lib/jvm/java-8-openjdk-amd64/jre/lib/jsse.jar
7fdab209d000-7fdab209e000 r--s 00010000 08:16 6301730                    /usr/lib/jvm/java-8-openjdk-amd64/jre/lib/ext/zipfs.jar
7fdab209e000-7fdab20a0000 r--s 00008000 08:16 6301729                    /usr/lib/jvm/java-8-openjdk-amd64/jre/lib/ext/sunec.jar
7fdab20a0000-7fdab20a3000 r--s 0000f000 08:16 6301735                    /usr/lib/jvm/java-8-openjdk-amd64/jre/lib/ext/icedtea-sound.jar
7fdab20a3000-7fdab20a6000 r--s 00038000 08:16 6301732                    /usr/lib/jvm/java-8-openjdk-amd64/jre/lib/ext/sunpkcs11.jar
7fdab20a6000-7fdab20ac000 r--s 0003b000 08:16 6301734                    /usr/lib/jvm/java-8-openjdk-amd64/jre/lib/ext/sunjce_provider.jar
7fdab20ac000-7fdab20ae000 r--s 00001000 08:16 6301731                    /usr/lib/jvm/java-8-openjdk-amd64/jre/lib/ext/dnsns.jar
7fdab20ae000-7fdab2274000 rw-p 00000000 00:00 0 
7fdab2274000-7fdab2275000 r--s 0000a000 08:16 6301741                    /usr/lib/jvm/java-8-openjdk-amd64/jre/lib/ext/jaccess.jar
7fdab2275000-7fdab227f000 r--s 00116000 08:16 6301742                    /usr/lib/jvm/java-8-openjdk-amd64/jre/lib/ext/localedata.jar
7fdab227f000-7fdab2287000 rw-s 00000000 08:16 5775613                    /tmp/hsperfdata_matthieu/12770
7fdab2287000-7fdab2288000 rw-p 00000000 00:00 0 
7fdab2288000-7fdab2289000 ---p 00000000 00:00 0 
7fdab2289000-7fdab228a000 rwxp 00000000 00:00 0 
7fdab228a000-7fdab2291000 r--s 00000000 08:16 6555453                    /usr/lib/x86_64-linux-gnu/gconv/gconv-modules.cache
7fdab2291000-7fdab2292000 r--p 00025000 08:16 2359389                    /lib/x86_64-linux-gnu/ld-2.23.so
7fdab2292000-7fdab2293000 rw-p 00026000 08:16 2359389                    /lib/x86_64-linux-gnu/ld-2.23.so
7fdab2293000-7fdab2294000 rw-p 00000000 00:00 0 
7ffc17084000-7ffc17087000 ---p 00000000 00:00 0 
7ffc17087000-7ffc17184000 rw-p 00000000 00:00 0                          [stack]
7ffc171c1000-7ffc171c4000 r--p 00000000 00:00 0                          [vvar]
7ffc171c4000-7ffc171c6000 r-xp 00000000 00:00 0                          [vdso]
ffffffffff600000-ffffffffff601000 r-xp 00000000 00:00 0                  [vsyscall]

VM Arguments:
java_command: <unknown>
java_class_path (initial): .::jdom.jar
Launcher Type: generic

Environment Variables:
PATH=/usr/local/sbin:/usr/local/bin:/usr/sbin:/usr/bin:/sbin:/bin:/usr/games:/usr/local/games:/snap/bin
LD_LIBRARY_PATH=/usr/lib/jvm/java-8-openjdk-amd64/jre/lib/amd64/server::/usr/local/cuda/lib64:/usr/local/cuda/extras/CUPTI/lib64
SHELL=/bin/bash
DISPLAY=:0

Signal Handlers:
SIGSEGV: [libjvm.so+0xa6e6f0], sa_mask[0]=11111111011111111101111111111110, sa_flags=SA_RESTART|SA_SIGINFO
SIGBUS: [libjvm.so+0xa6e6f0], sa_mask[0]=11111111011111111101111111111110, sa_flags=SA_RESTART|SA_SIGINFO
SIGFPE: [libjvm.so+0x8b5d50], sa_mask[0]=11111111011111111101111111111110, sa_flags=SA_RESTART|SA_SIGINFO
SIGPIPE: [libjvm.so+0x8b5d50], sa_mask[0]=11111111011111111101111111111110, sa_flags=SA_RESTART|SA_SIGINFO
SIGXFSZ: [libjvm.so+0x8b5d50], sa_mask[0]=11111111011111111101111111111110, sa_flags=SA_RESTART|SA_SIGINFO
SIGILL: [libjvm.so+0x8b5d50], sa_mask[0]=11111111011111111101111111111110, sa_flags=SA_RESTART|SA_SIGINFO
SIGUSR1: SIG_DFL, sa_mask[0]=00000000000000000000000000000000, sa_flags=none
SIGUSR2: [libjvm.so+0x8b5c00], sa_mask[0]=00000000000000000000000000000000, sa_flags=SA_RESTART|SA_SIGINFO
SIGHUP: [libjvm.so+0x8b60d0], sa_mask[0]=11111111011111111101111111111110, sa_flags=SA_RESTART|SA_SIGINFO
SIGINT: [libjvm.so+0x8b60d0], sa_mask[0]=11111111011111111101111111111110, sa_flags=SA_RESTART|SA_SIGINFO
SIGTERM: [libjvm.so+0x8b60d0], sa_mask[0]=11111111011111111101111111111110, sa_flags=SA_RESTART|SA_SIGINFO
SIGQUIT: [libjvm.so+0x8b60d0], sa_mask[0]=11111111011111111101111111111110, sa_flags=SA_RESTART|SA_SIGINFO


---------------  S Y S T E M  ---------------

OS:DISTRIB_ID=Ubuntu
DISTRIB_RELEASE=16.04
DISTRIB_CODENAME=xenial
DISTRIB_DESCRIPTION="Ubuntu 16.04.4 LTS"

uname:Linux 4.4.0-128-generic #154-Ubuntu SMP Fri May 25 14:15:18 UTC 2018 x86_64
libc:glibc 2.23 NPTL 2.23 
rlimit: STACK 8192k, CORE 0k, NPROC 31115, NOFILE 1048576, AS infinity
load average:0,39 0,30 0,24

/proc/meminfo:
MemTotal:        8048492 kB
MemFree:         3657680 kB
MemAvailable:    5945988 kB
Buffers:          541628 kB
Cached:          1986208 kB
SwapCached:            0 kB
Active:          2819448 kB
Inactive:        1256944 kB
Active(anon):    1549968 kB
Inactive(anon):    65088 kB
Active(file):    1269480 kB
Inactive(file):  1191856 kB
Unevictable:          48 kB
Mlocked:              48 kB
SwapTotal:      11998204 kB
SwapFree:       11998204 kB
Dirty:                36 kB
Writeback:             0 kB
AnonPages:       1540604 kB
Mapped:           425436 kB
Shmem:             66504 kB
Slab:             153348 kB
SReclaimable:      94848 kB
SUnreclaim:        58500 kB
KernelStack:       10272 kB
PageTables:        38528 kB
NFS_Unstable:          0 kB
Bounce:                0 kB
WritebackTmp:          0 kB
CommitLimit:    16022448 kB
Committed_AS:    6823980 kB
VmallocTotal:   34359738367 kB
VmallocUsed:           0 kB
VmallocChunk:          0 kB
HardwareCorrupted:     0 kB
AnonHugePages:         0 kB
CmaTotal:              0 kB
CmaFree:               0 kB
HugePages_Total:       0
HugePages_Free:        0
HugePages_Rsvd:        0
HugePages_Surp:        0
Hugepagesize:       2048 kB
DirectMap4k:      510484 kB
DirectMap2M:     6703104 kB
DirectMap1G:     1048576 kB


CPU:total 4 (initial active 4) (2 cores per cpu, 2 threads per core) family 6 model 69 stepping 1, cmov, cx8, fxsr, mmx, sse, sse2, sse3, ssse3, sse4.1, sse4.2, popcnt, avx, avx2, aes, clmul, erms, lzcnt, ht, tsc, tscinvbit, bmi1, bmi2

/proc/cpuinfo:
processor	: 0
vendor_id	: GenuineIntel
cpu family	: 6
model		: 69
model name	: Intel(R) Core(TM) i7-4510U CPU @ 2.00GHz
stepping	: 1
microcode	: 0x23
cpu MHz		: 2800.078
cache size	: 4096 KB
physical id	: 0
siblings	: 4
core id		: 0
cpu cores	: 2
apicid		: 0
initial apicid	: 0
fpu		: yes
fpu_exception	: yes
cpuid level	: 13
wp		: yes
flags		: fpu vme de pse tsc msr pae mce cx8 apic sep mtrr pge mca cmov pat pse36 clflush dts acpi mmx fxsr sse sse2 ss ht tm pbe syscall nx pdpe1gb rdtscp lm constant_tsc arch_perfmon pebs bts rep_good nopl xtopology nonstop_tsc aperfmperf eagerfpu pni pclmulqdq dtes64 monitor ds_cpl vmx est tm2 ssse3 sdbg fma cx16 xtpr pdcm pcid sse4_1 sse4_2 movbe popcnt tsc_deadline_timer aes xsave avx f16c rdrand lahf_lm abm epb invpcid_single ibrs ibpb stibp kaiser tpr_shadow vnmi flexpriority ept vpid fsgsbase tsc_adjust bmi1 avx2 smep bmi2 erms invpcid xsaveopt dtherm ida arat pln pts
bugs		: cpu_meltdown spectre_v1 spectre_v2 spec_store_bypass
bogomips	: 5188.28
clflush size	: 64
cache_alignment	: 64
address sizes	: 39 bits physical, 48 bits virtual
power management:

processor	: 1
vendor_id	: GenuineIntel
cpu family	: 6
model		: 69
model name	: Intel(R) Core(TM) i7-4510U CPU @ 2.00GHz
stepping	: 1
microcode	: 0x23
cpu MHz		: 2799.976
cache size	: 4096 KB
physical id	: 0
siblings	: 4
core id		: 1
cpu cores	: 2
apicid		: 2
initial apicid	: 2
fpu		: yes
fpu_exception	: yes
cpuid level	: 13
wp		: yes
flags		: fpu vme de pse tsc msr pae mce cx8 apic sep mtrr pge mca cmov pat pse36 clflush dts acpi mmx fxsr sse sse2 ss ht tm pbe syscall nx pdpe1gb rdtscp lm constant_tsc arch_perfmon pebs bts rep_good nopl xtopology nonstop_tsc aperfmperf eagerfpu pni pclmulqdq dtes64 monitor ds_cpl vmx est tm2 ssse3 sdbg fma cx16 xtpr pdcm pcid sse4_1 sse4_2 movbe popcnt tsc_deadline_timer aes xsave avx f16c rdrand lahf_lm abm epb invpcid_single ibrs ibpb stibp kaiser tpr_shadow vnmi flexpriority ept vpid fsgsbase tsc_adjust bmi1 avx2 smep bmi2 erms invpcid xsaveopt dtherm ida arat pln pts
bugs		: cpu_meltdown spectre_v1 spectre_v2 spec_store_bypass
bogomips	: 5188.28
clflush size	: 64
cache_alignment	: 64
address sizes	: 39 bits physical, 48 bits virtual
power management:

processor	: 2
vendor_id	: GenuineIntel
cpu family	: 6
model		: 69
model name	: Intel(R) Core(TM) i7-4510U CPU @ 2.00GHz
stepping	: 1
microcode	: 0x23
cpu MHz		: 2624.984
cache size	: 4096 KB
physical id	: 0
siblings	: 4
core id		: 0
cpu cores	: 2
apicid		: 1
initial apicid	: 1
fpu		: yes
fpu_exception	: yes
cpuid level	: 13
wp		: yes
flags		: fpu vme de pse tsc msr pae mce cx8 apic sep mtrr pge mca cmov pat pse36 clflush dts acpi mmx fxsr sse sse2 ss ht tm pbe syscall nx pdpe1gb rdtscp lm constant_tsc arch_perfmon pebs bts rep_good nopl xtopology nonstop_tsc aperfmperf eagerfpu pni pclmulqdq dtes64 monitor ds_cpl vmx est tm2 ssse3 sdbg fma cx16 xtpr pdcm pcid sse4_1 sse4_2 movbe popcnt tsc_deadline_timer aes xsave avx f16c rdrand lahf_lm abm epb invpcid_single ibrs ibpb stibp kaiser tpr_shadow vnmi flexpriority ept vpid fsgsbase tsc_adjust bmi1 avx2 smep bmi2 erms invpcid xsaveopt dtherm ida arat pln pts
bugs		: cpu_meltdown spectre_v1 spectre_v2 spec_store_bypass
bogomips	: 5188.28
clflush size	: 64
cache_alignment	: 64
address sizes	: 39 bits physical, 48 bits virtual
power management:

processor	: 3
vendor_id	: GenuineIntel
cpu family	: 6
model		: 69
model name	: Intel(R) Core(TM) i7-4510U CPU @ 2.00GHz
stepping	: 1
microcode	: 0x23
cpu MHz		: 2799.976
cache size	: 4096 KB
physical id	: 0
siblings	: 4
core id		: 1
cpu cores	: 2
apicid		: 3
initial apicid	: 3
fpu		: yes
fpu_exception	: yes
cpuid level	: 13
wp		: yes
flags		: fpu vme de pse tsc msr pae mce cx8 apic sep mtrr pge mca cmov pat pse36 clflush dts acpi mmx fxsr sse sse2 ss ht tm pbe syscall nx pdpe1gb rdtscp lm constant_tsc arch_perfmon pebs bts rep_good nopl xtopology nonstop_tsc aperfmperf eagerfpu pni pclmulqdq dtes64 monitor ds_cpl vmx est tm2 ssse3 sdbg fma cx16 xtpr pdcm pcid sse4_1 sse4_2 movbe popcnt tsc_deadline_timer aes xsave avx f16c rdrand lahf_lm abm epb invpcid_single ibrs ibpb stibp kaiser tpr_shadow vnmi flexpriority ept vpid fsgsbase tsc_adjust bmi1 avx2 smep bmi2 erms invpcid xsaveopt dtherm ida arat pln pts
bugs		: cpu_meltdown spectre_v1 spectre_v2 spec_store_bypass
bogomips	: 5188.28
clflush size	: 64
cache_alignment	: 64
address sizes	: 39 bits physical, 48 bits virtual
power management:



Memory: 4k page, physical 8048492k(3657680k free), swap 11998204k(11998204k free)

vm_info: OpenJDK 64-Bit Server VM (25.171-b11) for linux-amd64 JRE (1.8.0_171-8u171-b11-0ubuntu0.16.04.1-b11), built on Apr 27 2018 17:19:03 by "buildd" with gcc 5.4.0 20160609

time: Wed Jun 20 17:14:45 2018
elapsed time: 22 seconds (0d 0h 0m 22s)

