#
# A fatal error has been detected by the Java Runtime Environment:
#
#  SIGSEGV (0xb) at pc=0x00007f4741827c7e, pid=13670, tid=0x00007f47506a0700
#
# JRE version: OpenJDK Runtime Environment (8.0_171-b11) (build 1.8.0_171-8u171-b11-0ubuntu0.16.04.1-b11)
# Java VM: OpenJDK 64-Bit Server VM (25.171-b11 mixed mode linux-amd64 compressed oops)
# Problematic frame:
# V  [libjvm.so+0x672c7e]
#
# Failed to write core dump. Core dumps have been disabled. To enable core dumping, try "ulimit -c unlimited" before starting Java again
#
# If you would like to submit a bug report, please visit:
#   http://bugreport.java.com/bugreport/crash.jsp
#

---------------  T H R E A D  ---------------

Current thread (0x0000000001e3d800):  JavaThread "main" [_thread_in_vm, id=13670, stack(0x00007fff9e3e9000,0x00007fff9e4e9000)]

siginfo: si_signo: 11 (SIGSEGV), si_code: 1 (SEGV_MAPERR), si_addr: 0x0000000000000000

Registers:
RAX=0x00007f47420d39c9, RBX=0x0000000001e3d800, RCX=0x0000000000000000, RDX=0x00007f47420d95f8
RSP=0x00007fff9e4e6dd0, RBP=0x00007fff9e4e6df0, RSI=0x0000000000000000, RDI=0x0000000001e3d800
R8 =0x00007f475027c780, R9 =0x00007f47506a0700, R10=0x0000000000000001, R11=0x0000000000000000
R12=0x0000000001e3d9e0, R13=0x0000000000000000, R14=0x0000000000000000, R15=0x00007fff9e4e6fb0
RIP=0x00007f4741827c7e, EFLAGS=0x0000000000010206, CSGSFS=0x0000000000000033, ERR=0x0000000000000004
  TRAPNO=0x000000000000000e

Top of Stack: (sp=0x00007fff9e4e6dd0)
0x00007fff9e4e6dd0:   000000000000000a 00007fff9e4e6ea0
0x00007fff9e4e6de0:   0000000000000000 00007fff9e4e6fa0
0x00007fff9e4e6df0:   00007fff9e4e6e10 00007f47420fdfba
0x00007fff9e4e6e00:   0000000000000000 0000000001e3d9e0
0x00007fff9e4e6e10:   00007fff9e4e6e70 00007f47420fe4e7
0x00007fff9e4e6e20:   0000000000a42101 00007f49411b1f40
0x00007fff9e4e6e30:   0000000000000000 0000000001e3d9e0
0x00007fff9e4e6e40:   00007f47411b31c0 00007f47411b1f40
0x00007fff9e4e6e50:   00007f475027b620 00007f474ff2381f
0x00007fff9e4e6e60:   00007f47411b1f40 00007f4740f40e3e
0x00007fff9e4e6e70:   00007fff9e4e6e90 00007f47420fd680
0x00007fff9e4e6e80:   0000000000000000 00007fff9e4e6f08
0x00007fff9e4e6e90:   00007fff9e4e6ea0 00007f474edbae20
0x00007fff9e4e6ea0:   000000000000000e 00007fff9e4e6fb0
0x00007fff9e4e6eb0:   00007fff9e4e6f80 00007f474edba88b
0x00007fff9e4e6ec0:   00007fff9e4e6f10 00007fff9e4e6f08
0x00007fff9e4e6ed0:   00007fff9e4e6fa0 00007f47420fd609
0x00007fff9e4e6ee0:   00007fff9e4e6fb0 00007fff9e4e6df0
0x00007fff9e4e6ef0:   000000009e4e6fe0 00007fff9e4e7040
0x00007fff9e4e6f00:   00007f4700000000 0000000000000001
0x00007fff9e4e6f10:   00007fff00000001 ffffffffffffffff
0x00007fff9e4e6f20:   fffffffffffffff8 b2620d6c52a3ad00
0x00007fff9e4e6f30:   00000000018f6480 00007fff9e4e7040
0x00007fff9e4e6f40:   00007fff9e4e70a0 b2620d6c52a3ad00
0x00007fff9e4e6f50:   00007fff9e4e6fa0 00007fff9e4e7040
0x00007fff9e4e6f60:   0000000000000000 00007fff9e4e6fa0
0x00007fff9e4e6f70:   0000000000000000 00007fff9e4e6fb0
0x00007fff9e4e6f80:   00007fff9e4e70a0 00007f474edb501a
0x00007fff9e4e6f90:   00007f475063e630 00000000005844d3
0x00007fff9e4e6fa0:   00007f47505f3ab0 b2620d6c52a3ad00
0x00007fff9e4e6fb0:   0000000000000001 00007f474edb4a1e
0x00007fff9e4e6fc0:   00007f47426805e8 00007f474edb548c 

Instructions: (pc=0x00007f4741827c7e)
0x00007f4741827c5e:   ac de 00 00 74 0a 48 89 df 31 db e8 22 a0 39 00
0x00007f4741827c6e:   48 89 df e8 fa f4 ff ff 90 48 8d 05 4b bd 8a 00
0x00007f4741827c7e:   49 8b 55 00 80 38 01 48 19 c0 83 e0 04 44 8b 64
0x00007f4741827c8e:   02 0c 90 48 89 df e8 d7 f6 ff ff 48 83 c4 08 44 

Register to memory mapping:

RAX=0x00007f47420d39c9: <offset 0xf1e9c9> in /usr/lib/jvm/java-8-openjdk-amd64/jre/lib/amd64/server/libjvm.so at 0x00007f47411b5000
RBX=0x0000000001e3d800 is a thread
RCX=0x0000000000000000 is an unknown value
RDX=0x00007f47420d95f8: <offset 0xf245f8> in /usr/lib/jvm/java-8-openjdk-amd64/jre/lib/amd64/server/libjvm.so at 0x00007f47411b5000
RSP=0x00007fff9e4e6dd0 is pointing into the stack for thread: 0x0000000001e3d800
RBP=0x00007fff9e4e6df0 is pointing into the stack for thread: 0x0000000001e3d800
RSI=0x0000000000000000 is an unknown value
RDI=0x0000000001e3d800 is a thread
R8 =0x00007f475027c780: <offset 0x3c6780> in /lib/x86_64-linux-gnu/libc.so.6 at 0x00007f474feb6000
R9 =0x00007f47506a0700 is an unknown value
R10=0x0000000000000001 is an unknown value
R11=0x0000000000000000 is an unknown value
R12=0x0000000001e3d9e0 is an unknown value
R13=0x0000000000000000 is an unknown value
R14=0x0000000000000000 is an unknown value
R15=0x00007fff9e4e6fb0 is pointing into the stack for thread: 0x0000000001e3d800


Stack: [0x00007fff9e3e9000,0x00007fff9e4e9000],  sp=0x00007fff9e4e6dd0,  free space=1015k
Native frames: (J=compiled Java code, j=interpreted, Vv=VM code, C=native code)
V  [libjvm.so+0x672c7e]
C  [libAmiCoPyJava.so+0x3fba]  JNIEnv_::GetArrayLength(_jarray*)+0x2e
C  [libAmiCoPyJava.so+0x44e7]  _object* convertJavaArrayToPythonArray<_jintArray*, int>(JNIEnv_*, _jintArray*, char)+0x28
C  [libAmiCoPyJava.so+0x3680]  getEvaluationInfo+0x77
C  [_ctypes.cpython-35m-x86_64-linux-gnu.so+0x1be20]  ffi_call_unix64+0x4c
C  0x00007fff9e4e6fb0


---------------  P R O C E S S  ---------------

Java Threads: ( => current thread )
  0x0000000002333800 JavaThread "AWT-EventQueue-0" [_thread_blocked, id=13690, stack(0x00007f46f6b9e000,0x00007f46f6c9f000)]
  0x0000000002331800 JavaThread "AWT-Shutdown" [_thread_blocked, id=13689, stack(0x00007f46f6c9f000,0x00007f46f6da0000)]
  0x000000000228a800 JavaThread "AWT-XAWT" daemon [_thread_in_native, id=13688, stack(0x00007f46f73cb000,0x00007f46f74cc000)]
  0x0000000002254000 JavaThread "Java2D Disposer" daemon [_thread_blocked, id=13687, stack(0x00007f472c06f000,0x00007f472c170000)]
  0x000000000209f800 JavaThread "Service Thread" daemon [_thread_blocked, id=13685, stack(0x00007f472d806000,0x00007f472d907000)]
  0x0000000002092800 JavaThread "C1 CompilerThread2" daemon [_thread_blocked, id=13684, stack(0x00007f472d907000,0x00007f472da08000)]
  0x0000000002090800 JavaThread "C2 CompilerThread1" daemon [_thread_blocked, id=13683, stack(0x00007f472da08000,0x00007f472db09000)]
  0x000000000208e000 JavaThread "C2 CompilerThread0" daemon [_thread_blocked, id=13682, stack(0x00007f472db09000,0x00007f472dc0a000)]
  0x000000000208c000 JavaThread "Signal Dispatcher" daemon [_thread_blocked, id=13681, stack(0x00007f472dc0a000,0x00007f472dd0b000)]
  0x000000000205b000 JavaThread "Finalizer" daemon [_thread_blocked, id=13680, stack(0x00007f472dd0b000,0x00007f472de0c000)]
  0x0000000002056800 JavaThread "Reference Handler" daemon [_thread_blocked, id=13679, stack(0x00007f472de0c000,0x00007f472df0d000)]
=>0x0000000001e3d800 JavaThread "main" [_thread_in_vm, id=13670, stack(0x00007fff9e3e9000,0x00007fff9e4e9000)]

Other Threads:
  0x000000000204f000 VMThread [stack: 0x00007f472df0d000,0x00007f472e00e000] [id=13678]
  0x00000000020a2000 WatcherThread [stack: 0x00007f472d705000,0x00007f472d806000] [id=13686]

VM state:not at safepoint (normal execution)

VM Mutex/Monitor currently owned by a thread: None

Heap:
 PSYoungGen      total 36864K, used 26583K [0x00000000d7100000, 0x00000000d9a00000, 0x0000000100000000)
  eden space 31744K, 83% used [0x00000000d7100000,0x00000000d8af5d38,0x00000000d9000000)
  from space 5120K, 0% used [0x00000000d9500000,0x00000000d9500000,0x00000000d9a00000)
  to   space 5120K, 0% used [0x00000000d9000000,0x00000000d9000000,0x00000000d9500000)
 ParOldGen       total 84992K, used 0K [0x0000000085200000, 0x000000008a500000, 0x00000000d7100000)
  object space 84992K, 0% used [0x0000000085200000,0x0000000085200000,0x000000008a500000)
 Metaspace       used 11608K, capacity 11858K, committed 12160K, reserved 1060864K
  class space    used 1227K, capacity 1294K, committed 1408K, reserved 1048576K

Card table byte_map: [0x00007f47303f4000,0x00007f47307cc000] byte_map_base: 0x00007f472ffcb000

Marking Bits: (ParMarkBitMap*) 0x00007f47420dd320
 Begin Bits: [0x00007f4724290000, 0x00007f4726148000)
 End Bits:   [0x00007f4726148000, 0x00007f4728000000)

Polling page: 0x00007f47506b9000

CodeCache: size=245760Kb used=4023Kb max_used=4033Kb free=241736Kb
 bounds [0x00007f4730b8c000, 0x00007f4730f8c000, 0x00007f473fb8c000]
 total_blobs=1537 nmethods=1020 adapters=432
 compilation: enabled

Compilation events (10 events):
Event: 20,846 Thread 0x0000000002090800 nmethod 1015 0x00007f4730f68b10 code [0x00007f4730f68c60, 0x00007f4730f68cd8]
Event: 20,854 Thread 0x0000000002092800 nmethod 1016 0x00007f4730f75410 code [0x00007f4730f75b40, 0x00007f4730f7a7e8]
Event: 20,854 Thread 0x0000000002092800 1017       3       ch.idsia.benchmark.mario.engine.LevelRenderer::render (878 bytes)
Event: 20,861 Thread 0x0000000002092800 nmethod 1017 0x00007f4730f714d0 code [0x00007f4730f71940, 0x00007f4730f74288]
Event: 20,885 Thread 0x0000000002092800 1018       3       ch.idsia.benchmark.mario.environments.MarioEnvironment::getLevelSceneObservationZ (225 bytes)
Event: 20,886 Thread 0x0000000002092800 nmethod 1018 0x00007f4730f656d0 code [0x00007f4730f658c0, 0x00007f4730f65f48]
Event: 21,175 Thread 0x000000000208e000 1019       4       ch.idsia.benchmark.mario.engine.level.Level::getBlock (51 bytes)
Event: 21,176 Thread 0x000000000208e000 nmethod 1019 0x00007f4730f71190 code [0x00007f4730f712e0, 0x00007f4730f713d8]
Event: 21,378 Thread 0x0000000002092800 1020       1       java.net.URLClassLoader::access$000 (5 bytes)
Event: 21,378 Thread 0x0000000002092800 nmethod 1020 0x00007f4730f7f050 code [0x00007f4730f7f1a0, 0x00007f4730f7f290]

GC Heap History (0 events):
No events

Deoptimization events (10 events):
Event: 20,681 Thread 0x0000000001e3d800 Uncommon trap: reason=unstable_if action=reinterpret pc=0x00007f4730f2d20c method=ch.idsia.benchmark.mario.engine.level.Level.getSpriteTemplate(II)Lch/idsia/benchmark/mario/engine/level/SpriteTemplate; @ 17
Event: 20,681 Thread 0x0000000001e3d800 Uncommon trap: reason=unstable_if action=reinterpret pc=0x00007f4730e5f020 method=ch.idsia.benchmark.mario.engine.level.Level.getBlock(II)B @ 17
Event: 20,681 Thread 0x0000000001e3d800 Uncommon trap: reason=unstable_if action=reinterpret pc=0x00007f4730e60298 method=ch.idsia.benchmark.mario.engine.level.Level.getSpriteTemplate(II)Lch/idsia/benchmark/mario/engine/level/SpriteTemplate; @ 17
Event: 20,724 Thread 0x0000000001e3d800 Uncommon trap: reason=unstable_if action=reinterpret pc=0x00007f4730f444ac method=ch.idsia.benchmark.mario.engine.level.Level.getBlock(II)B @ 17
Event: 20,803 Thread 0x0000000001e3d800 Uncommon trap: reason=unstable_if action=reinterpret pc=0x00007f4730f42b80 method=ch.idsia.benchmark.mario.environments.MarioEnvironment.getLevelSceneObservationZ(I)[[B @ 71
Event: 20,803 Thread 0x0000000001e3d800 Uncommon trap: reason=unstable_if action=reinterpret pc=0x00007f4730f305b0 method=ch.idsia.benchmark.mario.environments.MarioEnvironment.getEnemiesObservationZ(I)[[B @ 237
Event: 20,845 Thread 0x0000000001e3d800 Uncommon trap: reason=unstable_if action=reinterpret pc=0x00007f4730f27554 method=ch.idsia.benchmark.mario.engine.level.Level.getSpriteTemplate(II)Lch/idsia/benchmark/mario/engine/level/SpriteTemplate; @ 17
Event: 20,849 Thread 0x0000000001e3d800 Uncommon trap: reason=unstable_if action=reinterpret pc=0x00007f4730f371f0 method=ch.idsia.benchmark.mario.engine.level.Level.getBlock(II)B @ 17
Event: 20,885 Thread 0x0000000001e3d800 Uncommon trap: reason=unstable_if action=reinterpret pc=0x00007f4730f35118 method=ch.idsia.benchmark.mario.environments.MarioEnvironment.getLevelSceneObservationZ(I)[[B @ 71
Event: 21,337 Thread 0x0000000001e3d800 Uncommon trap: reason=unstable_if action=reinterpret pc=0x00007f4730f58c78 method=ch.idsia.benchmark.mario.engine.level.Level.getBlock(II)B @ 17

Classes redefined (0 events):
No events

Internal exceptions (10 events):
Event: 0,182 Thread 0x0000000001e3d800 Exception <a 'java/lang/NoSuchFieldError': method resolution failed> (0x00000000d7432550) thrown at [/build/openjdk-8-wnL82d/openjdk-8-8u171-b11/src/hotspot/src/share/vm/prims/methodHandles.cpp, line 1167]
Event: 0,184 Thread 0x0000000001e3d800 Exception <a 'java/lang/NoSuchFieldError': method resolution failed> (0x00000000d743fca0) thrown at [/build/openjdk-8-wnL82d/openjdk-8-8u171-b11/src/hotspot/src/share/vm/prims/methodHandles.cpp, line 1167]
Event: 0,207 Thread 0x0000000001e3d800 Exception <a 'java/io/FileNotFoundException'> (0x00000000d74bf930) thrown at [/build/openjdk-8-wnL82d/openjdk-8-8u171-b11/src/hotspot/src/share/vm/prims/jni.cpp, line 709]
Event: 0,207 Thread 0x0000000001e3d800 Exception <a 'java/io/FileNotFoundException'> (0x00000000d74c0420) thrown at [/build/openjdk-8-wnL82d/openjdk-8-8u171-b11/src/hotspot/src/share/vm/prims/jni.cpp, line 709]
Event: 0,226 Thread 0x0000000001e3d800 Exception <a 'java/lang/ClassNotFoundException': sun/dc/DuctusRenderingEngine> (0x00000000d752e2d8) thrown at [/build/openjdk-8-wnL82d/openjdk-8-8u171-b11/src/hotspot/src/share/vm/classfile/systemDictionary.cpp, line 210]
Event: 0,299 Thread 0x0000000001e3d800 Exception <a 'java/security/PrivilegedActionException'> (0x00000000d77f2068) thrown at [/build/openjdk-8-wnL82d/openjdk-8-8u171-b11/src/hotspot/src/share/vm/prims/jvm.cpp, line 1435]
Event: 0,299 Thread 0x0000000001e3d800 Exception <a 'java/security/PrivilegedActionException'> (0x00000000d77f2460) thrown at [/build/openjdk-8-wnL82d/openjdk-8-8u171-b11/src/hotspot/src/share/vm/prims/jvm.cpp, line 1435]
Event: 0,524 Thread 0x0000000001e3d800 Exception <a 'java/lang/NoClassDefFoundError': org/objectweb/asm/tree/AbstractInsnNode> (0x00000000d836cf98) thrown at [/build/openjdk-8-wnL82d/openjdk-8-8u171-b11/src/hotspot/src/share/vm/classfile/systemDictionary.cpp, line 199]
Event: 0,580 Thread 0x0000000002333800 Exception <a 'java/lang/UnsupportedOperationException': > (0x00000000d8258e78) thrown at [/build/openjdk-8-wnL82d/openjdk-8-8u171-b11/src/hotspot/src/share/vm/prims/jni.cpp, line 735]
Event: 21,379 Thread 0x0000000001e3d800 Exception <a 'java/lang/NoClassDefFoundError': org/objectweb/asm/tree/AbstractInsnNode> (0x00000000d8a71930) thrown at [/build/openjdk-8-wnL82d/openjdk-8-8u171-b11/src/hotspot/src/share/vm/classfile/systemDictionary.cpp, line 199]

Events (10 events):
Event: 20,849 Thread 0x0000000001e3d800 DEOPT PACKING pc=0x00007f4730f371f0 sp=0x00007fff9e4e6550
Event: 20,849 Thread 0x0000000001e3d800 DEOPT UNPACKING pc=0x00007f4730bd147a sp=0x00007fff9e4e64e8 mode 2
Event: 20,885 Thread 0x0000000001e3d800 Uncommon trap: trap_request=0xffffff65 fr.pc=0x00007f4730f35118
Event: 20,885 Thread 0x0000000001e3d800 DEOPT PACKING pc=0x00007f4730f35118 sp=0x00007fff9e4e67c0
Event: 20,885 Thread 0x0000000001e3d800 DEOPT UNPACKING pc=0x00007f4730bd147a sp=0x00007fff9e4e67a0 mode 2
Event: 21,337 Thread 0x0000000001e3d800 Uncommon trap: trap_request=0xffffff65 fr.pc=0x00007f4730f58c78
Event: 21,337 Thread 0x0000000001e3d800 DEOPT PACKING pc=0x00007f4730f58c78 sp=0x00007fff9e4e6430
Event: 21,337 Thread 0x0000000001e3d800 DEOPT UNPACKING pc=0x00007f4730bd147a sp=0x00007fff9e4e6360 mode 2
Event: 21,378 loading class org/objectweb/asm/tree/AbstractInsnNode
Event: 21,378 loading class org/objectweb/asm/tree/AbstractInsnNode done


Dynamic libraries:
00400000-007a9000 r-xp 00000000 08:16 6295906                            /usr/bin/python3.5
009a9000-009ab000 r--p 003a9000 08:16 6295906                            /usr/bin/python3.5
009ab000-00a42000 rw-p 003ab000 08:16 6295906                            /usr/bin/python3.5
00a42000-00a73000 rw-p 00000000 00:00 0 
018f5000-0238d000 rw-p 00000000 00:00 0                                  [heap]
85200000-8a500000 rw-p 00000000 00:00 0 
8a500000-d7100000 ---p 00000000 00:00 0 
d7100000-d9a00000 rw-p 00000000 00:00 0 
d9a00000-100000000 ---p 00000000 00:00 0 
100000000-100160000 rw-p 00000000 00:00 0 
100160000-140000000 ---p 00000000 00:00 0 
7f46d8000000-7f46d8021000 rw-p 00000000 00:00 0 
7f46d8021000-7f46dc000000 ---p 00000000 00:00 0 
7f46e0000000-7f46e0021000 rw-p 00000000 00:00 0 
7f46e0021000-7f46e4000000 ---p 00000000 00:00 0 
7f46e4000000-7f46e4021000 rw-p 00000000 00:00 0 
7f46e4021000-7f46e8000000 ---p 00000000 00:00 0 
7f46e8fff000-7f46ec000000 rw-p 00000000 00:00 0 
7f46ec000000-7f46ec021000 rw-p 00000000 00:00 0 
7f46ec021000-7f46f0000000 ---p 00000000 00:00 0 
7f46f0000000-7f46f0021000 rw-p 00000000 00:00 0 
7f46f0021000-7f46f4000000 ---p 00000000 00:00 0 
7f46f699e000-7f46f6a1e000 rw-p 00000000 00:00 0 
7f46f6a1e000-7f46f6b9e000 ---p 00000000 00:00 0 
7f46f6b9e000-7f46f6ba1000 ---p 00000000 00:00 0 
7f46f6ba1000-7f46f6c9f000 rw-p 00000000 00:00 0 
7f46f6c9f000-7f46f6ca2000 ---p 00000000 00:00 0 
7f46f6ca2000-7f46f6fa0000 rw-p 00000000 00:00 0 
7f46f6fa0000-7f46f6fb6000 r-xp 00000000 08:16 6301775                    /usr/lib/jvm/java-8-openjdk-amd64/jre/lib/amd64/libnet.so
7f46f6fb6000-7f46f71b6000 ---p 00016000 08:16 6301775                    /usr/lib/jvm/java-8-openjdk-amd64/jre/lib/amd64/libnet.so
7f46f71b6000-7f46f71b7000 r--p 00016000 08:16 6301775                    /usr/lib/jvm/java-8-openjdk-amd64/jre/lib/amd64/libnet.so
7f46f71b7000-7f46f71b8000 rw-p 00017000 08:16 6301775                    /usr/lib/jvm/java-8-openjdk-amd64/jre/lib/amd64/libnet.so
7f46f71b8000-7f46f71c9000 r-xp 00000000 08:16 6301781                    /usr/lib/jvm/java-8-openjdk-amd64/jre/lib/amd64/libnio.so
7f46f71c9000-7f46f73c9000 ---p 00011000 08:16 6301781                    /usr/lib/jvm/java-8-openjdk-amd64/jre/lib/amd64/libnio.so
7f46f73c9000-7f46f73ca000 r--p 00011000 08:16 6301781                    /usr/lib/jvm/java-8-openjdk-amd64/jre/lib/amd64/libnio.so
7f46f73ca000-7f46f73cb000 rw-p 00012000 08:16 6301781                    /usr/lib/jvm/java-8-openjdk-amd64/jre/lib/amd64/libnio.so
7f46f73cb000-7f46f73ce000 ---p 00000000 00:00 0 
7f46f73ce000-7f46f74cc000 rw-p 00000000 00:00 0 
7f46f74cc000-7f46f74d1000 r-xp 00000000 08:16 6299941                    /usr/lib/x86_64-linux-gnu/libXfixes.so.3.1.0
7f46f74d1000-7f46f76d0000 ---p 00005000 08:16 6299941                    /usr/lib/x86_64-linux-gnu/libXfixes.so.3.1.0
7f46f76d0000-7f46f76d1000 r--p 00004000 08:16 6299941                    /usr/lib/x86_64-linux-gnu/libXfixes.so.3.1.0
7f46f76d1000-7f46f76d2000 rw-p 00005000 08:16 6299941                    /usr/lib/x86_64-linux-gnu/libXfixes.so.3.1.0
7f46f76d2000-7f46f76db000 r-xp 00000000 08:16 6297463                    /usr/lib/x86_64-linux-gnu/libXcursor.so.1.0.2
7f46f76db000-7f46f78da000 ---p 00009000 08:16 6297463                    /usr/lib/x86_64-linux-gnu/libXcursor.so.1.0.2
7f46f78da000-7f46f78db000 r--p 00008000 08:16 6297463                    /usr/lib/x86_64-linux-gnu/libXcursor.so.1.0.2
7f46f78db000-7f46f78dc000 rw-p 00009000 08:16 6297463                    /usr/lib/x86_64-linux-gnu/libXcursor.so.1.0.2
7f46f78dc000-7f46f7900000 r-xp 00000000 08:16 2364015                    /lib/x86_64-linux-gnu/libpng12.so.0.54.0
7f46f7900000-7f46f7aff000 ---p 00024000 08:16 2364015                    /lib/x86_64-linux-gnu/libpng12.so.0.54.0
7f46f7aff000-7f46f7b00000 r--p 00023000 08:16 2364015                    /lib/x86_64-linux-gnu/libpng12.so.0.54.0
7f46f7b00000-7f46f7b01000 rw-p 00024000 08:16 2364015                    /lib/x86_64-linux-gnu/libpng12.so.0.54.0
7f46f7b01000-7f46f7ba5000 r-xp 00000000 08:16 6291656                    /usr/lib/x86_64-linux-gnu/libfreetype.so.6.12.1
7f46f7ba5000-7f46f7da4000 ---p 000a4000 08:16 6291656                    /usr/lib/x86_64-linux-gnu/libfreetype.so.6.12.1
7f46f7da4000-7f46f7daa000 r--p 000a3000 08:16 6291656                    /usr/lib/x86_64-linux-gnu/libfreetype.so.6.12.1
7f46f7daa000-7f46f7dab000 rw-p 000a9000 08:16 6291656                    /usr/lib/x86_64-linux-gnu/libfreetype.so.6.12.1
7f46f7dab000-7f46f7dfd000 r-xp 00000000 08:16 6301750                    /usr/lib/jvm/java-8-openjdk-amd64/jre/lib/amd64/libfontmanager.so
7f46f7dfd000-7f46f7ffd000 ---p 00052000 08:16 6301750                    /usr/lib/jvm/java-8-openjdk-amd64/jre/lib/amd64/libfontmanager.so
7f46f7ffd000-7f46f7fff000 r--p 00052000 08:16 6301750                    /usr/lib/jvm/java-8-openjdk-amd64/jre/lib/amd64/libfontmanager.so
7f46f7fff000-7f46f8000000 rw-p 00054000 08:16 6301750                    /usr/lib/jvm/java-8-openjdk-amd64/jre/lib/amd64/libfontmanager.so
7f46f8000000-7f46f83c2000 rw-p 00000000 00:00 0 
7f46f83c2000-7f46fc000000 ---p 00000000 00:00 0 
7f46fc000000-7f46fc021000 rw-p 00000000 00:00 0 
7f46fc021000-7f4700000000 ---p 00000000 00:00 0 
7f4700000000-7f47002ff000 rw-p 00000000 00:00 0 
7f47002ff000-7f4704000000 ---p 00000000 00:00 0 
7f4704000000-7f470450c000 rw-p 00000000 00:00 0 
7f470450c000-7f4708000000 ---p 00000000 00:00 0 
7f4708000000-7f4708021000 rw-p 00000000 00:00 0 
7f4708021000-7f470c000000 ---p 00000000 00:00 0 
7f470c000000-7f470c021000 rw-p 00000000 00:00 0 
7f470c021000-7f4710000000 ---p 00000000 00:00 0 
7f4710000000-7f4710021000 rw-p 00000000 00:00 0 
7f4710021000-7f4714000000 ---p 00000000 00:00 0 
7f4714000000-7f4714021000 rw-p 00000000 00:00 0 
7f4714021000-7f4718000000 ---p 00000000 00:00 0 
7f4718000000-7f4718021000 rw-p 00000000 00:00 0 
7f4718021000-7f471c000000 ---p 00000000 00:00 0 
7f471c000000-7f471c021000 rw-p 00000000 00:00 0 
7f471c021000-7f4720000000 ---p 00000000 00:00 0 
7f4720000000-7f4720021000 rw-p 00000000 00:00 0 
7f4720021000-7f4724000000 ---p 00000000 00:00 0 
7f472408a000-7f472408f000 r-xp 00000000 08:16 6299937                    /usr/lib/x86_64-linux-gnu/libXdmcp.so.6.0.0
7f472408f000-7f472428e000 ---p 00005000 08:16 6299937                    /usr/lib/x86_64-linux-gnu/libXdmcp.so.6.0.0
7f472428e000-7f472428f000 r--p 00004000 08:16 6299937                    /usr/lib/x86_64-linux-gnu/libXdmcp.so.6.0.0
7f472428f000-7f4724290000 rw-p 00005000 08:16 6299937                    /usr/lib/x86_64-linux-gnu/libXdmcp.so.6.0.0
7f4724290000-7f4728000000 rw-p 00000000 00:00 0 
7f4728000000-7f4728021000 rw-p 00000000 00:00 0 
7f4728021000-7f472c000000 ---p 00000000 00:00 0 
7f472c024000-7f472c06f000 rw-s 00000000 00:05 10125343                   /SYSV00000000 (deleted)
7f472c06f000-7f472c072000 ---p 00000000 00:00 0 
7f472c072000-7f472c170000 rw-p 00000000 00:00 0 
7f472c170000-7f472c196000 r--p 00000000 08:16 7618160                    /usr/share/locale-langpack/fr/LC_MESSAGES/libc.mo
7f472c196000-7f472c198000 r-xp 00000000 08:16 6299926                    /usr/lib/x86_64-linux-gnu/libXau.so.6.0.0
7f472c198000-7f472c398000 ---p 00002000 08:16 6299926                    /usr/lib/x86_64-linux-gnu/libXau.so.6.0.0
7f472c398000-7f472c399000 r--p 00002000 08:16 6299926                    /usr/lib/x86_64-linux-gnu/libXau.so.6.0.0
7f472c399000-7f472c39a000 rw-p 00003000 08:16 6299926                    /usr/lib/x86_64-linux-gnu/libXau.so.6.0.0
7f472c39a000-7f472c3bb000 r-xp 00000000 08:16 6301304                    /usr/lib/x86_64-linux-gnu/libxcb.so.1.1.0
7f472c3bb000-7f472c5ba000 ---p 00021000 08:16 6301304                    /usr/lib/x86_64-linux-gnu/libxcb.so.1.1.0
7f472c5ba000-7f472c5bb000 r--p 00020000 08:16 6301304                    /usr/lib/x86_64-linux-gnu/libxcb.so.1.1.0
7f472c5bb000-7f472c5bc000 rw-p 00021000 08:16 6301304                    /usr/lib/x86_64-linux-gnu/libxcb.so.1.1.0
7f472c5bc000-7f472c5cb000 r-xp 00000000 08:16 6299947                    /usr/lib/x86_64-linux-gnu/libXi.so.6.1.0
7f472c5cb000-7f472c7ca000 ---p 0000f000 08:16 6299947                    /usr/lib/x86_64-linux-gnu/libXi.so.6.1.0
7f472c7ca000-7f472c7cb000 r--p 0000e000 08:16 6299947                    /usr/lib/x86_64-linux-gnu/libXi.so.6.1.0
7f472c7cb000-7f472c7cc000 rw-p 0000f000 08:16 6299947                    /usr/lib/x86_64-linux-gnu/libXi.so.6.1.0
7f472c7cc000-7f472c7d1000 r-xp 00000000 08:16 6299965                    /usr/lib/x86_64-linux-gnu/libXtst.so.6.1.0
7f472c7d1000-7f472c9d0000 ---p 00005000 08:16 6299965                    /usr/lib/x86_64-linux-gnu/libXtst.so.6.1.0
7f472c9d0000-7f472c9d1000 r--p 00004000 08:16 6299965                    /usr/lib/x86_64-linux-gnu/libXtst.so.6.1.0
7f472c9d1000-7f472c9d2000 rw-p 00005000 08:16 6299965                    /usr/lib/x86_64-linux-gnu/libXtst.so.6.1.0
7f472c9d2000-7f472c9db000 r-xp 00000000 08:16 6299959                    /usr/lib/x86_64-linux-gnu/libXrender.so.1.3.0
7f472c9db000-7f472cbda000 ---p 00009000 08:16 6299959                    /usr/lib/x86_64-linux-gnu/libXrender.so.1.3.0
7f472cbda000-7f472cbdb000 r--p 00008000 08:16 6299959                    /usr/lib/x86_64-linux-gnu/libXrender.so.1.3.0
7f472cbdb000-7f472cbdc000 rw-p 00009000 08:16 6299959                    /usr/lib/x86_64-linux-gnu/libXrender.so.1.3.0
7f472cbdc000-7f472cd11000 r-xp 00000000 08:16 6299922                    /usr/lib/x86_64-linux-gnu/libX11.so.6.3.0
7f472cd11000-7f472cf11000 ---p 00135000 08:16 6299922                    /usr/lib/x86_64-linux-gnu/libX11.so.6.3.0
7f472cf11000-7f472cf12000 r--p 00135000 08:16 6299922                    /usr/lib/x86_64-linux-gnu/libX11.so.6.3.0
7f472cf12000-7f472cf16000 rw-p 00136000 08:16 6299922                    /usr/lib/x86_64-linux-gnu/libX11.so.6.3.0
7f472cf16000-7f472cf27000 r-xp 00000000 08:16 6299939                    /usr/lib/x86_64-linux-gnu/libXext.so.6.4.0
7f472cf27000-7f472d126000 ---p 00011000 08:16 6299939                    /usr/lib/x86_64-linux-gnu/libXext.so.6.4.0
7f472d126000-7f472d127000 r--p 00010000 08:16 6299939                    /usr/lib/x86_64-linux-gnu/libXext.so.6.4.0
7f472d127000-7f472d128000 rw-p 00011000 08:16 6299939                    /usr/lib/x86_64-linux-gnu/libXext.so.6.4.0
7f472d132000-7f472d145000 r--s 00346000 08:16 6301744                    /usr/lib/jvm/java-8-openjdk-amd64/jre/lib/resources.jar
7f472d145000-7f472d19a000 r-xp 00000000 08:16 6301754                    /usr/lib/jvm/java-8-openjdk-amd64/jre/lib/amd64/libawt_xawt.so
7f472d19a000-7f472d399000 ---p 00055000 08:16 6301754                    /usr/lib/jvm/java-8-openjdk-amd64/jre/lib/amd64/libawt_xawt.so
7f472d399000-7f472d39a000 r--p 00054000 08:16 6301754                    /usr/lib/jvm/java-8-openjdk-amd64/jre/lib/amd64/libawt_xawt.so
7f472d39a000-7f472d39d000 rw-p 00055000 08:16 6301754                    /usr/lib/jvm/java-8-openjdk-amd64/jre/lib/amd64/libawt_xawt.so
7f472d39d000-7f472d39e000 rw-p 00000000 00:00 0 
7f472d39e000-7f472d43e000 r-xp 00000000 08:16 6301753                    /usr/lib/jvm/java-8-openjdk-amd64/jre/lib/amd64/libawt.so
7f472d43e000-7f472d63e000 ---p 000a0000 08:16 6301753                    /usr/lib/jvm/java-8-openjdk-amd64/jre/lib/amd64/libawt.so
7f472d63e000-7f472d63f000 r--p 000a0000 08:16 6301753                    /usr/lib/jvm/java-8-openjdk-amd64/jre/lib/amd64/libawt.so
7f472d63f000-7f472d64a000 rw-p 000a1000 08:16 6301753                    /usr/lib/jvm/java-8-openjdk-amd64/jre/lib/amd64/libawt.so
7f472d64a000-7f472d66f000 rw-p 00000000 00:00 0 
7f472d66f000-7f472d705000 r--s 008d7000 08:16 6687607                    /usr/share/java/openjfx/jre/lib/ext/jfxrt.jar
7f472d705000-7f472d706000 ---p 00000000 00:00 0 
7f472d706000-7f472d806000 rw-p 00000000 00:00 0 
7f472d806000-7f472d809000 ---p 00000000 00:00 0 
7f472d809000-7f472d907000 rw-p 00000000 00:00 0 
7f472d907000-7f472d90a000 ---p 00000000 00:00 0 
7f472d90a000-7f472da08000 rw-p 00000000 00:00 0 
7f472da08000-7f472da0b000 ---p 00000000 00:00 0 
7f472da0b000-7f472db09000 rw-p 00000000 00:00 0 
7f472db09000-7f472db0c000 ---p 00000000 00:00 0 
7f472db0c000-7f472dc0a000 rw-p 00000000 00:00 0 
7f472dc0a000-7f472dc0d000 ---p 00000000 00:00 0 
7f472dc0d000-7f472dd0b000 rw-p 00000000 00:00 0 
7f472dd0b000-7f472dd0e000 ---p 00000000 00:00 0 
7f472dd0e000-7f472de0c000 rw-p 00000000 00:00 0 
7f472de0c000-7f472de0f000 ---p 00000000 00:00 0 
7f472de0f000-7f472df0d000 rw-p 00000000 00:00 0 
7f472df0d000-7f472df0e000 ---p 00000000 00:00 0 
7f472df0e000-7f472ef1d000 rw-p 00000000 00:00 0 
7f472ef1d000-7f472f0ec000 r--s 03c2f000 08:16 6306841                    /usr/lib/jvm/java-8-openjdk-amd64/jre/lib/rt.jar
7f472f0ec000-7f472fd60000 rw-p 00000000 00:00 0 
7f472fd60000-7f472fd61000 ---p 00000000 00:00 0 
7f472fd61000-7f472fe61000 rw-p 00000000 00:00 0 
7f472fe61000-7f472fe62000 ---p 00000000 00:00 0 
7f472fe62000-7f472ff62000 rw-p 00000000 00:00 0 
7f472ff62000-7f472ff63000 ---p 00000000 00:00 0 
7f472ff63000-7f4730063000 rw-p 00000000 00:00 0 
7f4730063000-7f4730064000 ---p 00000000 00:00 0 
7f4730064000-7f473018e000 rw-p 00000000 00:00 0 
7f473018e000-7f47303f4000 ---p 00000000 00:00 0 
7f47303f4000-7f473041e000 rw-p 00000000 00:00 0 
7f473041e000-7f4730683000 ---p 00000000 00:00 0 
7f4730683000-7f4730698000 rw-p 00000000 00:00 0 
7f4730698000-7f47307cb000 ---p 00000000 00:00 0 
7f47307cb000-7f47307dc000 rw-p 00000000 00:00 0 
7f47307dc000-7f4730b8c000 ---p 00000000 00:00 0 
7f4730b8c000-7f4730f8c000 rwxp 00000000 00:00 0 
7f4730f8c000-7f473fb8c000 ---p 00000000 00:00 0 
7f473fb8c000-7f473fb94000 r-xp 00000000 08:16 6301768                    /usr/lib/jvm/java-8-openjdk-amd64/jre/lib/amd64/libzip.so
7f473fb94000-7f473fd93000 ---p 00008000 08:16 6301768                    /usr/lib/jvm/java-8-openjdk-amd64/jre/lib/amd64/libzip.so
7f473fd93000-7f473fd94000 r--p 00007000 08:16 6301768                    /usr/lib/jvm/java-8-openjdk-amd64/jre/lib/amd64/libzip.so
7f473fd94000-7f473fd95000 rw-p 00008000 08:16 6301768                    /usr/lib/jvm/java-8-openjdk-amd64/jre/lib/amd64/libzip.so
7f473fd95000-7f473fda0000 r-xp 00000000 08:16 2363771                    /lib/x86_64-linux-gnu/libnss_files-2.23.so
7f473fda0000-7f473ff9f000 ---p 0000b000 08:16 2363771                    /lib/x86_64-linux-gnu/libnss_files-2.23.so
7f473ff9f000-7f473ffa0000 r--p 0000a000 08:16 2363771                    /lib/x86_64-linux-gnu/libnss_files-2.23.so
7f473ffa0000-7f473ffa1000 rw-p 0000b000 08:16 2363771                    /lib/x86_64-linux-gnu/libnss_files-2.23.so
7f473ffa1000-7f473ffa7000 rw-p 00000000 00:00 0 
7f473ffa7000-7f473ffb2000 r-xp 00000000 08:16 2363894                    /lib/x86_64-linux-gnu/libnss_nis-2.23.so
7f473ffb2000-7f47401b1000 ---p 0000b000 08:16 2363894                    /lib/x86_64-linux-gnu/libnss_nis-2.23.so
7f47401b1000-7f47401b2000 r--p 0000a000 08:16 2363894                    /lib/x86_64-linux-gnu/libnss_nis-2.23.so
7f47401b2000-7f47401b3000 rw-p 0000b000 08:16 2363894                    /lib/x86_64-linux-gnu/libnss_nis-2.23.so
7f47401b3000-7f47401c9000 r-xp 00000000 08:16 2359388                    /lib/x86_64-linux-gnu/libnsl-2.23.so
7f47401c9000-7f47403c8000 ---p 00016000 08:16 2359388                    /lib/x86_64-linux-gnu/libnsl-2.23.so
7f47403c8000-7f47403c9000 r--p 00015000 08:16 2359388                    /lib/x86_64-linux-gnu/libnsl-2.23.so
7f47403c9000-7f47403ca000 rw-p 00016000 08:16 2359388                    /lib/x86_64-linux-gnu/libnsl-2.23.so
7f47403ca000-7f47403cc000 rw-p 00000000 00:00 0 
7f47403cc000-7f47403d4000 r-xp 00000000 08:16 2360620                    /lib/x86_64-linux-gnu/libnss_compat-2.23.so
7f47403d4000-7f47405d3000 ---p 00008000 08:16 2360620                    /lib/x86_64-linux-gnu/libnss_compat-2.23.so
7f47405d3000-7f47405d4000 r--p 00007000 08:16 2360620                    /lib/x86_64-linux-gnu/libnss_compat-2.23.so
7f47405d4000-7f47405d5000 rw-p 00008000 08:16 2360620                    /lib/x86_64-linux-gnu/libnss_compat-2.23.so
7f47405d5000-7f4740602000 r-xp 00000000 08:16 6301759                    /usr/lib/jvm/java-8-openjdk-amd64/jre/lib/amd64/libjava.so
7f4740602000-7f4740801000 ---p 0002d000 08:16 6301759                    /usr/lib/jvm/java-8-openjdk-amd64/jre/lib/amd64/libjava.so
7f4740801000-7f4740802000 r--p 0002c000 08:16 6301759                    /usr/lib/jvm/java-8-openjdk-amd64/jre/lib/amd64/libjava.so
7f4740802000-7f4740804000 rw-p 0002d000 08:16 6301759                    /usr/lib/jvm/java-8-openjdk-amd64/jre/lib/amd64/libjava.so
7f4740804000-7f4740813000 r-xp 00000000 08:16 6301745                    /usr/lib/jvm/java-8-openjdk-amd64/jre/lib/amd64/libverify.so
7f4740813000-7f4740a12000 ---p 0000f000 08:16 6301745                    /usr/lib/jvm/java-8-openjdk-amd64/jre/lib/amd64/libverify.so
7f4740a12000-7f4740a14000 r--p 0000e000 08:16 6301745                    /usr/lib/jvm/java-8-openjdk-amd64/jre/lib/amd64/libverify.so
7f4740a14000-7f4740a15000 rw-p 00010000 08:16 6301745                    /usr/lib/jvm/java-8-openjdk-amd64/jre/lib/amd64/libverify.so
7f4740a15000-7f4740a1c000 r-xp 00000000 08:16 2363895                    /lib/x86_64-linux-gnu/librt-2.23.so
7f4740a1c000-7f4740c1b000 ---p 00007000 08:16 2363895                    /lib/x86_64-linux-gnu/librt-2.23.so
7f4740c1b000-7f4740c1c000 r--p 00006000 08:16 2363895                    /lib/x86_64-linux-gnu/librt-2.23.so
7f4740c1c000-7f4740c1d000 rw-p 00007000 08:16 2363895                    /lib/x86_64-linux-gnu/librt-2.23.so
7f4740c1d000-7f4740c33000 r-xp 00000000 08:16 2363912                    /lib/x86_64-linux-gnu/libgcc_s.so.1
7f4740c33000-7f4740e32000 ---p 00016000 08:16 2363912                    /lib/x86_64-linux-gnu/libgcc_s.so.1
7f4740e32000-7f4740e33000 rw-p 00015000 08:16 2363912                    /lib/x86_64-linux-gnu/libgcc_s.so.1
7f4740e33000-7f4740fa5000 r-xp 00000000 08:16 6291847                    /usr/lib/x86_64-linux-gnu/libstdc++.so.6.0.21
7f4740fa5000-7f47411a5000 ---p 00172000 08:16 6291847                    /usr/lib/x86_64-linux-gnu/libstdc++.so.6.0.21
7f47411a5000-7f47411af000 r--p 00172000 08:16 6291847                    /usr/lib/x86_64-linux-gnu/libstdc++.so.6.0.21
7f47411af000-7f47411b1000 rw-p 0017c000 08:16 6291847                    /usr/lib/x86_64-linux-gnu/libstdc++.so.6.0.21
7f47411b1000-7f47411b5000 rw-p 00000000 00:00 0 
7f47411b5000-7f4741e0e000 r-xp 00000000 08:16 6301773                    /usr/lib/jvm/java-8-openjdk-amd64/jre/lib/amd64/server/libjvm.so
7f4741e0e000-7f474200e000 ---p 00c59000 08:16 6301773                    /usr/lib/jvm/java-8-openjdk-amd64/jre/lib/amd64/server/libjvm.so
7f474200e000-7f47420a1000 r--p 00c59000 08:16 6301773                    /usr/lib/jvm/java-8-openjdk-amd64/jre/lib/amd64/server/libjvm.so
7f47420a1000-7f47420ca000 rw-p 00cec000 08:16 6301773                    /usr/lib/jvm/java-8-openjdk-amd64/jre/lib/amd64/server/libjvm.so
7f47420ca000-7f47420fa000 rw-p 00000000 00:00 0 
7f47420fa000-7f4742100000 r-xp 00000000 08:05 238962                     /media/matthieu/Data/Matthieu/##Etude/#Licence_3eme_annee/##Mario/MarioBros-MachineLearning/mario-ai-master/src/main/bin/AmiCoBuild/PyJava/libAmiCoPyJava.so
7f4742100000-7f47422ff000 ---p 00006000 08:05 238962                     /media/matthieu/Data/Matthieu/##Etude/#Licence_3eme_annee/##Mario/MarioBros-MachineLearning/mario-ai-master/src/main/bin/AmiCoBuild/PyJava/libAmiCoPyJava.so
7f47422ff000-7f4742300000 r--p 00005000 08:05 238962                     /media/matthieu/Data/Matthieu/##Etude/#Licence_3eme_annee/##Mario/MarioBros-MachineLearning/mario-ai-master/src/main/bin/AmiCoBuild/PyJava/libAmiCoPyJava.so
7f4742300000-7f4742301000 rw-p 00006000 08:05 238962                     /media/matthieu/Data/Matthieu/##Etude/#Licence_3eme_annee/##Mario/MarioBros-MachineLearning/mario-ai-master/src/main/bin/AmiCoBuild/PyJava/libAmiCoPyJava.so
7f4742301000-7f4742381000 rw-p 00000000 00:00 0 
7f4742381000-7f474243c000 r-xp 00000000 08:16 1319283                    /usr/local/lib/python3.5/dist-packages/numpy/random/mtrand.cpython-35m-x86_64-linux-gnu.so
7f474243c000-7f474263c000 ---p 000bb000 08:16 1319283                    /usr/local/lib/python3.5/dist-packages/numpy/random/mtrand.cpython-35m-x86_64-linux-gnu.so
7f474263c000-7f4742661000 rw-p 000bb000 08:16 1319283                    /usr/local/lib/python3.5/dist-packages/numpy/random/mtrand.cpython-35m-x86_64-linux-gnu.so
7f4742661000-7f47426a3000 rw-p 00000000 00:00 0 
7f47426a3000-7f47426ac000 r-xp 00000000 08:16 3496                       /usr/local/lib/python3.5/dist-packages/numpy/fft/fftpack_lite.cpython-35m-x86_64-linux-gnu.so
7f47426ac000-7f47428ab000 ---p 00009000 08:16 3496                       /usr/local/lib/python3.5/dist-packages/numpy/fft/fftpack_lite.cpython-35m-x86_64-linux-gnu.so
7f47428ab000-7f47428ac000 rw-p 00008000 08:16 3496                       /usr/local/lib/python3.5/dist-packages/numpy/fft/fftpack_lite.cpython-35m-x86_64-linux-gnu.so
7f47428ac000-7f47428ec000 rw-p 00000000 00:00 0 
7f47428ec000-7f4742923000 r-xp 00000000 08:16 6300738                    /usr/lib/x86_64-linux-gnu/libmpdec.so.2.4.2
7f4742923000-7f4742b22000 ---p 00037000 08:16 6300738                    /usr/lib/x86_64-linux-gnu/libmpdec.so.2.4.2
7f4742b22000-7f4742b23000 r--p 00036000 08:16 6300738                    /usr/lib/x86_64-linux-gnu/libmpdec.so.2.4.2
7f4742b23000-7f4742b24000 rw-p 00037000 08:16 6300738                    /usr/lib/x86_64-linux-gnu/libmpdec.so.2.4.2
7f4742b24000-7f4742b48000 r-xp 00000000 08:16 6556725                    /usr/lib/python3.5/lib-dynload/_decimal.cpython-35m-x86_64-linux-gnu.so
7f4742b48000-7f4742d47000 ---p 00024000 08:16 6556725                    /usr/lib/python3.5/lib-dynload/_decimal.cpython-35m-x86_64-linux-gnu.so
7f4742d47000-7f4742d48000 r--p 00023000 08:16 6556725                    /usr/lib/python3.5/lib-dynload/_decimal.cpython-35m-x86_64-linux-gnu.so
7f4742d48000-7f4742d51000 rw-p 00024000 08:16 6556725                    /usr/lib/python3.5/lib-dynload/_decimal.cpython-35m-x86_64-linux-gnu.so
7f4742d51000-7f4742d91000 rw-p 00000000 00:00 0 
7f4742d91000-7f4742dba000 r-xp 00000000 08:16 1319301                    /usr/local/lib/python3.5/dist-packages/numpy/linalg/_umath_linalg.cpython-35m-x86_64-linux-gnu.so
7f4742dba000-7f4742fb9000 ---p 00029000 08:16 1319301                    /usr/local/lib/python3.5/dist-packages/numpy/linalg/_umath_linalg.cpython-35m-x86_64-linux-gnu.so
7f4742fb9000-7f4742fbe000 rw-p 00028000 08:16 1319301                    /usr/local/lib/python3.5/dist-packages/numpy/linalg/_umath_linalg.cpython-35m-x86_64-linux-gnu.so
7f4742fbe000-7f4742fc2000 r-xp 00000000 08:16 1319302                    /usr/local/lib/python3.5/dist-packages/numpy/linalg/lapack_lite.cpython-35m-x86_64-linux-gnu.so
7f4742fc2000-7f47431c2000 ---p 00004000 08:16 1319302                    /usr/local/lib/python3.5/dist-packages/numpy/linalg/lapack_lite.cpython-35m-x86_64-linux-gnu.so
7f47431c2000-7f47431c5000 rw-p 00004000 08:16 1319302                    /usr/local/lib/python3.5/dist-packages/numpy/linalg/lapack_lite.cpython-35m-x86_64-linux-gnu.so
7f47431c5000-7f4743486000 rw-p 00000000 00:00 0 
7f4743486000-7f4745486000 rw-p 00000000 00:00 0 
7f4745486000-7f4745617000 r-xp 00000000 08:16 1319343                    /usr/local/lib/python3.5/dist-packages/numpy/core/umath.cpython-35m-x86_64-linux-gnu.so
7f4745617000-7f4745817000 ---p 00191000 08:16 1319343                    /usr/local/lib/python3.5/dist-packages/numpy/core/umath.cpython-35m-x86_64-linux-gnu.so
7f4745817000-7f474581d000 rw-p 00191000 08:16 1319343                    /usr/local/lib/python3.5/dist-packages/numpy/core/umath.cpython-35m-x86_64-linux-gnu.so
7f474581d000-7f474585f000 rw-p 00000000 00:00 0 
7f474585f000-7f474785f000 rw-p 00000000 00:00 0 
7f474785f000-7f474985f000 rw-p 00000000 00:00 0 
7f474985f000-7f4749860000 ---p 00000000 00:00 0 
7f4749860000-7f474a060000 rw-p 00000000 00:00 0 
7f474a060000-7f474a061000 ---p 00000000 00:00 0 
7f474a061000-7f474a861000 rw-p 00000000 00:00 0 
7f474a861000-7f474a862000 ---p 00000000 00:00 0 
7f474a862000-7f474b062000 rw-p 00000000 00:00 0 
7f474b062000-7f474b152000 r-xp 00000000 08:16 1319298                    /usr/local/lib/python3.5/dist-packages/numpy/.libs/libgfortran-ed201abd.so.3.0.0
7f474b152000-7f474b351000 ---p 000f0000 08:16 1319298                    /usr/local/lib/python3.5/dist-packages/numpy/.libs/libgfortran-ed201abd.so.3.0.0
7f474b351000-7f474b353000 rw-p 000ef000 08:16 1319298                    /usr/local/lib/python3.5/dist-packages/numpy/.libs/libgfortran-ed201abd.so.3.0.0
7f474b353000-7f474b354000 rw-p 00000000 00:00 0 
7f474b354000-7f474b35c000 rw-p 000f2000 08:16 1319298                    /usr/local/lib/python3.5/dist-packages/numpy/.libs/libgfortran-ed201abd.so.3.0.0
7f474b35c000-7f474d670000 r-xp 00000000 08:16 1319297                    /usr/local/lib/python3.5/dist-packages/numpy/.libs/libopenblasp-r0-39a31c03.2.18.so
7f474d670000-7f474d86f000 ---p 02314000 08:16 1319297                    /usr/local/lib/python3.5/dist-packages/numpy/.libs/libopenblasp-r0-39a31c03.2.18.so
7f474d86f000-7f474d88e000 rw-p 02313000 08:16 1319297                    /usr/local/lib/python3.5/dist-packages/numpy/.libs/libopenblasp-r0-39a31c03.2.18.so
7f474d88e000-7f474d8f1000 rw-p 00000000 00:00 0 
7f474d8f1000-7f474d987000 rw-p 02425000 08:16 1319297                    /usr/local/lib/python3.5/dist-packages/numpy/.libs/libopenblasp-r0-39a31c03.2.18.so
7f474d987000-7f474db5f000 r-xp 00000000 08:16 1319350                    /usr/local/lib/python3.5/dist-packages/numpy/core/multiarray.cpython-35m-x86_64-linux-gnu.so
7f474db5f000-7f474dd5f000 ---p 001d8000 08:16 1319350                    /usr/local/lib/python3.5/dist-packages/numpy/core/multiarray.cpython-35m-x86_64-linux-gnu.so
7f474dd5f000-7f474dd78000 rw-p 001d8000 08:16 1319350                    /usr/local/lib/python3.5/dist-packages/numpy/core/multiarray.cpython-35m-x86_64-linux-gnu.so
7f474dd78000-7f474dd90000 rw-p 00000000 00:00 0 
7f474dd90000-7f474dd96000 rw-p 001f2000 08:16 1319350                    /usr/local/lib/python3.5/dist-packages/numpy/core/multiarray.cpython-35m-x86_64-linux-gnu.so
7f474dd96000-7f474ddd6000 rw-p 00000000 00:00 0 
7f474ddd6000-7f474dff0000 r-xp 00000000 08:16 2363782                    /lib/x86_64-linux-gnu/libcrypto.so.1.0.0
7f474dff0000-7f474e1ef000 ---p 0021a000 08:16 2363782                    /lib/x86_64-linux-gnu/libcrypto.so.1.0.0
7f474e1ef000-7f474e20b000 r--p 00219000 08:16 2363782                    /lib/x86_64-linux-gnu/libcrypto.so.1.0.0
7f474e20b000-7f474e217000 rw-p 00235000 08:16 2363782                    /lib/x86_64-linux-gnu/libcrypto.so.1.0.0
7f474e217000-7f474e21a000 rw-p 00000000 00:00 0 
7f474e21a000-7f474e21f000 r-xp 00000000 08:16 6554342                    /usr/lib/python3.5/lib-dynload/_hashlib.cpython-35m-x86_64-linux-gnu.so
7f474e21f000-7f474e41f000 ---p 00005000 08:16 6554342                    /usr/lib/python3.5/lib-dynload/_hashlib.cpython-35m-x86_64-linux-gnu.so
7f474e41f000-7f474e420000 r--p 00005000 08:16 6554342                    /usr/lib/python3.5/lib-dynload/_hashlib.cpython-35m-x86_64-linux-gnu.so
7f474e420000-7f474e421000 rw-p 00006000 08:16 6554342                    /usr/lib/python3.5/lib-dynload/_hashlib.cpython-35m-x86_64-linux-gnu.so
7f474e421000-7f474e461000 rw-p 00000000 00:00 0 
7f474e461000-7f474e482000 r-xp 00000000 08:16 2363941                    /lib/x86_64-linux-gnu/liblzma.so.5.0.0
7f474e482000-7f474e681000 ---p 00021000 08:16 2363941                    /lib/x86_64-linux-gnu/liblzma.so.5.0.0
7f474e681000-7f474e682000 r--p 00020000 08:16 2363941                    /lib/x86_64-linux-gnu/liblzma.so.5.0.0
7f474e682000-7f474e683000 rw-p 00021000 08:16 2363941                    /lib/x86_64-linux-gnu/liblzma.so.5.0.0
7f474e683000-7f474e68a000 r-xp 00000000 08:16 6556722                    /usr/lib/python3.5/lib-dynload/_lzma.cpython-35m-x86_64-linux-gnu.so
7f474e68a000-7f474e889000 ---p 00007000 08:16 6556722                    /usr/lib/python3.5/lib-dynload/_lzma.cpython-35m-x86_64-linux-gnu.so
7f474e889000-7f474e88a000 r--p 00006000 08:16 6556722                    /usr/lib/python3.5/lib-dynload/_lzma.cpython-35m-x86_64-linux-gnu.so
7f474e88a000-7f474e88c000 rw-p 00007000 08:16 6556722                    /usr/lib/python3.5/lib-dynload/_lzma.cpython-35m-x86_64-linux-gnu.so
7f474e88c000-7f474e89b000 r-xp 00000000 08:16 2363873                    /lib/x86_64-linux-gnu/libbz2.so.1.0.4
7f474e89b000-7f474ea9a000 ---p 0000f000 08:16 2363873                    /lib/x86_64-linux-gnu/libbz2.so.1.0.4
7f474ea9a000-7f474ea9b000 r--p 0000e000 08:16 2363873                    /lib/x86_64-linux-gnu/libbz2.so.1.0.4
7f474ea9b000-7f474ea9c000 rw-p 0000f000 08:16 2363873                    /lib/x86_64-linux-gnu/libbz2.so.1.0.4
7f474ea9e000-7f474eab9000 r--s 00394000 08:16 6301733                    /usr/lib/jvm/java-8-openjdk-amd64/jre/lib/ext/cldrdata.jar
7f474eab9000-7f474eabd000 r-xp 00000000 08:16 6556713                    /usr/lib/python3.5/lib-dynload/_bz2.cpython-35m-x86_64-linux-gnu.so
7f474eabd000-7f474ecbc000 ---p 00004000 08:16 6556713                    /usr/lib/python3.5/lib-dynload/_bz2.cpython-35m-x86_64-linux-gnu.so
7f474ecbc000-7f474ecbd000 r--p 00003000 08:16 6556713                    /usr/lib/python3.5/lib-dynload/_bz2.cpython-35m-x86_64-linux-gnu.so
7f474ecbd000-7f474ecbe000 rw-p 00004000 08:16 6556713                    /usr/lib/python3.5/lib-dynload/_bz2.cpython-35m-x86_64-linux-gnu.so
7f474ecc4000-7f474ecdf000 r--s 001d6000 08:16 6301740                    /usr/lib/jvm/java-8-openjdk-amd64/jre/lib/ext/nashorn.jar
7f474ecdf000-7f474ed9f000 rw-p 00000000 00:00 0 
7f474ed9f000-7f474edc1000 r-xp 00000000 08:16 6556723                    /usr/lib/python3.5/lib-dynload/_ctypes.cpython-35m-x86_64-linux-gnu.so
7f474edc1000-7f474efc0000 ---p 00022000 08:16 6556723                    /usr/lib/python3.5/lib-dynload/_ctypes.cpython-35m-x86_64-linux-gnu.so
7f474efc0000-7f474efc1000 r--p 00021000 08:16 6556723                    /usr/lib/python3.5/lib-dynload/_ctypes.cpython-35m-x86_64-linux-gnu.so
7f474efc1000-7f474efc5000 rw-p 00022000 08:16 6556723                    /usr/lib/python3.5/lib-dynload/_ctypes.cpython-35m-x86_64-linux-gnu.so
7f474efc5000-7f474f086000 rw-p 00000000 00:00 0 
7f474f086000-7f474f363000 r--p 00000000 08:16 6294233                    /usr/lib/locale/locale-archive
7f474f363000-7f474f46b000 r-xp 00000000 08:16 2359387                    /lib/x86_64-linux-gnu/libm-2.23.so
7f474f46b000-7f474f66a000 ---p 00108000 08:16 2359387                    /lib/x86_64-linux-gnu/libm-2.23.so
7f474f66a000-7f474f66b000 r--p 00107000 08:16 2359387                    /lib/x86_64-linux-gnu/libm-2.23.so
7f474f66b000-7f474f66c000 rw-p 00108000 08:16 2359387                    /lib/x86_64-linux-gnu/libm-2.23.so
7f474f66c000-7f474f685000 r-xp 00000000 08:16 2360593                    /lib/x86_64-linux-gnu/libz.so.1.2.8
7f474f685000-7f474f884000 ---p 00019000 08:16 2360593                    /lib/x86_64-linux-gnu/libz.so.1.2.8
7f474f884000-7f474f885000 r--p 00018000 08:16 2360593                    /lib/x86_64-linux-gnu/libz.so.1.2.8
7f474f885000-7f474f886000 rw-p 00019000 08:16 2360593                    /lib/x86_64-linux-gnu/libz.so.1.2.8
7f474f886000-7f474f8ac000 r-xp 00000000 08:16 2359379                    /lib/x86_64-linux-gnu/libexpat.so.1.6.0
7f474f8ac000-7f474faac000 ---p 00026000 08:16 2359379                    /lib/x86_64-linux-gnu/libexpat.so.1.6.0
7f474faac000-7f474faae000 r--p 00026000 08:16 2359379                    /lib/x86_64-linux-gnu/libexpat.so.1.6.0
7f474faae000-7f474faaf000 rw-p 00028000 08:16 2359379                    /lib/x86_64-linux-gnu/libexpat.so.1.6.0
7f474faaf000-7f474fab1000 r-xp 00000000 08:16 2360619                    /lib/x86_64-linux-gnu/libutil-2.23.so
7f474fab1000-7f474fcb0000 ---p 00002000 08:16 2360619                    /lib/x86_64-linux-gnu/libutil-2.23.so
7f474fcb0000-7f474fcb1000 r--p 00001000 08:16 2360619                    /lib/x86_64-linux-gnu/libutil-2.23.so
7f474fcb1000-7f474fcb2000 rw-p 00002000 08:16 2360619                    /lib/x86_64-linux-gnu/libutil-2.23.so
7f474fcb2000-7f474fcb5000 r-xp 00000000 08:16 2359393                    /lib/x86_64-linux-gnu/libdl-2.23.so
7f474fcb5000-7f474feb4000 ---p 00003000 08:16 2359393                    /lib/x86_64-linux-gnu/libdl-2.23.so
7f474feb4000-7f474feb5000 r--p 00002000 08:16 2359393                    /lib/x86_64-linux-gnu/libdl-2.23.so
7f474feb5000-7f474feb6000 rw-p 00003000 08:16 2359393                    /lib/x86_64-linux-gnu/libdl-2.23.so
7f474feb6000-7f4750076000 r-xp 00000000 08:16 2359391                    /lib/x86_64-linux-gnu/libc-2.23.so
7f4750076000-7f4750276000 ---p 001c0000 08:16 2359391                    /lib/x86_64-linux-gnu/libc-2.23.so
7f4750276000-7f475027a000 r--p 001c0000 08:16 2359391                    /lib/x86_64-linux-gnu/libc-2.23.so
7f475027a000-7f475027c000 rw-p 001c4000 08:16 2359391                    /lib/x86_64-linux-gnu/libc-2.23.so
7f475027c000-7f4750280000 rw-p 00000000 00:00 0 
7f4750280000-7f4750298000 r-xp 00000000 08:16 2359390                    /lib/x86_64-linux-gnu/libpthread-2.23.so
7f4750298000-7f4750497000 ---p 00018000 08:16 2359390                    /lib/x86_64-linux-gnu/libpthread-2.23.so
7f4750497000-7f4750498000 r--p 00017000 08:16 2359390                    /lib/x86_64-linux-gnu/libpthread-2.23.so
7f4750498000-7f4750499000 rw-p 00018000 08:16 2359390                    /lib/x86_64-linux-gnu/libpthread-2.23.so
7f4750499000-7f475049d000 rw-p 00000000 00:00 0 
7f475049d000-7f47504c3000 r-xp 00000000 08:16 2359389                    /lib/x86_64-linux-gnu/ld-2.23.so
7f47504c9000-7f47504ce000 r--s 0009d000 08:16 6306852                    /usr/lib/jvm/java-8-openjdk-amd64/jre/lib/jsse.jar
7f47504ce000-7f47504cf000 r--s 00010000 08:16 6301730                    /usr/lib/jvm/java-8-openjdk-amd64/jre/lib/ext/zipfs.jar
7f47504cf000-7f47504d1000 r--s 00008000 08:16 6301729                    /usr/lib/jvm/java-8-openjdk-amd64/jre/lib/ext/sunec.jar
7f47504d1000-7f47504d4000 r--s 0000f000 08:16 6301735                    /usr/lib/jvm/java-8-openjdk-amd64/jre/lib/ext/icedtea-sound.jar
7f47504d4000-7f47504d7000 r--s 00038000 08:16 6301732                    /usr/lib/jvm/java-8-openjdk-amd64/jre/lib/ext/sunpkcs11.jar
7f47504d7000-7f47504dd000 r--s 0003b000 08:16 6301734                    /usr/lib/jvm/java-8-openjdk-amd64/jre/lib/ext/sunjce_provider.jar
7f47504dd000-7f47504df000 r--s 00001000 08:16 6301731                    /usr/lib/jvm/java-8-openjdk-amd64/jre/lib/ext/dnsns.jar
7f47504df000-7f47506a5000 rw-p 00000000 00:00 0 
7f47506a5000-7f47506a6000 r--s 0000a000 08:16 6301741                    /usr/lib/jvm/java-8-openjdk-amd64/jre/lib/ext/jaccess.jar
7f47506a6000-7f47506b0000 r--s 00116000 08:16 6301742                    /usr/lib/jvm/java-8-openjdk-amd64/jre/lib/ext/localedata.jar
7f47506b0000-7f47506b8000 rw-s 00000000 08:16 5770197                    /tmp/hsperfdata_matthieu/13670
7f47506b8000-7f47506b9000 rw-p 00000000 00:00 0 
7f47506b9000-7f47506ba000 r--p 00000000 00:00 0 
7f47506ba000-7f47506bb000 rwxp 00000000 00:00 0 
7f47506bb000-7f47506c2000 r--s 00000000 08:16 6555453                    /usr/lib/x86_64-linux-gnu/gconv/gconv-modules.cache
7f47506c2000-7f47506c3000 r--p 00025000 08:16 2359389                    /lib/x86_64-linux-gnu/ld-2.23.so
7f47506c3000-7f47506c4000 rw-p 00026000 08:16 2359389                    /lib/x86_64-linux-gnu/ld-2.23.so
7f47506c4000-7f47506c5000 rw-p 00000000 00:00 0 
7fff9e3e9000-7fff9e3ec000 ---p 00000000 00:00 0 
7fff9e3ec000-7fff9e4e9000 rw-p 00000000 00:00 0                          [stack]
7fff9e525000-7fff9e528000 r--p 00000000 00:00 0                          [vvar]
7fff9e528000-7fff9e52a000 r-xp 00000000 00:00 0                          [vdso]
ffffffffff600000-ffffffffff601000 r-xp 00000000 00:00 0                  [vsyscall]

VM Arguments:
java_command: <unknown>
java_class_path (initial): .::jdom.jar
Launcher Type: generic

Environment Variables:
PATH=/usr/local/sbin:/usr/local/bin:/usr/sbin:/usr/bin:/sbin:/bin:/usr/games:/usr/local/games:/snap/bin
LD_LIBRARY_PATH=/usr/lib/jvm/java-8-openjdk-amd64/jre/lib/amd64/server::/usr/local/cuda/lib64:/usr/local/cuda/extras/CUPTI/lib64
SHELL=/bin/bash
DISPLAY=:0

Signal Handlers:
SIGSEGV: [libjvm.so+0xa6e6f0], sa_mask[0]=11111111011111111101111111111110, sa_flags=SA_RESTART|SA_SIGINFO
SIGBUS: [libjvm.so+0xa6e6f0], sa_mask[0]=11111111011111111101111111111110, sa_flags=SA_RESTART|SA_SIGINFO
SIGFPE: [libjvm.so+0x8b5d50], sa_mask[0]=11111111011111111101111111111110, sa_flags=SA_RESTART|SA_SIGINFO
SIGPIPE: [libjvm.so+0x8b5d50], sa_mask[0]=11111111011111111101111111111110, sa_flags=SA_RESTART|SA_SIGINFO
SIGXFSZ: [libjvm.so+0x8b5d50], sa_mask[0]=11111111011111111101111111111110, sa_flags=SA_RESTART|SA_SIGINFO
SIGILL: [libjvm.so+0x8b5d50], sa_mask[0]=11111111011111111101111111111110, sa_flags=SA_RESTART|SA_SIGINFO
SIGUSR1: SIG_DFL, sa_mask[0]=00000000000000000000000000000000, sa_flags=none
SIGUSR2: [libjvm.so+0x8b5c00], sa_mask[0]=00000000000000000000000000000000, sa_flags=SA_RESTART|SA_SIGINFO
SIGHUP: [libjvm.so+0x8b60d0], sa_mask[0]=11111111011111111101111111111110, sa_flags=SA_RESTART|SA_SIGINFO
SIGINT: [libjvm.so+0x8b60d0], sa_mask[0]=11111111011111111101111111111110, sa_flags=SA_RESTART|SA_SIGINFO
SIGTERM: [libjvm.so+0x8b60d0], sa_mask[0]=11111111011111111101111111111110, sa_flags=SA_RESTART|SA_SIGINFO
SIGQUIT: [libjvm.so+0x8b60d0], sa_mask[0]=11111111011111111101111111111110, sa_flags=SA_RESTART|SA_SIGINFO


---------------  S Y S T E M  ---------------

OS:DISTRIB_ID=Ubuntu
DISTRIB_RELEASE=16.04
DISTRIB_CODENAME=xenial
DISTRIB_DESCRIPTION="Ubuntu 16.04.4 LTS"

uname:Linux 4.4.0-128-generic #154-Ubuntu SMP Fri May 25 14:15:18 UTC 2018 x86_64
libc:glibc 2.23 NPTL 2.23 
rlimit: STACK 8192k, CORE 0k, NPROC 31115, NOFILE 1048576, AS infinity
load average:0,17 0,34 0,33

/proc/meminfo:
MemTotal:        8048492 kB
MemFree:         3692048 kB
MemAvailable:    5988708 kB
Buffers:          547688 kB
Cached:          1975600 kB
SwapCached:            0 kB
Active:          2798312 kB
Inactive:        1238652 kB
Active(anon):    1515096 kB
Inactive(anon):    52220 kB
Active(file):    1283216 kB
Inactive(file):  1186432 kB
Unevictable:          48 kB
Mlocked:              48 kB
SwapTotal:      11998204 kB
SwapFree:       11998204 kB
Dirty:              2416 kB
Writeback:             0 kB
AnonPages:       1505744 kB
Mapped:           418472 kB
Shmem:             53644 kB
Slab:             155144 kB
SReclaimable:      94928 kB
SUnreclaim:        60216 kB
KernelStack:       10384 kB
PageTables:        38784 kB
NFS_Unstable:          0 kB
Bounce:                0 kB
WritebackTmp:          0 kB
CommitLimit:    16022448 kB
Committed_AS:    6971704 kB
VmallocTotal:   34359738367 kB
VmallocUsed:           0 kB
VmallocChunk:          0 kB
HardwareCorrupted:     0 kB
AnonHugePages:         0 kB
CmaTotal:              0 kB
CmaFree:               0 kB
HugePages_Total:       0
HugePages_Free:        0
HugePages_Rsvd:        0
HugePages_Surp:        0
Hugepagesize:       2048 kB
DirectMap4k:      535060 kB
DirectMap2M:     6678528 kB
DirectMap1G:     1048576 kB


CPU:total 4 (initial active 4) (2 cores per cpu, 2 threads per core) family 6 model 69 stepping 1, cmov, cx8, fxsr, mmx, sse, sse2, sse3, ssse3, sse4.1, sse4.2, popcnt, avx, avx2, aes, clmul, erms, lzcnt, ht, tsc, tscinvbit, bmi1, bmi2

/proc/cpuinfo:
processor	: 0
vendor_id	: GenuineIntel
cpu family	: 6
model		: 69
model name	: Intel(R) Core(TM) i7-4510U CPU @ 2.00GHz
stepping	: 1
microcode	: 0x23
cpu MHz		: 2800.078
cache size	: 4096 KB
physical id	: 0
siblings	: 4
core id		: 0
cpu cores	: 2
apicid		: 0
initial apicid	: 0
fpu		: yes
fpu_exception	: yes
cpuid level	: 13
wp		: yes
flags		: fpu vme de pse tsc msr pae mce cx8 apic sep mtrr pge mca cmov pat pse36 clflush dts acpi mmx fxsr sse sse2 ss ht tm pbe syscall nx pdpe1gb rdtscp lm constant_tsc arch_perfmon pebs bts rep_good nopl xtopology nonstop_tsc aperfmperf eagerfpu pni pclmulqdq dtes64 monitor ds_cpl vmx est tm2 ssse3 sdbg fma cx16 xtpr pdcm pcid sse4_1 sse4_2 movbe popcnt tsc_deadline_timer aes xsave avx f16c rdrand lahf_lm abm epb invpcid_single ibrs ibpb stibp kaiser tpr_shadow vnmi flexpriority ept vpid fsgsbase tsc_adjust bmi1 avx2 smep bmi2 erms invpcid xsaveopt dtherm ida arat pln pts
bugs		: cpu_meltdown spectre_v1 spectre_v2 spec_store_bypass
bogomips	: 5188.28
clflush size	: 64
cache_alignment	: 64
address sizes	: 39 bits physical, 48 bits virtual
power management:

processor	: 1
vendor_id	: GenuineIntel
cpu family	: 6
model		: 69
model name	: Intel(R) Core(TM) i7-4510U CPU @ 2.00GHz
stepping	: 1
microcode	: 0x23
cpu MHz		: 2799.976
cache size	: 4096 KB
physical id	: 0
siblings	: 4
core id		: 1
cpu cores	: 2
apicid		: 2
initial apicid	: 2
fpu		: yes
fpu_exception	: yes
cpuid level	: 13
wp		: yes
flags		: fpu vme de pse tsc msr pae mce cx8 apic sep mtrr pge mca cmov pat pse36 clflush dts acpi mmx fxsr sse sse2 ss ht tm pbe syscall nx pdpe1gb rdtscp lm constant_tsc arch_perfmon pebs bts rep_good nopl xtopology nonstop_tsc aperfmperf eagerfpu pni pclmulqdq dtes64 monitor ds_cpl vmx est tm2 ssse3 sdbg fma cx16 xtpr pdcm pcid sse4_1 sse4_2 movbe popcnt tsc_deadline_timer aes xsave avx f16c rdrand lahf_lm abm epb invpcid_single ibrs ibpb stibp kaiser tpr_shadow vnmi flexpriority ept vpid fsgsbase tsc_adjust bmi1 avx2 smep bmi2 erms invpcid xsaveopt dtherm ida arat pln pts
bugs		: cpu_meltdown spectre_v1 spectre_v2 spec_store_bypass
bogomips	: 5188.28
clflush size	: 64
cache_alignment	: 64
address sizes	: 39 bits physical, 48 bits virtual
power management:

processor	: 2
vendor_id	: GenuineIntel
cpu family	: 6
model		: 69
model name	: Intel(R) Core(TM) i7-4510U CPU @ 2.00GHz
stepping	: 1
microcode	: 0x23
cpu MHz		: 2799.976
cache size	: 4096 KB
physical id	: 0
siblings	: 4
core id		: 0
cpu cores	: 2
apicid		: 1
initial apicid	: 1
fpu		: yes
fpu_exception	: yes
cpuid level	: 13
wp		: yes
flags		: fpu vme de pse tsc msr pae mce cx8 apic sep mtrr pge mca cmov pat pse36 clflush dts acpi mmx fxsr sse sse2 ss ht tm pbe syscall nx pdpe1gb rdtscp lm constant_tsc arch_perfmon pebs bts rep_good nopl xtopology nonstop_tsc aperfmperf eagerfpu pni pclmulqdq dtes64 monitor ds_cpl vmx est tm2 ssse3 sdbg fma cx16 xtpr pdcm pcid sse4_1 sse4_2 movbe popcnt tsc_deadline_timer aes xsave avx f16c rdrand lahf_lm abm epb invpcid_single ibrs ibpb stibp kaiser tpr_shadow vnmi flexpriority ept vpid fsgsbase tsc_adjust bmi1 avx2 smep bmi2 erms invpcid xsaveopt dtherm ida arat pln pts
bugs		: cpu_meltdown spectre_v1 spectre_v2 spec_store_bypass
bogomips	: 5188.28
clflush size	: 64
cache_alignment	: 64
address sizes	: 39 bits physical, 48 bits virtual
power management:

processor	: 3
vendor_id	: GenuineIntel
cpu family	: 6
model		: 69
model name	: Intel(R) Core(TM) i7-4510U CPU @ 2.00GHz
stepping	: 1
microcode	: 0x23
cpu MHz		: 2799.976
cache size	: 4096 KB
physical id	: 0
siblings	: 4
core id		: 1
cpu cores	: 2
apicid		: 3
initial apicid	: 3
fpu		: yes
fpu_exception	: yes
cpuid level	: 13
wp		: yes
flags		: fpu vme de pse tsc msr pae mce cx8 apic sep mtrr pge mca cmov pat pse36 clflush dts acpi mmx fxsr sse sse2 ss ht tm pbe syscall nx pdpe1gb rdtscp lm constant_tsc arch_perfmon pebs bts rep_good nopl xtopology nonstop_tsc aperfmperf eagerfpu pni pclmulqdq dtes64 monitor ds_cpl vmx est tm2 ssse3 sdbg fma cx16 xtpr pdcm pcid sse4_1 sse4_2 movbe popcnt tsc_deadline_timer aes xsave avx f16c rdrand lahf_lm abm epb invpcid_single ibrs ibpb stibp kaiser tpr_shadow vnmi flexpriority ept vpid fsgsbase tsc_adjust bmi1 avx2 smep bmi2 erms invpcid xsaveopt dtherm ida arat pln pts
bugs		: cpu_meltdown spectre_v1 spectre_v2 spec_store_bypass
bogomips	: 5188.28
clflush size	: 64
cache_alignment	: 64
address sizes	: 39 bits physical, 48 bits virtual
power management:



Memory: 4k page, physical 8048492k(3692048k free), swap 11998204k(11998204k free)

vm_info: OpenJDK 64-Bit Server VM (25.171-b11) for linux-amd64 JRE (1.8.0_171-8u171-b11-0ubuntu0.16.04.1-b11), built on Apr 27 2018 17:19:03 by "buildd" with gcc 5.4.0 20160609

time: Wed Jun 20 17:39:52 2018
elapsed time: 21 seconds (0d 0h 0m 21s)

